[2026-01-16T04:07:10.835+0100] {taskinstance.py:1157} INFO - Dependencies all met for dep_context=non-requeueable deps ti=<TaskInstance: full_pipeline.load manual__2026-01-16T03:06:57.311972+00:00 [queued]>
[2026-01-16T04:07:10.841+0100] {taskinstance.py:1157} INFO - Dependencies all met for dep_context=requeueable deps ti=<TaskInstance: full_pipeline.load manual__2026-01-16T03:06:57.311972+00:00 [queued]>
[2026-01-16T04:07:10.842+0100] {taskinstance.py:1359} INFO - Starting attempt 1 of 2
[2026-01-16T04:07:10.851+0100] {taskinstance.py:1380} INFO - Executing <Task(PythonOperator): load> on 2026-01-16 03:06:57.311972+00:00
[2026-01-16T04:07:10.854+0100] {standard_task_runner.py:57} INFO - Started process 50769 to run task
[2026-01-16T04:07:10.860+0100] {standard_task_runner.py:84} INFO - Running: ['airflow', 'tasks', 'run', 'full_pipeline', 'load', 'manual__2026-01-16T03:06:57.311972+00:00', '--job-id', '8', '--raw', '--subdir', 'DAGS_FOLDER/cardio_etl_dag.py', '--cfg-path', '/var/folders/_j/5j_ts10j6ss0gt3lr_nx7b340000gn/T/tmpwlep1q5w']
[2026-01-16T04:07:10.863+0100] {standard_task_runner.py:85} INFO - Job 8: Subtask load
[2026-01-16T04:07:10.904+0100] {task_command.py:415} INFO - Running <TaskInstance: full_pipeline.load manual__2026-01-16T03:06:57.311972+00:00 [running]> on host macbook-pro-de-ruben.local
[2026-01-16T04:07:10.952+0100] {taskinstance.py:1660} INFO - Exporting env vars: AIRFLOW_CTX_DAG_OWNER='airflow' AIRFLOW_CTX_DAG_ID='full_pipeline' AIRFLOW_CTX_TASK_ID='load' AIRFLOW_CTX_EXECUTION_DATE='2026-01-16T03:06:57.311972+00:00' AIRFLOW_CTX_TRY_NUMBER='1' AIRFLOW_CTX_DAG_RUN_ID='manual__2026-01-16T03:06:57.311972+00:00'
[2026-01-16T04:07:11.872+0100] {taskinstance.py:1935} ERROR - Task failed with exception
Traceback (most recent call last):
  File "/Users/rubennunez/Documents/Msc_Data_Sciences/DSS/Project/cardio-dss/venv/lib/python3.9/site-packages/airflow/operators/python.py", line 192, in execute
    return_value = self.execute_callable()
  File "/Users/rubennunez/Documents/Msc_Data_Sciences/DSS/Project/cardio-dss/venv/lib/python3.9/site-packages/airflow/operators/python.py", line 209, in execute_callable
    return self.python_callable(*self.op_args, **self.op_kwargs)
  File "/Users/rubennunez/Documents/Msc_Data_Sciences/DSS/Project/cardio-dss/airflow/dags/cardio_etl_dag.py", line 69, in load
    engine = create_engine(DB_URI)
  File "<string>", line 2, in create_engine
  File "/Users/rubennunez/Documents/Msc_Data_Sciences/DSS/Project/cardio-dss/venv/lib/python3.9/site-packages/sqlalchemy/util/deprecations.py", line 375, in warned
    return fn(*args, **kwargs)
  File "/Users/rubennunez/Documents/Msc_Data_Sciences/DSS/Project/cardio-dss/venv/lib/python3.9/site-packages/sqlalchemy/engine/create.py", line 544, in create_engine
    dbapi = dialect_cls.dbapi(**dbapi_args)
  File "/Users/rubennunez/Documents/Msc_Data_Sciences/DSS/Project/cardio-dss/venv/lib/python3.9/site-packages/sqlalchemy/dialects/postgresql/psycopg2.py", line 811, in dbapi
    import psycopg2
ModuleNotFoundError: No module named 'psycopg2'
[2026-01-16T04:07:11.902+0100] {taskinstance.py:1398} INFO - Marking task as UP_FOR_RETRY. dag_id=full_pipeline, task_id=load, execution_date=20260116T030657, start_date=20260116T030710, end_date=20260116T030711
[2026-01-16T04:07:11.915+0100] {standard_task_runner.py:104} ERROR - Failed to execute job 8 for task load (No module named 'psycopg2'; 50769)
[2026-01-16T04:07:11.940+0100] {local_task_job_runner.py:228} INFO - Task exited with return code 1
[2026-01-16T04:07:11.961+0100] {taskinstance.py:2776} INFO - 0 downstream tasks scheduled from follow-on schedule check
