[2026-01-16T03:52:31.339+0100] {manager.py:487} INFO - Processing files using up to 1 processes at a time 
[2026-01-16T03:52:31.339+0100] {manager.py:488} INFO - Process each file at most once every 30 seconds
[2026-01-16T03:52:31.339+0100] {manager.py:489} INFO - Checking for new files in /Users/rubennunez/Documents/Msc_Data_Sciences/DSS/Project/cardio-dss/airflow/dags every 300 seconds
[2026-01-16T03:52:31.339+0100] {manager.py:755} INFO - Searching for files in /Users/rubennunez/Documents/Msc_Data_Sciences/DSS/Project/cardio-dss/airflow/dags
[2026-01-16T03:52:31.364+0100] {manager.py:758} INFO - There are 46 files in /Users/rubennunez/Documents/Msc_Data_Sciences/DSS/Project/cardio-dss/airflow/dags
[2026-01-16T03:53:02.623+0100] {manager.py:887} INFO - 
================================================================================
DAG File Processing Stats

File Path                                                                                                                                                                              PID    Runtime      # DAGs    # Errors  Last Runtime    Last Run
-------------------------------------------------------------------------------------------------------------------------------------------------------------------------------------  -----  ---------  --------  ----------  --------------  -------------------
/Users/rubennunez/Documents/Msc_Data_Sciences/DSS/Project/cardio-dss/venv/lib/python3.9/site-packages/airflow/example_dags/example_latest_only.py                                                               0           0
/Users/rubennunez/Documents/Msc_Data_Sciences/DSS/Project/cardio-dss/venv/lib/python3.9/site-packages/airflow/example_dags/example_local_kubernetes_executor.py                                                 0           0
/Users/rubennunez/Documents/Msc_Data_Sciences/DSS/Project/cardio-dss/venv/lib/python3.9/site-packages/airflow/example_dags/example_task_group_decorator.py                                                      0           0
/Users/rubennunez/Documents/Msc_Data_Sciences/DSS/Project/cardio-dss/venv/lib/python3.9/site-packages/airflow/example_dags/example_complex.py                                                                   0           0
/Users/rubennunez/Documents/Msc_Data_Sciences/DSS/Project/cardio-dss/venv/lib/python3.9/site-packages/airflow/example_dags/example_python_operator.py                                                           0           0
/Users/rubennunez/Documents/Msc_Data_Sciences/DSS/Project/cardio-dss/venv/lib/python3.9/site-packages/airflow/example_dags/tutorial_taskflow_api_virtualenv.py                                                  0           0  1.15s           2026-01-16T02:52:40
/Users/rubennunez/Documents/Msc_Data_Sciences/DSS/Project/cardio-dss/venv/lib/python3.9/site-packages/airflow/example_dags/example_params_trigger_ui.py                                                         0           0
/Users/rubennunez/Documents/Msc_Data_Sciences/DSS/Project/cardio-dss/venv/lib/python3.9/site-packages/airflow/example_dags/example_external_task_marker_dag.py                                                  0           0
/Users/rubennunez/Documents/Msc_Data_Sciences/DSS/Project/cardio-dss/venv/lib/python3.9/site-packages/airflow/example_dags/example_bash_operator.py                                                             0           0
/Users/rubennunez/Documents/Msc_Data_Sciences/DSS/Project/cardio-dss/venv/lib/python3.9/site-packages/airflow/example_dags/example_short_circuit_operator.py                                                    0           0
/Users/rubennunez/Documents/Msc_Data_Sciences/DSS/Project/cardio-dss/venv/lib/python3.9/site-packages/airflow/example_dags/example_setup_teardown.py                                                            0           0
/Users/rubennunez/Documents/Msc_Data_Sciences/DSS/Project/cardio-dss/venv/lib/python3.9/site-packages/airflow/example_dags/example_branch_operator.py                                                           0           0
/Users/rubennunez/Documents/Msc_Data_Sciences/DSS/Project/cardio-dss/venv/lib/python3.9/site-packages/airflow/example_dags/example_branch_labels.py                                                             0           0
/Users/rubennunez/Documents/Msc_Data_Sciences/DSS/Project/cardio-dss/venv/lib/python3.9/site-packages/airflow/example_dags/example_task_group.py                                                                0           0
/Users/rubennunez/Documents/Msc_Data_Sciences/DSS/Project/cardio-dss/venv/lib/python3.9/site-packages/airflow/example_dags/example_sla_dag.py                                                                   0           0
/Users/rubennunez/Documents/Msc_Data_Sciences/DSS/Project/cardio-dss/venv/lib/python3.9/site-packages/airflow/example_dags/example_passing_params_via_test_command.py                                           0           0
/Users/rubennunez/Documents/Msc_Data_Sciences/DSS/Project/cardio-dss/venv/lib/python3.9/site-packages/airflow/example_dags/example_latest_only_with_trigger.py                                                  0           0
/Users/rubennunez/Documents/Msc_Data_Sciences/DSS/Project/cardio-dss/venv/lib/python3.9/site-packages/airflow/example_dags/example_dag_decorator.py                                                             0           0
/Users/rubennunez/Documents/Msc_Data_Sciences/DSS/Project/cardio-dss/venv/lib/python3.9/site-packages/airflow/example_dags/example_branch_operator_decorator.py                                                 0           0
/Users/rubennunez/Documents/Msc_Data_Sciences/DSS/Project/cardio-dss/venv/lib/python3.9/site-packages/airflow/example_dags/example_branch_day_of_week_operator.py                                               0           0
/Users/rubennunez/Documents/Msc_Data_Sciences/DSS/Project/cardio-dss/venv/lib/python3.9/site-packages/airflow/example_dags/example_skip_dag.py                                                                  0           0
/Users/rubennunez/Documents/Msc_Data_Sciences/DSS/Project/cardio-dss/venv/lib/python3.9/site-packages/airflow/example_dags/example_short_circuit_decorator.py                                                   0           0
/Users/rubennunez/Documents/Msc_Data_Sciences/DSS/Project/cardio-dss/venv/lib/python3.9/site-packages/airflow/example_dags/example_datasets.py                                                                  0           0
/Users/rubennunez/Documents/Msc_Data_Sciences/DSS/Project/cardio-dss/venv/lib/python3.9/site-packages/airflow/example_dags/example_sensor_decorator.py                                                          0           0
/Users/rubennunez/Documents/Msc_Data_Sciences/DSS/Project/cardio-dss/venv/lib/python3.9/site-packages/airflow/example_dags/example_kubernetes_executor.py                                                       0           0
/Users/rubennunez/Documents/Msc_Data_Sciences/DSS/Project/cardio-dss/venv/lib/python3.9/site-packages/airflow/example_dags/example_branch_python_dop_operator_3.py                                              0           0
/Users/rubennunez/Documents/Msc_Data_Sciences/DSS/Project/cardio-dss/venv/lib/python3.9/site-packages/airflow/example_dags/example_sensors.py                                                                   0           0
/Users/rubennunez/Documents/Msc_Data_Sciences/DSS/Project/cardio-dss/venv/lib/python3.9/site-packages/airflow/example_dags/example_setup_teardown_taskflow.py                                                   0           0
/Users/rubennunez/Documents/Msc_Data_Sciences/DSS/Project/cardio-dss/venv/lib/python3.9/site-packages/airflow/example_dags/example_branch_datetime_operator.py                                                  0           0
/Users/rubennunez/Documents/Msc_Data_Sciences/DSS/Project/cardio-dss/venv/lib/python3.9/site-packages/airflow/example_dags/example_nested_branch_dag.py                                                         0           0
/Users/rubennunez/Documents/Msc_Data_Sciences/DSS/Project/cardio-dss/venv/lib/python3.9/site-packages/airflow/example_dags/example_subdag_operator.py                                                           0           0
/Users/rubennunez/Documents/Msc_Data_Sciences/DSS/Project/cardio-dss/venv/lib/python3.9/site-packages/airflow/example_dags/example_dynamic_task_mapping_with_no_taskflow_operators.py                           0           0
/Users/rubennunez/Documents/Msc_Data_Sciences/DSS/Project/cardio-dss/venv/lib/python3.9/site-packages/airflow/example_dags/example_params_ui_tutorial.py                                                        0           0
/Users/rubennunez/Documents/Msc_Data_Sciences/DSS/Project/cardio-dss/venv/lib/python3.9/site-packages/airflow/example_dags/example_dynamic_task_mapping.py                                                      0           0
/Users/rubennunez/Documents/Msc_Data_Sciences/DSS/Project/cardio-dss/venv/lib/python3.9/site-packages/airflow/example_dags/plugins/workday.py                                                                   0           0  1.13s           2026-01-16T02:52:34
/Users/rubennunez/Documents/Msc_Data_Sciences/DSS/Project/cardio-dss/venv/lib/python3.9/site-packages/airflow/example_dags/plugins/event_listener.py                                                            0           0  1.12s           2026-01-16T02:52:38
/Users/rubennunez/Documents/Msc_Data_Sciences/DSS/Project/cardio-dss/venv/lib/python3.9/site-packages/airflow/example_dags/plugins/listener_plugin.py                                                           0           0  1.15s           2026-01-16T02:52:36
/Users/rubennunez/Documents/Msc_Data_Sciences/DSS/Project/cardio-dss/venv/lib/python3.9/site-packages/airflow/example_dags/subdags/subdag.py                                                                    0           0  1.18s           2026-01-16T02:52:32
/Users/rubennunez/Documents/Msc_Data_Sciences/DSS/Project/cardio-dss/venv/lib/python3.9/site-packages/airflow/example_dags/tutorial_taskflow_api.py                                                             1           0  1.67s           2026-01-16T02:52:43
/Users/rubennunez/Documents/Msc_Data_Sciences/DSS/Project/cardio-dss/venv/lib/python3.9/site-packages/airflow/example_dags/tutorial.py                                                                          1           0  1.71s           2026-01-16T02:52:48
/Users/rubennunez/Documents/Msc_Data_Sciences/DSS/Project/cardio-dss/venv/lib/python3.9/site-packages/airflow/example_dags/example_time_delta_sensor_async.py                                                   1           0  1.72s           2026-01-16T02:53:02
/Users/rubennunez/Documents/Msc_Data_Sciences/DSS/Project/cardio-dss/venv/lib/python3.9/site-packages/airflow/example_dags/example_xcom.py                                                                      1           0  1.89s           2026-01-16T02:52:54
/Users/rubennunez/Documents/Msc_Data_Sciences/DSS/Project/cardio-dss/venv/lib/python3.9/site-packages/airflow/example_dags/tutorial_dag.py                                                                      1           0  1.67s           2026-01-16T02:52:45
/Users/rubennunez/Documents/Msc_Data_Sciences/DSS/Project/cardio-dss/venv/lib/python3.9/site-packages/airflow/example_dags/example_trigger_target_dag.py                                                        1           0  1.73s           2026-01-16T02:52:57
/Users/rubennunez/Documents/Msc_Data_Sciences/DSS/Project/cardio-dss/venv/lib/python3.9/site-packages/airflow/example_dags/example_trigger_controller_dag.py                                                    1           0  1.65s           2026-01-16T02:52:59
/Users/rubennunez/Documents/Msc_Data_Sciences/DSS/Project/cardio-dss/venv/lib/python3.9/site-packages/airflow/example_dags/example_xcomargs.py                                                                  2           0  1.86s           2026-01-16T02:52:51
================================================================================
[2026-01-16T03:53:34.999+0100] {manager.py:887} INFO - 
================================================================================
DAG File Processing Stats

File Path                                                                                                                                                                              PID    Runtime      # DAGs    # Errors  Last Runtime    Last Run
-------------------------------------------------------------------------------------------------------------------------------------------------------------------------------------  -----  ---------  --------  ----------  --------------  -------------------
/Users/rubennunez/Documents/Msc_Data_Sciences/DSS/Project/cardio-dss/venv/lib/python3.9/site-packages/airflow/example_dags/example_latest_only.py                                                               0           0
/Users/rubennunez/Documents/Msc_Data_Sciences/DSS/Project/cardio-dss/venv/lib/python3.9/site-packages/airflow/example_dags/example_local_kubernetes_executor.py                                                 0           0
/Users/rubennunez/Documents/Msc_Data_Sciences/DSS/Project/cardio-dss/venv/lib/python3.9/site-packages/airflow/example_dags/example_complex.py                                                                   0           0
/Users/rubennunez/Documents/Msc_Data_Sciences/DSS/Project/cardio-dss/venv/lib/python3.9/site-packages/airflow/example_dags/example_python_operator.py                                                           0           0
/Users/rubennunez/Documents/Msc_Data_Sciences/DSS/Project/cardio-dss/venv/lib/python3.9/site-packages/airflow/example_dags/tutorial_taskflow_api_virtualenv.py                                                  0           0  1.15s           2026-01-16T02:52:40
/Users/rubennunez/Documents/Msc_Data_Sciences/DSS/Project/cardio-dss/venv/lib/python3.9/site-packages/airflow/example_dags/example_params_trigger_ui.py                                                         0           0
/Users/rubennunez/Documents/Msc_Data_Sciences/DSS/Project/cardio-dss/venv/lib/python3.9/site-packages/airflow/example_dags/example_external_task_marker_dag.py                                                  0           0
/Users/rubennunez/Documents/Msc_Data_Sciences/DSS/Project/cardio-dss/venv/lib/python3.9/site-packages/airflow/example_dags/example_bash_operator.py                                                             0           0
/Users/rubennunez/Documents/Msc_Data_Sciences/DSS/Project/cardio-dss/venv/lib/python3.9/site-packages/airflow/example_dags/example_branch_operator.py                                                           0           0
/Users/rubennunez/Documents/Msc_Data_Sciences/DSS/Project/cardio-dss/venv/lib/python3.9/site-packages/airflow/example_dags/example_branch_labels.py                                                             0           0
/Users/rubennunez/Documents/Msc_Data_Sciences/DSS/Project/cardio-dss/venv/lib/python3.9/site-packages/airflow/example_dags/example_passing_params_via_test_command.py                                           0           0
/Users/rubennunez/Documents/Msc_Data_Sciences/DSS/Project/cardio-dss/venv/lib/python3.9/site-packages/airflow/example_dags/example_latest_only_with_trigger.py                                                  0           0
/Users/rubennunez/Documents/Msc_Data_Sciences/DSS/Project/cardio-dss/venv/lib/python3.9/site-packages/airflow/example_dags/example_dag_decorator.py                                                             0           0
/Users/rubennunez/Documents/Msc_Data_Sciences/DSS/Project/cardio-dss/venv/lib/python3.9/site-packages/airflow/example_dags/example_branch_operator_decorator.py                                                 0           0
/Users/rubennunez/Documents/Msc_Data_Sciences/DSS/Project/cardio-dss/venv/lib/python3.9/site-packages/airflow/example_dags/example_branch_day_of_week_operator.py                                               0           0
/Users/rubennunez/Documents/Msc_Data_Sciences/DSS/Project/cardio-dss/venv/lib/python3.9/site-packages/airflow/example_dags/example_datasets.py                                                                  0           0
/Users/rubennunez/Documents/Msc_Data_Sciences/DSS/Project/cardio-dss/venv/lib/python3.9/site-packages/airflow/example_dags/example_kubernetes_executor.py                                                       0           0
/Users/rubennunez/Documents/Msc_Data_Sciences/DSS/Project/cardio-dss/venv/lib/python3.9/site-packages/airflow/example_dags/example_branch_python_dop_operator_3.py                                              0           0
/Users/rubennunez/Documents/Msc_Data_Sciences/DSS/Project/cardio-dss/venv/lib/python3.9/site-packages/airflow/example_dags/example_branch_datetime_operator.py                                                  0           0
/Users/rubennunez/Documents/Msc_Data_Sciences/DSS/Project/cardio-dss/venv/lib/python3.9/site-packages/airflow/example_dags/example_nested_branch_dag.py                                                         0           0
/Users/rubennunez/Documents/Msc_Data_Sciences/DSS/Project/cardio-dss/venv/lib/python3.9/site-packages/airflow/example_dags/example_dynamic_task_mapping_with_no_taskflow_operators.py                           0           0
/Users/rubennunez/Documents/Msc_Data_Sciences/DSS/Project/cardio-dss/venv/lib/python3.9/site-packages/airflow/example_dags/example_params_ui_tutorial.py                                                        0           0
/Users/rubennunez/Documents/Msc_Data_Sciences/DSS/Project/cardio-dss/venv/lib/python3.9/site-packages/airflow/example_dags/example_dynamic_task_mapping.py                                                      0           0
/Users/rubennunez/Documents/Msc_Data_Sciences/DSS/Project/cardio-dss/venv/lib/python3.9/site-packages/airflow/example_dags/plugins/workday.py                                                                   0           0  1.13s           2026-01-16T02:52:34
/Users/rubennunez/Documents/Msc_Data_Sciences/DSS/Project/cardio-dss/venv/lib/python3.9/site-packages/airflow/example_dags/plugins/event_listener.py                                                            0           0  1.12s           2026-01-16T02:52:38
/Users/rubennunez/Documents/Msc_Data_Sciences/DSS/Project/cardio-dss/venv/lib/python3.9/site-packages/airflow/example_dags/plugins/listener_plugin.py                                                           0           0  1.15s           2026-01-16T02:52:36
/Users/rubennunez/Documents/Msc_Data_Sciences/DSS/Project/cardio-dss/venv/lib/python3.9/site-packages/airflow/example_dags/subdags/subdag.py                                                                    0           0  1.18s           2026-01-16T02:52:32
/Users/rubennunez/Documents/Msc_Data_Sciences/DSS/Project/cardio-dss/venv/lib/python3.9/site-packages/airflow/example_dags/example_task_group_decorator.py                                                      1           0  1.72s           2026-01-16T02:53:05
/Users/rubennunez/Documents/Msc_Data_Sciences/DSS/Project/cardio-dss/venv/lib/python3.9/site-packages/airflow/example_dags/example_short_circuit_operator.py                                                    1           0  1.71s           2026-01-16T02:53:19
/Users/rubennunez/Documents/Msc_Data_Sciences/DSS/Project/cardio-dss/venv/lib/python3.9/site-packages/airflow/example_dags/example_setup_teardown.py                                                            1           0  1.81s           2026-01-16T02:53:29
/Users/rubennunez/Documents/Msc_Data_Sciences/DSS/Project/cardio-dss/venv/lib/python3.9/site-packages/airflow/example_dags/tutorial_taskflow_api.py                                                             1           0  1.67s           2026-01-16T02:52:43
/Users/rubennunez/Documents/Msc_Data_Sciences/DSS/Project/cardio-dss/venv/lib/python3.9/site-packages/airflow/example_dags/example_task_group.py                                                                1           0  1.70s           2026-01-16T02:53:08
/Users/rubennunez/Documents/Msc_Data_Sciences/DSS/Project/cardio-dss/venv/lib/python3.9/site-packages/airflow/example_dags/tutorial.py                                                                          1           0  1.71s           2026-01-16T02:52:48
/Users/rubennunez/Documents/Msc_Data_Sciences/DSS/Project/cardio-dss/venv/lib/python3.9/site-packages/airflow/example_dags/example_sla_dag.py                                                                   1           0  2.06s           2026-01-16T02:53:14
/Users/rubennunez/Documents/Msc_Data_Sciences/DSS/Project/cardio-dss/venv/lib/python3.9/site-packages/airflow/example_dags/example_time_delta_sensor_async.py                                                   1           0  1.72s           2026-01-16T02:53:02
/Users/rubennunez/Documents/Msc_Data_Sciences/DSS/Project/cardio-dss/venv/lib/python3.9/site-packages/airflow/example_dags/example_xcom.py                                                                      1           0  1.89s           2026-01-16T02:52:54
/Users/rubennunez/Documents/Msc_Data_Sciences/DSS/Project/cardio-dss/venv/lib/python3.9/site-packages/airflow/example_dags/example_skip_dag.py                                                                  1           0  1.71s           2026-01-16T02:53:17
/Users/rubennunez/Documents/Msc_Data_Sciences/DSS/Project/cardio-dss/venv/lib/python3.9/site-packages/airflow/example_dags/example_short_circuit_decorator.py                                                   1           0  2.85s           2026-01-16T02:53:23
/Users/rubennunez/Documents/Msc_Data_Sciences/DSS/Project/cardio-dss/venv/lib/python3.9/site-packages/airflow/example_dags/tutorial_dag.py                                                                      1           0  1.67s           2026-01-16T02:52:45
/Users/rubennunez/Documents/Msc_Data_Sciences/DSS/Project/cardio-dss/venv/lib/python3.9/site-packages/airflow/example_dags/example_trigger_target_dag.py                                                        1           0  1.73s           2026-01-16T02:52:57
/Users/rubennunez/Documents/Msc_Data_Sciences/DSS/Project/cardio-dss/venv/lib/python3.9/site-packages/airflow/example_dags/example_sensor_decorator.py                                                          1           0  1.74s           2026-01-16T02:53:34
/Users/rubennunez/Documents/Msc_Data_Sciences/DSS/Project/cardio-dss/venv/lib/python3.9/site-packages/airflow/example_dags/example_sensors.py                                                                   1           0  1.93s           2026-01-16T02:53:32
/Users/rubennunez/Documents/Msc_Data_Sciences/DSS/Project/cardio-dss/venv/lib/python3.9/site-packages/airflow/example_dags/example_setup_teardown_taskflow.py                                                   1           0  2.67s           2026-01-16T02:53:26
/Users/rubennunez/Documents/Msc_Data_Sciences/DSS/Project/cardio-dss/venv/lib/python3.9/site-packages/airflow/example_dags/example_trigger_controller_dag.py                                                    1           0  1.65s           2026-01-16T02:52:59
/Users/rubennunez/Documents/Msc_Data_Sciences/DSS/Project/cardio-dss/venv/lib/python3.9/site-packages/airflow/example_dags/example_xcomargs.py                                                                  2           0  1.86s           2026-01-16T02:52:51
/Users/rubennunez/Documents/Msc_Data_Sciences/DSS/Project/cardio-dss/venv/lib/python3.9/site-packages/airflow/example_dags/example_subdag_operator.py                                                           3           0  2.00s           2026-01-16T02:53:11
================================================================================
[2026-01-16T03:54:05.223+0100] {manager.py:887} INFO - 
================================================================================
DAG File Processing Stats

File Path                                                                                                                                                                              PID    Runtime      # DAGs    # Errors  Last Runtime    Last Run
-------------------------------------------------------------------------------------------------------------------------------------------------------------------------------------  -----  ---------  --------  ----------  --------------  -------------------
/Users/rubennunez/Documents/Msc_Data_Sciences/DSS/Project/cardio-dss/venv/lib/python3.9/site-packages/airflow/example_dags/example_local_kubernetes_executor.py                                                 0           0  1.52s           2026-01-16T02:53:52
/Users/rubennunez/Documents/Msc_Data_Sciences/DSS/Project/cardio-dss/venv/lib/python3.9/site-packages/airflow/example_dags/example_complex.py                                                                   0           0
/Users/rubennunez/Documents/Msc_Data_Sciences/DSS/Project/cardio-dss/venv/lib/python3.9/site-packages/airflow/example_dags/tutorial_taskflow_api_virtualenv.py                                                  0           0  1.15s           2026-01-16T02:52:40
/Users/rubennunez/Documents/Msc_Data_Sciences/DSS/Project/cardio-dss/venv/lib/python3.9/site-packages/airflow/example_dags/example_bash_operator.py                                                             0           0
/Users/rubennunez/Documents/Msc_Data_Sciences/DSS/Project/cardio-dss/venv/lib/python3.9/site-packages/airflow/example_dags/example_branch_operator.py                                                           0           0
/Users/rubennunez/Documents/Msc_Data_Sciences/DSS/Project/cardio-dss/venv/lib/python3.9/site-packages/airflow/example_dags/example_branch_labels.py                                                             0           0
/Users/rubennunez/Documents/Msc_Data_Sciences/DSS/Project/cardio-dss/venv/lib/python3.9/site-packages/airflow/example_dags/example_dag_decorator.py                                                             0           0
/Users/rubennunez/Documents/Msc_Data_Sciences/DSS/Project/cardio-dss/venv/lib/python3.9/site-packages/airflow/example_dags/example_branch_operator_decorator.py                                                 0           0
/Users/rubennunez/Documents/Msc_Data_Sciences/DSS/Project/cardio-dss/venv/lib/python3.9/site-packages/airflow/example_dags/example_branch_day_of_week_operator.py                                               0           0
/Users/rubennunez/Documents/Msc_Data_Sciences/DSS/Project/cardio-dss/venv/lib/python3.9/site-packages/airflow/example_dags/example_datasets.py                                                                  0           0
/Users/rubennunez/Documents/Msc_Data_Sciences/DSS/Project/cardio-dss/venv/lib/python3.9/site-packages/airflow/example_dags/example_kubernetes_executor.py                                                       0           0  1.44s           2026-01-16T02:54:01
/Users/rubennunez/Documents/Msc_Data_Sciences/DSS/Project/cardio-dss/venv/lib/python3.9/site-packages/airflow/example_dags/example_branch_python_dop_operator_3.py                                              0           0
/Users/rubennunez/Documents/Msc_Data_Sciences/DSS/Project/cardio-dss/venv/lib/python3.9/site-packages/airflow/example_dags/example_branch_datetime_operator.py                                                  0           0
/Users/rubennunez/Documents/Msc_Data_Sciences/DSS/Project/cardio-dss/venv/lib/python3.9/site-packages/airflow/example_dags/example_dynamic_task_mapping_with_no_taskflow_operators.py                           0           0
/Users/rubennunez/Documents/Msc_Data_Sciences/DSS/Project/cardio-dss/venv/lib/python3.9/site-packages/airflow/example_dags/example_dynamic_task_mapping.py                                                      0           0
/Users/rubennunez/Documents/Msc_Data_Sciences/DSS/Project/cardio-dss/venv/lib/python3.9/site-packages/airflow/example_dags/plugins/workday.py                                                                   0           0  1.13s           2026-01-16T02:52:34
/Users/rubennunez/Documents/Msc_Data_Sciences/DSS/Project/cardio-dss/venv/lib/python3.9/site-packages/airflow/example_dags/plugins/event_listener.py                                                            0           0  1.12s           2026-01-16T02:52:38
/Users/rubennunez/Documents/Msc_Data_Sciences/DSS/Project/cardio-dss/venv/lib/python3.9/site-packages/airflow/example_dags/plugins/listener_plugin.py                                                           0           0  1.15s           2026-01-16T02:52:36
/Users/rubennunez/Documents/Msc_Data_Sciences/DSS/Project/cardio-dss/venv/lib/python3.9/site-packages/airflow/example_dags/subdags/subdag.py                                                                    0           0  1.18s           2026-01-16T02:52:32
/Users/rubennunez/Documents/Msc_Data_Sciences/DSS/Project/cardio-dss/venv/lib/python3.9/site-packages/airflow/example_dags/example_latest_only.py                                                               1           0  2.60s           2026-01-16T02:53:59
/Users/rubennunez/Documents/Msc_Data_Sciences/DSS/Project/cardio-dss/venv/lib/python3.9/site-packages/airflow/example_dags/example_task_group_decorator.py                                                      1           0  1.72s           2026-01-16T02:53:05
/Users/rubennunez/Documents/Msc_Data_Sciences/DSS/Project/cardio-dss/venv/lib/python3.9/site-packages/airflow/example_dags/example_python_operator.py                                                           1           0  1.74s           2026-01-16T02:53:37
/Users/rubennunez/Documents/Msc_Data_Sciences/DSS/Project/cardio-dss/venv/lib/python3.9/site-packages/airflow/example_dags/example_params_trigger_ui.py                                                         1           0  2.06s           2026-01-16T02:53:47
/Users/rubennunez/Documents/Msc_Data_Sciences/DSS/Project/cardio-dss/venv/lib/python3.9/site-packages/airflow/example_dags/example_short_circuit_operator.py                                                    1           0  1.71s           2026-01-16T02:53:19
/Users/rubennunez/Documents/Msc_Data_Sciences/DSS/Project/cardio-dss/venv/lib/python3.9/site-packages/airflow/example_dags/example_setup_teardown.py                                                            1           0  1.81s           2026-01-16T02:53:29
/Users/rubennunez/Documents/Msc_Data_Sciences/DSS/Project/cardio-dss/venv/lib/python3.9/site-packages/airflow/example_dags/tutorial_taskflow_api.py                                                             1           0  1.67s           2026-01-16T02:52:43
/Users/rubennunez/Documents/Msc_Data_Sciences/DSS/Project/cardio-dss/venv/lib/python3.9/site-packages/airflow/example_dags/example_task_group.py                                                                1           0  1.70s           2026-01-16T02:53:08
/Users/rubennunez/Documents/Msc_Data_Sciences/DSS/Project/cardio-dss/venv/lib/python3.9/site-packages/airflow/example_dags/tutorial.py                                                                          1           0  1.71s           2026-01-16T02:52:48
/Users/rubennunez/Documents/Msc_Data_Sciences/DSS/Project/cardio-dss/venv/lib/python3.9/site-packages/airflow/example_dags/example_sla_dag.py                                                                   1           0  2.06s           2026-01-16T02:53:14
/Users/rubennunez/Documents/Msc_Data_Sciences/DSS/Project/cardio-dss/venv/lib/python3.9/site-packages/airflow/example_dags/example_passing_params_via_test_command.py                                           1           0  2.09s           2026-01-16T02:53:40
/Users/rubennunez/Documents/Msc_Data_Sciences/DSS/Project/cardio-dss/venv/lib/python3.9/site-packages/airflow/example_dags/example_latest_only_with_trigger.py                                                  1           0  2.13s           2026-01-16T02:53:56
/Users/rubennunez/Documents/Msc_Data_Sciences/DSS/Project/cardio-dss/venv/lib/python3.9/site-packages/airflow/example_dags/example_time_delta_sensor_async.py                                                   1           0  1.72s           2026-01-16T02:53:02
/Users/rubennunez/Documents/Msc_Data_Sciences/DSS/Project/cardio-dss/venv/lib/python3.9/site-packages/airflow/example_dags/example_xcom.py                                                                      1           0  1.89s           2026-01-16T02:52:54
/Users/rubennunez/Documents/Msc_Data_Sciences/DSS/Project/cardio-dss/venv/lib/python3.9/site-packages/airflow/example_dags/example_skip_dag.py                                                                  1           0  1.71s           2026-01-16T02:53:17
/Users/rubennunez/Documents/Msc_Data_Sciences/DSS/Project/cardio-dss/venv/lib/python3.9/site-packages/airflow/example_dags/example_short_circuit_decorator.py                                                   1           0  2.85s           2026-01-16T02:53:23
/Users/rubennunez/Documents/Msc_Data_Sciences/DSS/Project/cardio-dss/venv/lib/python3.9/site-packages/airflow/example_dags/tutorial_dag.py                                                                      1           0  1.67s           2026-01-16T02:52:45
/Users/rubennunez/Documents/Msc_Data_Sciences/DSS/Project/cardio-dss/venv/lib/python3.9/site-packages/airflow/example_dags/example_trigger_target_dag.py                                                        1           0  1.73s           2026-01-16T02:52:57
/Users/rubennunez/Documents/Msc_Data_Sciences/DSS/Project/cardio-dss/venv/lib/python3.9/site-packages/airflow/example_dags/example_sensor_decorator.py                                                          1           0  1.74s           2026-01-16T02:53:34
/Users/rubennunez/Documents/Msc_Data_Sciences/DSS/Project/cardio-dss/venv/lib/python3.9/site-packages/airflow/example_dags/example_sensors.py                                                                   1           0  1.93s           2026-01-16T02:53:32
/Users/rubennunez/Documents/Msc_Data_Sciences/DSS/Project/cardio-dss/venv/lib/python3.9/site-packages/airflow/example_dags/example_setup_teardown_taskflow.py                                                   1           0  2.67s           2026-01-16T02:53:26
/Users/rubennunez/Documents/Msc_Data_Sciences/DSS/Project/cardio-dss/venv/lib/python3.9/site-packages/airflow/example_dags/example_nested_branch_dag.py                                                         1           0  2.53s           2026-01-16T02:53:50
/Users/rubennunez/Documents/Msc_Data_Sciences/DSS/Project/cardio-dss/venv/lib/python3.9/site-packages/airflow/example_dags/example_trigger_controller_dag.py                                                    1           0  1.65s           2026-01-16T02:52:59
/Users/rubennunez/Documents/Msc_Data_Sciences/DSS/Project/cardio-dss/venv/lib/python3.9/site-packages/airflow/example_dags/example_params_ui_tutorial.py                                                        1           0  2.24s           2026-01-16T02:53:44
/Users/rubennunez/Documents/Msc_Data_Sciences/DSS/Project/cardio-dss/venv/lib/python3.9/site-packages/airflow/example_dags/example_external_task_marker_dag.py                                                  2           0  2.32s           2026-01-16T02:54:05
/Users/rubennunez/Documents/Msc_Data_Sciences/DSS/Project/cardio-dss/venv/lib/python3.9/site-packages/airflow/example_dags/example_xcomargs.py                                                                  2           0  1.86s           2026-01-16T02:52:51
/Users/rubennunez/Documents/Msc_Data_Sciences/DSS/Project/cardio-dss/venv/lib/python3.9/site-packages/airflow/example_dags/example_subdag_operator.py                                                           3           0  2.00s           2026-01-16T02:53:11
================================================================================
[2026-01-16T03:54:12.307+0100] {manager.py:469} INFO - Exiting gracefully upon receiving signal 15
[2026-01-16T03:54:18.895+0100] {manager.py:487} INFO - Processing files using up to 1 processes at a time 
[2026-01-16T03:54:18.895+0100] {manager.py:488} INFO - Process each file at most once every 30 seconds
[2026-01-16T03:54:18.895+0100] {manager.py:489} INFO - Checking for new files in /Users/rubennunez/Documents/Msc_Data_Sciences/DSS/Project/cardio-dss/airflow/dags every 300 seconds
[2026-01-16T03:54:18.895+0100] {manager.py:755} INFO - Searching for files in /Users/rubennunez/Documents/Msc_Data_Sciences/DSS/Project/cardio-dss/airflow/dags
[2026-01-16T03:54:18.895+0100] {manager.py:758} INFO - There are 0 files in /Users/rubennunez/Documents/Msc_Data_Sciences/DSS/Project/cardio-dss/airflow/dags
[2026-01-16T03:55:52.878+0100] {manager.py:469} INFO - Exiting gracefully upon receiving signal 15
[2026-01-16T03:55:59.729+0100] {manager.py:487} INFO - Processing files using up to 1 processes at a time 
[2026-01-16T03:55:59.729+0100] {manager.py:488} INFO - Process each file at most once every 30 seconds
[2026-01-16T03:55:59.730+0100] {manager.py:489} INFO - Checking for new files in /Users/rubennunez/Documents/Msc_Data_Sciences/DSS/Project/cardio-dss/airflow/dags every 300 seconds
[2026-01-16T03:55:59.730+0100] {manager.py:755} INFO - Searching for files in /Users/rubennunez/Documents/Msc_Data_Sciences/DSS/Project/cardio-dss/airflow/dags
[2026-01-16T03:55:59.730+0100] {manager.py:758} INFO - There are 1 files in /Users/rubennunez/Documents/Msc_Data_Sciences/DSS/Project/cardio-dss/airflow/dags
[2026-01-16T03:56:28.726+0100] {manager.py:887} INFO - 
================================================================================
DAG File Processing Stats

File Path                                                                                            PID    Runtime      # DAGs    # Errors  Last Runtime    Last Run
---------------------------------------------------------------------------------------------------  -----  ---------  --------  ----------  --------------  -------------------
/Users/rubennunez/Documents/Msc_Data_Sciences/DSS/Project/cardio-dss/airflow/dags/cardio_etl_dag.py                           0           1  1.23s           2026-01-16T02:56:01
================================================================================
[2026-01-16T03:56:58.800+0100] {manager.py:887} INFO - 
================================================================================
DAG File Processing Stats

File Path                                                                                            PID    Runtime      # DAGs    # Errors  Last Runtime    Last Run
---------------------------------------------------------------------------------------------------  -----  ---------  --------  ----------  --------------  -------------------
/Users/rubennunez/Documents/Msc_Data_Sciences/DSS/Project/cardio-dss/airflow/dags/cardio_etl_dag.py                           0           1  4.28s           2026-01-16T02:56:36
================================================================================
[2026-01-16T03:57:28.877+0100] {manager.py:887} INFO - 
================================================================================
DAG File Processing Stats

File Path                                                                                            PID    Runtime      # DAGs    # Errors  Last Runtime    Last Run
---------------------------------------------------------------------------------------------------  -----  ---------  --------  ----------  --------------  -------------------
/Users/rubennunez/Documents/Msc_Data_Sciences/DSS/Project/cardio-dss/airflow/dags/cardio_etl_dag.py                           0           1  1.54s           2026-01-16T02:57:08
================================================================================
[2026-01-16T03:57:58.953+0100] {manager.py:887} INFO - 
================================================================================
DAG File Processing Stats

File Path                                                                                            PID    Runtime      # DAGs    # Errors  Last Runtime    Last Run
---------------------------------------------------------------------------------------------------  -----  ---------  --------  ----------  --------------  -------------------
/Users/rubennunez/Documents/Msc_Data_Sciences/DSS/Project/cardio-dss/airflow/dags/cardio_etl_dag.py                           0           1  1.20s           2026-01-16T02:57:39
================================================================================
[2026-01-16T03:58:29.039+0100] {manager.py:887} INFO - 
================================================================================
DAG File Processing Stats

File Path                                                                                            PID    Runtime      # DAGs    # Errors  Last Runtime    Last Run
---------------------------------------------------------------------------------------------------  -----  ---------  --------  ----------  --------------  -------------------
/Users/rubennunez/Documents/Msc_Data_Sciences/DSS/Project/cardio-dss/airflow/dags/cardio_etl_dag.py                           0           1  1.49s           2026-01-16T02:58:11
================================================================================
[2026-01-16T03:58:59.119+0100] {manager.py:887} INFO - 
================================================================================
DAG File Processing Stats

File Path                                                                                            PID    Runtime      # DAGs    # Errors  Last Runtime    Last Run
---------------------------------------------------------------------------------------------------  -----  ---------  --------  ----------  --------------  -------------------
/Users/rubennunez/Documents/Msc_Data_Sciences/DSS/Project/cardio-dss/airflow/dags/cardio_etl_dag.py                           0           1  1.24s           2026-01-16T02:58:42
================================================================================
[2026-01-16T03:59:29.199+0100] {manager.py:887} INFO - 
================================================================================
DAG File Processing Stats

File Path                                                                                            PID    Runtime      # DAGs    # Errors  Last Runtime    Last Run
---------------------------------------------------------------------------------------------------  -----  ---------  --------  ----------  --------------  -------------------
/Users/rubennunez/Documents/Msc_Data_Sciences/DSS/Project/cardio-dss/airflow/dags/cardio_etl_dag.py                           0           1  1.30s           2026-01-16T02:59:14
================================================================================
[2026-01-16T03:59:59.819+0100] {manager.py:887} INFO - 
================================================================================
DAG File Processing Stats

File Path                                                                                            PID    Runtime      # DAGs    # Errors  Last Runtime    Last Run
---------------------------------------------------------------------------------------------------  -----  ---------  --------  ----------  --------------  -------------------
/Users/rubennunez/Documents/Msc_Data_Sciences/DSS/Project/cardio-dss/airflow/dags/cardio_etl_dag.py                           0           1  1.23s           2026-01-16T02:59:45
================================================================================
[2026-01-16T04:00:30.139+0100] {manager.py:887} INFO - 
================================================================================
DAG File Processing Stats

File Path                                                                                            PID    Runtime      # DAGs    # Errors  Last Runtime    Last Run
---------------------------------------------------------------------------------------------------  -----  ---------  --------  ----------  --------------  -------------------
/Users/rubennunez/Documents/Msc_Data_Sciences/DSS/Project/cardio-dss/airflow/dags/cardio_etl_dag.py                           0           1  1.36s           2026-01-16T03:00:16
================================================================================
[2026-01-16T04:00:59.858+0100] {manager.py:755} INFO - Searching for files in /Users/rubennunez/Documents/Msc_Data_Sciences/DSS/Project/cardio-dss/airflow/dags
[2026-01-16T04:00:59.860+0100] {manager.py:758} INFO - There are 1 files in /Users/rubennunez/Documents/Msc_Data_Sciences/DSS/Project/cardio-dss/airflow/dags
[2026-01-16T04:01:00.908+0100] {manager.py:887} INFO - 
================================================================================
DAG File Processing Stats

File Path                                                                                            PID    Runtime      # DAGs    # Errors  Last Runtime    Last Run
---------------------------------------------------------------------------------------------------  -----  ---------  --------  ----------  --------------  -------------------
/Users/rubennunez/Documents/Msc_Data_Sciences/DSS/Project/cardio-dss/airflow/dags/cardio_etl_dag.py                           0           1  1.43s           2026-01-16T03:00:48
================================================================================
[2026-01-16T04:01:31.038+0100] {manager.py:887} INFO - 
================================================================================
DAG File Processing Stats

File Path                                                                                            PID    Runtime      # DAGs    # Errors  Last Runtime    Last Run
---------------------------------------------------------------------------------------------------  -----  ---------  --------  ----------  --------------  -------------------
/Users/rubennunez/Documents/Msc_Data_Sciences/DSS/Project/cardio-dss/airflow/dags/cardio_etl_dag.py                           0           1  1.36s           2026-01-16T03:01:19
================================================================================
[2026-01-16T04:02:01.335+0100] {manager.py:887} INFO - 
================================================================================
DAG File Processing Stats

File Path                                                                                            PID    Runtime      # DAGs    # Errors  Last Runtime    Last Run
---------------------------------------------------------------------------------------------------  -----  ---------  --------  ----------  --------------  -------------------
/Users/rubennunez/Documents/Msc_Data_Sciences/DSS/Project/cardio-dss/airflow/dags/cardio_etl_dag.py                           0           1  1.31s           2026-01-16T03:01:51
================================================================================
[2026-01-16T04:02:31.929+0100] {manager.py:887} INFO - 
================================================================================
DAG File Processing Stats

File Path                                                                                            PID    Runtime      # DAGs    # Errors  Last Runtime    Last Run
---------------------------------------------------------------------------------------------------  -----  ---------  --------  ----------  --------------  -------------------
/Users/rubennunez/Documents/Msc_Data_Sciences/DSS/Project/cardio-dss/airflow/dags/cardio_etl_dag.py                           0           1  1.35s           2026-01-16T03:02:22
================================================================================
[2026-01-16T04:03:02.270+0100] {manager.py:887} INFO - 
================================================================================
DAG File Processing Stats

File Path                                                                                            PID    Runtime      # DAGs    # Errors  Last Runtime    Last Run
---------------------------------------------------------------------------------------------------  -----  ---------  --------  ----------  --------------  -------------------
/Users/rubennunez/Documents/Msc_Data_Sciences/DSS/Project/cardio-dss/airflow/dags/cardio_etl_dag.py                           0           1  1.29s           2026-01-16T03:02:54
================================================================================
[2026-01-16T04:03:32.747+0100] {manager.py:887} INFO - 
================================================================================
DAG File Processing Stats

File Path                                                                                            PID    Runtime      # DAGs    # Errors  Last Runtime    Last Run
---------------------------------------------------------------------------------------------------  -----  ---------  --------  ----------  --------------  -------------------
/Users/rubennunez/Documents/Msc_Data_Sciences/DSS/Project/cardio-dss/airflow/dags/cardio_etl_dag.py                           0           1  1.41s           2026-01-16T03:03:25
================================================================================
[2026-01-16T04:04:03.117+0100] {manager.py:887} INFO - 
================================================================================
DAG File Processing Stats

File Path                                                                                            PID    Runtime      # DAGs    # Errors  Last Runtime    Last Run
---------------------------------------------------------------------------------------------------  -----  ---------  --------  ----------  --------------  -------------------
/Users/rubennunez/Documents/Msc_Data_Sciences/DSS/Project/cardio-dss/airflow/dags/cardio_etl_dag.py                           0           1  2.55s           2026-01-16T03:03:58
================================================================================
[2026-01-16T04:04:34.031+0100] {manager.py:887} INFO - 
================================================================================
DAG File Processing Stats

File Path                                                                                            PID    Runtime      # DAGs    # Errors  Last Runtime    Last Run
---------------------------------------------------------------------------------------------------  -----  ---------  --------  ----------  --------------  -------------------
/Users/rubennunez/Documents/Msc_Data_Sciences/DSS/Project/cardio-dss/airflow/dags/cardio_etl_dag.py                           0           1  3.53s           2026-01-16T03:04:31
================================================================================
[2026-01-16T04:05:04.351+0100] {manager.py:887} INFO - 
================================================================================
DAG File Processing Stats

File Path                                                                                            PID    Runtime      # DAGs    # Errors  Last Runtime    Last Run
---------------------------------------------------------------------------------------------------  -----  ---------  --------  ----------  --------------  -------------------
/Users/rubennunez/Documents/Msc_Data_Sciences/DSS/Project/cardio-dss/airflow/dags/cardio_etl_dag.py                           0           1  2.32s           2026-01-16T03:05:04
================================================================================
[2026-01-16T04:05:05.892+0100] {manager.py:469} INFO - Exiting gracefully upon receiving signal 15
[2026-01-16T04:05:12.404+0100] {manager.py:487} INFO - Processing files using up to 1 processes at a time 
[2026-01-16T04:05:12.404+0100] {manager.py:488} INFO - Process each file at most once every 30 seconds
[2026-01-16T04:05:12.404+0100] {manager.py:489} INFO - Checking for new files in /Users/rubennunez/Documents/Msc_Data_Sciences/DSS/Project/cardio-dss/airflow/dags every 300 seconds
[2026-01-16T04:05:12.404+0100] {manager.py:759} INFO - Searching for files in /Users/rubennunez/Documents/Msc_Data_Sciences/DSS/Project/cardio-dss/airflow/dags
[2026-01-16T04:05:12.405+0100] {manager.py:762} INFO - There are 1 files in /Users/rubennunez/Documents/Msc_Data_Sciences/DSS/Project/cardio-dss/airflow/dags
[2026-01-16T04:05:41.108+0100] {manager.py:893} INFO - 
================================================================================
DAG File Processing Stats

File Path                                                                                            PID    Runtime      # DAGs    # Errors  Last Runtime    Last Run
---------------------------------------------------------------------------------------------------  -----  ---------  --------  ----------  --------------  -------------------
/Users/rubennunez/Documents/Msc_Data_Sciences/DSS/Project/cardio-dss/airflow/dags/cardio_etl_dag.py                           0           1  2.38s           2026-01-16T03:05:14
================================================================================
[2026-01-16T04:06:12.060+0100] {manager.py:469} INFO - Exiting gracefully upon receiving signal 15
[2026-01-16T04:06:36.453+0100] {manager.py:487} INFO - Processing files using up to 1 processes at a time 
[2026-01-16T04:06:36.453+0100] {manager.py:488} INFO - Process each file at most once every 30 seconds
[2026-01-16T04:06:36.454+0100] {manager.py:489} INFO - Checking for new files in /Users/rubennunez/Documents/Msc_Data_Sciences/DSS/Project/cardio-dss/airflow/dags every 300 seconds
[2026-01-16T04:06:36.454+0100] {manager.py:759} INFO - Searching for files in /Users/rubennunez/Documents/Msc_Data_Sciences/DSS/Project/cardio-dss/airflow/dags
[2026-01-16T04:06:36.455+0100] {manager.py:762} INFO - There are 1 files in /Users/rubennunez/Documents/Msc_Data_Sciences/DSS/Project/cardio-dss/airflow/dags
[2026-01-16T04:07:08.396+0100] {manager.py:893} INFO - 
================================================================================
DAG File Processing Stats

File Path                                                                                            PID    Runtime      # DAGs    # Errors  Last Runtime    Last Run
---------------------------------------------------------------------------------------------------  -----  ---------  --------  ----------  --------------  -------------------
/Users/rubennunez/Documents/Msc_Data_Sciences/DSS/Project/cardio-dss/airflow/dags/cardio_etl_dag.py                           1           0  3.10s           2026-01-16T03:06:39
================================================================================
[2026-01-16T04:07:38.441+0100] {manager.py:893} INFO - 
================================================================================
DAG File Processing Stats

File Path                                                                                            PID    Runtime      # DAGs    # Errors  Last Runtime    Last Run
---------------------------------------------------------------------------------------------------  -----  ---------  --------  ----------  --------------  -------------------
/Users/rubennunez/Documents/Msc_Data_Sciences/DSS/Project/cardio-dss/airflow/dags/cardio_etl_dag.py                           1           0  2.52s           2026-01-16T03:07:14
================================================================================
[2026-01-16T04:08:08.540+0100] {manager.py:893} INFO - 
================================================================================
DAG File Processing Stats

File Path                                                                                            PID    Runtime      # DAGs    # Errors  Last Runtime    Last Run
---------------------------------------------------------------------------------------------------  -----  ---------  --------  ----------  --------------  -------------------
/Users/rubennunez/Documents/Msc_Data_Sciences/DSS/Project/cardio-dss/airflow/dags/cardio_etl_dag.py                           1           0  2.75s           2026-01-16T03:07:47
================================================================================
[2026-01-16T04:08:38.639+0100] {manager.py:893} INFO - 
================================================================================
DAG File Processing Stats

File Path                                                                                            PID    Runtime      # DAGs    # Errors  Last Runtime    Last Run
---------------------------------------------------------------------------------------------------  -----  ---------  --------  ----------  --------------  -------------------
/Users/rubennunez/Documents/Msc_Data_Sciences/DSS/Project/cardio-dss/airflow/dags/cardio_etl_dag.py                           1           0  3.26s           2026-01-16T03:08:21
================================================================================
[2026-01-16T04:09:08.773+0100] {manager.py:893} INFO - 
================================================================================
DAG File Processing Stats

File Path                                                                                            PID    Runtime      # DAGs    # Errors  Last Runtime    Last Run
---------------------------------------------------------------------------------------------------  -----  ---------  --------  ----------  --------------  -------------------
/Users/rubennunez/Documents/Msc_Data_Sciences/DSS/Project/cardio-dss/airflow/dags/cardio_etl_dag.py                           1           0  2.68s           2026-01-16T03:08:54
================================================================================
[2026-01-16T04:09:39.209+0100] {manager.py:893} INFO - 
================================================================================
DAG File Processing Stats

File Path                                                                                            PID    Runtime      # DAGs    # Errors  Last Runtime    Last Run
---------------------------------------------------------------------------------------------------  -----  ---------  --------  ----------  --------------  -------------------
/Users/rubennunez/Documents/Msc_Data_Sciences/DSS/Project/cardio-dss/airflow/dags/cardio_etl_dag.py                           1           0  2.40s           2026-01-16T03:09:26
================================================================================
[2026-01-16T04:09:42.673+0100] {manager.py:469} INFO - Exiting gracefully upon receiving signal 15
[2026-01-16T04:09:55.762+0100] {manager.py:487} INFO - Processing files using up to 1 processes at a time 
[2026-01-16T04:09:55.763+0100] {manager.py:488} INFO - Process each file at most once every 30 seconds
[2026-01-16T04:09:55.763+0100] {manager.py:489} INFO - Checking for new files in /Users/rubennunez/Documents/Msc_Data_Sciences/DSS/Project/cardio-dss/airflow/dags every 300 seconds
[2026-01-16T04:09:55.763+0100] {manager.py:759} INFO - Searching for files in /Users/rubennunez/Documents/Msc_Data_Sciences/DSS/Project/cardio-dss/airflow/dags
[2026-01-16T04:09:55.763+0100] {manager.py:762} INFO - There are 1 files in /Users/rubennunez/Documents/Msc_Data_Sciences/DSS/Project/cardio-dss/airflow/dags
[2026-01-16T04:10:57.180+0100] {manager.py:893} INFO - 
================================================================================
DAG File Processing Stats

File Path                                                                                            PID    Runtime      # DAGs    # Errors  Last Runtime    Last Run
---------------------------------------------------------------------------------------------------  -----  ---------  --------  ----------  --------------  -------------------
/Users/rubennunez/Documents/Msc_Data_Sciences/DSS/Project/cardio-dss/airflow/dags/cardio_etl_dag.py                           1           0  4.64s           2026-01-16T03:10:57
================================================================================
[2026-01-16T04:11:30.463+0100] {manager.py:893} INFO - 
================================================================================
DAG File Processing Stats

File Path                                                                                            PID    Runtime      # DAGs    # Errors  Last Runtime    Last Run
---------------------------------------------------------------------------------------------------  -----  ---------  --------  ----------  --------------  -------------------
/Users/rubennunez/Documents/Msc_Data_Sciences/DSS/Project/cardio-dss/airflow/dags/cardio_etl_dag.py                           1           0  2.57s           2026-01-16T03:11:30
================================================================================
[2026-01-16T04:12:03.148+0100] {manager.py:893} INFO - 
================================================================================
DAG File Processing Stats

File Path                                                                                            PID    Runtime      # DAGs    # Errors  Last Runtime    Last Run
---------------------------------------------------------------------------------------------------  -----  ---------  --------  ----------  --------------  -------------------
/Users/rubennunez/Documents/Msc_Data_Sciences/DSS/Project/cardio-dss/airflow/dags/cardio_etl_dag.py                           1           0  2.59s           2026-01-16T03:12:03
================================================================================
