[2026-01-16T03:56:00.745+0100] {processor.py:157} INFO - Started process (PID=47448) to work on /Users/rubennunez/Documents/Msc_Data_Sciences/DSS/Project/cardio-dss/airflow/dags/cardio_etl_dag.py
[2026-01-16T03:56:00.749+0100] {processor.py:829} INFO - Processing file /Users/rubennunez/Documents/Msc_Data_Sciences/DSS/Project/cardio-dss/airflow/dags/cardio_etl_dag.py for tasks to queue
[2026-01-16T03:56:00.751+0100] {logging_mixin.py:154} INFO - [2026-01-16T03:56:00.751+0100] {dagbag.py:536} INFO - Filling up the DagBag from /Users/rubennunez/Documents/Msc_Data_Sciences/DSS/Project/cardio-dss/airflow/dags/cardio_etl_dag.py
[2026-01-16T03:56:00.798+0100] {logging_mixin.py:154} INFO - [2026-01-16T03:56:00.789+0100] {dagbag.py:346} ERROR - Failed to import: /Users/rubennunez/Documents/Msc_Data_Sciences/DSS/Project/cardio-dss/airflow/dags/cardio_etl_dag.py
Traceback (most recent call last):
  File "/Users/rubennunez/Documents/Msc_Data_Sciences/DSS/Project/cardio-dss/venv/lib/python3.9/site-packages/airflow/models/dagbag.py", line 342, in parse
    loader.exec_module(new_module)
  File "<frozen importlib._bootstrap_external>", line 850, in exec_module
  File "<frozen importlib._bootstrap>", line 228, in _call_with_frames_removed
  File "/Users/rubennunez/Documents/Msc_Data_Sciences/DSS/Project/cardio-dss/airflow/dags/cardio_etl_dag.py", line 4, in <module>
    import pandas as pd
ModuleNotFoundError: No module named 'pandas'
[2026-01-16T03:56:00.801+0100] {processor.py:841} WARNING - No viable dags retrieved from /Users/rubennunez/Documents/Msc_Data_Sciences/DSS/Project/cardio-dss/airflow/dags/cardio_etl_dag.py
[2026-01-16T03:56:00.921+0100] {processor.py:179} INFO - Processing /Users/rubennunez/Documents/Msc_Data_Sciences/DSS/Project/cardio-dss/airflow/dags/cardio_etl_dag.py took 0.177 seconds
[2026-01-16T03:56:35.472+0100] {processor.py:157} INFO - Started process (PID=47465) to work on /Users/rubennunez/Documents/Msc_Data_Sciences/DSS/Project/cardio-dss/airflow/dags/cardio_etl_dag.py
[2026-01-16T03:56:35.486+0100] {processor.py:829} INFO - Processing file /Users/rubennunez/Documents/Msc_Data_Sciences/DSS/Project/cardio-dss/airflow/dags/cardio_etl_dag.py for tasks to queue
[2026-01-16T03:56:35.508+0100] {logging_mixin.py:154} INFO - [2026-01-16T03:56:35.507+0100] {dagbag.py:536} INFO - Filling up the DagBag from /Users/rubennunez/Documents/Msc_Data_Sciences/DSS/Project/cardio-dss/airflow/dags/cardio_etl_dag.py
[2026-01-16T03:56:35.649+0100] {logging_mixin.py:154} INFO - [2026-01-16T03:56:35.599+0100] {dagbag.py:346} ERROR - Failed to import: /Users/rubennunez/Documents/Msc_Data_Sciences/DSS/Project/cardio-dss/airflow/dags/cardio_etl_dag.py
Traceback (most recent call last):
  File "/Users/rubennunez/Documents/Msc_Data_Sciences/DSS/Project/cardio-dss/venv/lib/python3.9/site-packages/airflow/models/dagbag.py", line 342, in parse
    loader.exec_module(new_module)
  File "<frozen importlib._bootstrap_external>", line 850, in exec_module
  File "<frozen importlib._bootstrap>", line 228, in _call_with_frames_removed
  File "/Users/rubennunez/Documents/Msc_Data_Sciences/DSS/Project/cardio-dss/airflow/dags/cardio_etl_dag.py", line 4, in <module>
    import pandas as pd
ModuleNotFoundError: No module named 'pandas'
[2026-01-16T03:56:35.653+0100] {processor.py:841} WARNING - No viable dags retrieved from /Users/rubennunez/Documents/Msc_Data_Sciences/DSS/Project/cardio-dss/airflow/dags/cardio_etl_dag.py
[2026-01-16T03:56:36.038+0100] {processor.py:179} INFO - Processing /Users/rubennunez/Documents/Msc_Data_Sciences/DSS/Project/cardio-dss/airflow/dags/cardio_etl_dag.py took 0.574 seconds
[2026-01-16T03:57:07.874+0100] {processor.py:157} INFO - Started process (PID=47961) to work on /Users/rubennunez/Documents/Msc_Data_Sciences/DSS/Project/cardio-dss/airflow/dags/cardio_etl_dag.py
[2026-01-16T03:57:07.879+0100] {processor.py:829} INFO - Processing file /Users/rubennunez/Documents/Msc_Data_Sciences/DSS/Project/cardio-dss/airflow/dags/cardio_etl_dag.py for tasks to queue
[2026-01-16T03:57:07.881+0100] {logging_mixin.py:154} INFO - [2026-01-16T03:57:07.880+0100] {dagbag.py:536} INFO - Filling up the DagBag from /Users/rubennunez/Documents/Msc_Data_Sciences/DSS/Project/cardio-dss/airflow/dags/cardio_etl_dag.py
[2026-01-16T03:57:07.917+0100] {logging_mixin.py:154} INFO - [2026-01-16T03:57:07.907+0100] {dagbag.py:346} ERROR - Failed to import: /Users/rubennunez/Documents/Msc_Data_Sciences/DSS/Project/cardio-dss/airflow/dags/cardio_etl_dag.py
Traceback (most recent call last):
  File "/Users/rubennunez/Documents/Msc_Data_Sciences/DSS/Project/cardio-dss/venv/lib/python3.9/site-packages/airflow/models/dagbag.py", line 342, in parse
    loader.exec_module(new_module)
  File "<frozen importlib._bootstrap_external>", line 850, in exec_module
  File "<frozen importlib._bootstrap>", line 228, in _call_with_frames_removed
  File "/Users/rubennunez/Documents/Msc_Data_Sciences/DSS/Project/cardio-dss/airflow/dags/cardio_etl_dag.py", line 4, in <module>
    import pandas as pd
ModuleNotFoundError: No module named 'pandas'
[2026-01-16T03:57:07.920+0100] {processor.py:841} WARNING - No viable dags retrieved from /Users/rubennunez/Documents/Msc_Data_Sciences/DSS/Project/cardio-dss/airflow/dags/cardio_etl_dag.py
[2026-01-16T03:57:08.042+0100] {processor.py:179} INFO - Processing /Users/rubennunez/Documents/Msc_Data_Sciences/DSS/Project/cardio-dss/airflow/dags/cardio_etl_dag.py took 0.170 seconds
[2026-01-16T03:57:39.406+0100] {processor.py:157} INFO - Started process (PID=48075) to work on /Users/rubennunez/Documents/Msc_Data_Sciences/DSS/Project/cardio-dss/airflow/dags/cardio_etl_dag.py
[2026-01-16T03:57:39.410+0100] {processor.py:829} INFO - Processing file /Users/rubennunez/Documents/Msc_Data_Sciences/DSS/Project/cardio-dss/airflow/dags/cardio_etl_dag.py for tasks to queue
[2026-01-16T03:57:39.411+0100] {logging_mixin.py:154} INFO - [2026-01-16T03:57:39.411+0100] {dagbag.py:536} INFO - Filling up the DagBag from /Users/rubennunez/Documents/Msc_Data_Sciences/DSS/Project/cardio-dss/airflow/dags/cardio_etl_dag.py
[2026-01-16T03:57:39.445+0100] {logging_mixin.py:154} INFO - [2026-01-16T03:57:39.436+0100] {dagbag.py:346} ERROR - Failed to import: /Users/rubennunez/Documents/Msc_Data_Sciences/DSS/Project/cardio-dss/airflow/dags/cardio_etl_dag.py
Traceback (most recent call last):
  File "/Users/rubennunez/Documents/Msc_Data_Sciences/DSS/Project/cardio-dss/venv/lib/python3.9/site-packages/airflow/models/dagbag.py", line 342, in parse
    loader.exec_module(new_module)
  File "<frozen importlib._bootstrap_external>", line 850, in exec_module
  File "<frozen importlib._bootstrap>", line 228, in _call_with_frames_removed
  File "/Users/rubennunez/Documents/Msc_Data_Sciences/DSS/Project/cardio-dss/airflow/dags/cardio_etl_dag.py", line 4, in <module>
    import pandas as pd
ModuleNotFoundError: No module named 'pandas'
[2026-01-16T03:57:39.447+0100] {processor.py:841} WARNING - No viable dags retrieved from /Users/rubennunez/Documents/Msc_Data_Sciences/DSS/Project/cardio-dss/airflow/dags/cardio_etl_dag.py
[2026-01-16T03:57:39.559+0100] {processor.py:179} INFO - Processing /Users/rubennunez/Documents/Msc_Data_Sciences/DSS/Project/cardio-dss/airflow/dags/cardio_etl_dag.py took 0.153 seconds
[2026-01-16T03:58:10.986+0100] {processor.py:157} INFO - Started process (PID=48227) to work on /Users/rubennunez/Documents/Msc_Data_Sciences/DSS/Project/cardio-dss/airflow/dags/cardio_etl_dag.py
[2026-01-16T03:58:10.990+0100] {processor.py:829} INFO - Processing file /Users/rubennunez/Documents/Msc_Data_Sciences/DSS/Project/cardio-dss/airflow/dags/cardio_etl_dag.py for tasks to queue
[2026-01-16T03:58:10.992+0100] {logging_mixin.py:154} INFO - [2026-01-16T03:58:10.992+0100] {dagbag.py:536} INFO - Filling up the DagBag from /Users/rubennunez/Documents/Msc_Data_Sciences/DSS/Project/cardio-dss/airflow/dags/cardio_etl_dag.py
[2026-01-16T03:58:11.028+0100] {logging_mixin.py:154} INFO - [2026-01-16T03:58:11.017+0100] {dagbag.py:346} ERROR - Failed to import: /Users/rubennunez/Documents/Msc_Data_Sciences/DSS/Project/cardio-dss/airflow/dags/cardio_etl_dag.py
Traceback (most recent call last):
  File "/Users/rubennunez/Documents/Msc_Data_Sciences/DSS/Project/cardio-dss/venv/lib/python3.9/site-packages/airflow/models/dagbag.py", line 342, in parse
    loader.exec_module(new_module)
  File "<frozen importlib._bootstrap_external>", line 850, in exec_module
  File "<frozen importlib._bootstrap>", line 228, in _call_with_frames_removed
  File "/Users/rubennunez/Documents/Msc_Data_Sciences/DSS/Project/cardio-dss/airflow/dags/cardio_etl_dag.py", line 4, in <module>
    import pandas as pd
ModuleNotFoundError: No module named 'pandas'
[2026-01-16T03:58:11.031+0100] {processor.py:841} WARNING - No viable dags retrieved from /Users/rubennunez/Documents/Msc_Data_Sciences/DSS/Project/cardio-dss/airflow/dags/cardio_etl_dag.py
[2026-01-16T03:58:11.153+0100] {processor.py:179} INFO - Processing /Users/rubennunez/Documents/Msc_Data_Sciences/DSS/Project/cardio-dss/airflow/dags/cardio_etl_dag.py took 0.168 seconds
[2026-01-16T03:58:42.402+0100] {processor.py:157} INFO - Started process (PID=48236) to work on /Users/rubennunez/Documents/Msc_Data_Sciences/DSS/Project/cardio-dss/airflow/dags/cardio_etl_dag.py
[2026-01-16T03:58:42.406+0100] {processor.py:829} INFO - Processing file /Users/rubennunez/Documents/Msc_Data_Sciences/DSS/Project/cardio-dss/airflow/dags/cardio_etl_dag.py for tasks to queue
[2026-01-16T03:58:42.408+0100] {logging_mixin.py:154} INFO - [2026-01-16T03:58:42.407+0100] {dagbag.py:536} INFO - Filling up the DagBag from /Users/rubennunez/Documents/Msc_Data_Sciences/DSS/Project/cardio-dss/airflow/dags/cardio_etl_dag.py
[2026-01-16T03:58:42.445+0100] {logging_mixin.py:154} INFO - [2026-01-16T03:58:42.435+0100] {dagbag.py:346} ERROR - Failed to import: /Users/rubennunez/Documents/Msc_Data_Sciences/DSS/Project/cardio-dss/airflow/dags/cardio_etl_dag.py
Traceback (most recent call last):
  File "/Users/rubennunez/Documents/Msc_Data_Sciences/DSS/Project/cardio-dss/venv/lib/python3.9/site-packages/airflow/models/dagbag.py", line 342, in parse
    loader.exec_module(new_module)
  File "<frozen importlib._bootstrap_external>", line 850, in exec_module
  File "<frozen importlib._bootstrap>", line 228, in _call_with_frames_removed
  File "/Users/rubennunez/Documents/Msc_Data_Sciences/DSS/Project/cardio-dss/airflow/dags/cardio_etl_dag.py", line 4, in <module>
    import pandas as pd
ModuleNotFoundError: No module named 'pandas'
[2026-01-16T03:58:42.447+0100] {processor.py:841} WARNING - No viable dags retrieved from /Users/rubennunez/Documents/Msc_Data_Sciences/DSS/Project/cardio-dss/airflow/dags/cardio_etl_dag.py
[2026-01-16T03:58:42.563+0100] {processor.py:179} INFO - Processing /Users/rubennunez/Documents/Msc_Data_Sciences/DSS/Project/cardio-dss/airflow/dags/cardio_etl_dag.py took 0.162 seconds
[2026-01-16T03:59:13.846+0100] {processor.py:157} INFO - Started process (PID=48286) to work on /Users/rubennunez/Documents/Msc_Data_Sciences/DSS/Project/cardio-dss/airflow/dags/cardio_etl_dag.py
[2026-01-16T03:59:13.850+0100] {processor.py:829} INFO - Processing file /Users/rubennunez/Documents/Msc_Data_Sciences/DSS/Project/cardio-dss/airflow/dags/cardio_etl_dag.py for tasks to queue
[2026-01-16T03:59:13.851+0100] {logging_mixin.py:154} INFO - [2026-01-16T03:59:13.851+0100] {dagbag.py:536} INFO - Filling up the DagBag from /Users/rubennunez/Documents/Msc_Data_Sciences/DSS/Project/cardio-dss/airflow/dags/cardio_etl_dag.py
[2026-01-16T03:59:13.886+0100] {logging_mixin.py:154} INFO - [2026-01-16T03:59:13.875+0100] {dagbag.py:346} ERROR - Failed to import: /Users/rubennunez/Documents/Msc_Data_Sciences/DSS/Project/cardio-dss/airflow/dags/cardio_etl_dag.py
Traceback (most recent call last):
  File "/Users/rubennunez/Documents/Msc_Data_Sciences/DSS/Project/cardio-dss/venv/lib/python3.9/site-packages/airflow/models/dagbag.py", line 342, in parse
    loader.exec_module(new_module)
  File "<frozen importlib._bootstrap_external>", line 850, in exec_module
  File "<frozen importlib._bootstrap>", line 228, in _call_with_frames_removed
  File "/Users/rubennunez/Documents/Msc_Data_Sciences/DSS/Project/cardio-dss/airflow/dags/cardio_etl_dag.py", line 4, in <module>
    import pandas as pd
ModuleNotFoundError: No module named 'pandas'
[2026-01-16T03:59:13.889+0100] {processor.py:841} WARNING - No viable dags retrieved from /Users/rubennunez/Documents/Msc_Data_Sciences/DSS/Project/cardio-dss/airflow/dags/cardio_etl_dag.py
[2026-01-16T03:59:14.009+0100] {processor.py:179} INFO - Processing /Users/rubennunez/Documents/Msc_Data_Sciences/DSS/Project/cardio-dss/airflow/dags/cardio_etl_dag.py took 0.164 seconds
[2026-01-16T03:59:45.190+0100] {processor.py:157} INFO - Started process (PID=48535) to work on /Users/rubennunez/Documents/Msc_Data_Sciences/DSS/Project/cardio-dss/airflow/dags/cardio_etl_dag.py
[2026-01-16T03:59:45.194+0100] {processor.py:829} INFO - Processing file /Users/rubennunez/Documents/Msc_Data_Sciences/DSS/Project/cardio-dss/airflow/dags/cardio_etl_dag.py for tasks to queue
[2026-01-16T03:59:45.195+0100] {logging_mixin.py:154} INFO - [2026-01-16T03:59:45.195+0100] {dagbag.py:536} INFO - Filling up the DagBag from /Users/rubennunez/Documents/Msc_Data_Sciences/DSS/Project/cardio-dss/airflow/dags/cardio_etl_dag.py
[2026-01-16T03:59:45.229+0100] {logging_mixin.py:154} INFO - [2026-01-16T03:59:45.219+0100] {dagbag.py:346} ERROR - Failed to import: /Users/rubennunez/Documents/Msc_Data_Sciences/DSS/Project/cardio-dss/airflow/dags/cardio_etl_dag.py
Traceback (most recent call last):
  File "/Users/rubennunez/Documents/Msc_Data_Sciences/DSS/Project/cardio-dss/venv/lib/python3.9/site-packages/airflow/models/dagbag.py", line 342, in parse
    loader.exec_module(new_module)
  File "<frozen importlib._bootstrap_external>", line 850, in exec_module
  File "<frozen importlib._bootstrap>", line 228, in _call_with_frames_removed
  File "/Users/rubennunez/Documents/Msc_Data_Sciences/DSS/Project/cardio-dss/airflow/dags/cardio_etl_dag.py", line 4, in <module>
    import pandas as pd
ModuleNotFoundError: No module named 'pandas'
[2026-01-16T03:59:45.232+0100] {processor.py:841} WARNING - No viable dags retrieved from /Users/rubennunez/Documents/Msc_Data_Sciences/DSS/Project/cardio-dss/airflow/dags/cardio_etl_dag.py
[2026-01-16T03:59:45.347+0100] {processor.py:179} INFO - Processing /Users/rubennunez/Documents/Msc_Data_Sciences/DSS/Project/cardio-dss/airflow/dags/cardio_etl_dag.py took 0.158 seconds
[2026-01-16T04:00:16.588+0100] {processor.py:157} INFO - Started process (PID=48652) to work on /Users/rubennunez/Documents/Msc_Data_Sciences/DSS/Project/cardio-dss/airflow/dags/cardio_etl_dag.py
[2026-01-16T04:00:16.592+0100] {processor.py:829} INFO - Processing file /Users/rubennunez/Documents/Msc_Data_Sciences/DSS/Project/cardio-dss/airflow/dags/cardio_etl_dag.py for tasks to queue
[2026-01-16T04:00:16.594+0100] {logging_mixin.py:154} INFO - [2026-01-16T04:00:16.593+0100] {dagbag.py:536} INFO - Filling up the DagBag from /Users/rubennunez/Documents/Msc_Data_Sciences/DSS/Project/cardio-dss/airflow/dags/cardio_etl_dag.py
[2026-01-16T04:00:16.635+0100] {logging_mixin.py:154} INFO - [2026-01-16T04:00:16.622+0100] {dagbag.py:346} ERROR - Failed to import: /Users/rubennunez/Documents/Msc_Data_Sciences/DSS/Project/cardio-dss/airflow/dags/cardio_etl_dag.py
Traceback (most recent call last):
  File "/Users/rubennunez/Documents/Msc_Data_Sciences/DSS/Project/cardio-dss/venv/lib/python3.9/site-packages/airflow/models/dagbag.py", line 342, in parse
    loader.exec_module(new_module)
  File "<frozen importlib._bootstrap_external>", line 850, in exec_module
  File "<frozen importlib._bootstrap>", line 228, in _call_with_frames_removed
  File "/Users/rubennunez/Documents/Msc_Data_Sciences/DSS/Project/cardio-dss/airflow/dags/cardio_etl_dag.py", line 4, in <module>
    import pandas as pd
ModuleNotFoundError: No module named 'pandas'
[2026-01-16T04:00:16.638+0100] {processor.py:841} WARNING - No viable dags retrieved from /Users/rubennunez/Documents/Msc_Data_Sciences/DSS/Project/cardio-dss/airflow/dags/cardio_etl_dag.py
[2026-01-16T04:00:16.767+0100] {processor.py:179} INFO - Processing /Users/rubennunez/Documents/Msc_Data_Sciences/DSS/Project/cardio-dss/airflow/dags/cardio_etl_dag.py took 0.180 seconds
[2026-01-16T04:00:48.023+0100] {processor.py:157} INFO - Started process (PID=48682) to work on /Users/rubennunez/Documents/Msc_Data_Sciences/DSS/Project/cardio-dss/airflow/dags/cardio_etl_dag.py
[2026-01-16T04:00:48.027+0100] {processor.py:829} INFO - Processing file /Users/rubennunez/Documents/Msc_Data_Sciences/DSS/Project/cardio-dss/airflow/dags/cardio_etl_dag.py for tasks to queue
[2026-01-16T04:00:48.028+0100] {logging_mixin.py:154} INFO - [2026-01-16T04:00:48.028+0100] {dagbag.py:536} INFO - Filling up the DagBag from /Users/rubennunez/Documents/Msc_Data_Sciences/DSS/Project/cardio-dss/airflow/dags/cardio_etl_dag.py
[2026-01-16T04:00:48.065+0100] {logging_mixin.py:154} INFO - [2026-01-16T04:00:48.055+0100] {dagbag.py:346} ERROR - Failed to import: /Users/rubennunez/Documents/Msc_Data_Sciences/DSS/Project/cardio-dss/airflow/dags/cardio_etl_dag.py
Traceback (most recent call last):
  File "/Users/rubennunez/Documents/Msc_Data_Sciences/DSS/Project/cardio-dss/venv/lib/python3.9/site-packages/airflow/models/dagbag.py", line 342, in parse
    loader.exec_module(new_module)
  File "<frozen importlib._bootstrap_external>", line 850, in exec_module
  File "<frozen importlib._bootstrap>", line 228, in _call_with_frames_removed
  File "/Users/rubennunez/Documents/Msc_Data_Sciences/DSS/Project/cardio-dss/airflow/dags/cardio_etl_dag.py", line 4, in <module>
    import pandas as pd
ModuleNotFoundError: No module named 'pandas'
[2026-01-16T04:00:48.068+0100] {processor.py:841} WARNING - No viable dags retrieved from /Users/rubennunez/Documents/Msc_Data_Sciences/DSS/Project/cardio-dss/airflow/dags/cardio_etl_dag.py
[2026-01-16T04:00:48.284+0100] {processor.py:179} INFO - Processing /Users/rubennunez/Documents/Msc_Data_Sciences/DSS/Project/cardio-dss/airflow/dags/cardio_etl_dag.py took 0.261 seconds
[2026-01-16T04:01:19.535+0100] {processor.py:157} INFO - Started process (PID=48720) to work on /Users/rubennunez/Documents/Msc_Data_Sciences/DSS/Project/cardio-dss/airflow/dags/cardio_etl_dag.py
[2026-01-16T04:01:19.540+0100] {processor.py:829} INFO - Processing file /Users/rubennunez/Documents/Msc_Data_Sciences/DSS/Project/cardio-dss/airflow/dags/cardio_etl_dag.py for tasks to queue
[2026-01-16T04:01:19.541+0100] {logging_mixin.py:154} INFO - [2026-01-16T04:01:19.541+0100] {dagbag.py:536} INFO - Filling up the DagBag from /Users/rubennunez/Documents/Msc_Data_Sciences/DSS/Project/cardio-dss/airflow/dags/cardio_etl_dag.py
[2026-01-16T04:01:19.588+0100] {logging_mixin.py:154} INFO - [2026-01-16T04:01:19.570+0100] {dagbag.py:346} ERROR - Failed to import: /Users/rubennunez/Documents/Msc_Data_Sciences/DSS/Project/cardio-dss/airflow/dags/cardio_etl_dag.py
Traceback (most recent call last):
  File "/Users/rubennunez/Documents/Msc_Data_Sciences/DSS/Project/cardio-dss/venv/lib/python3.9/site-packages/airflow/models/dagbag.py", line 342, in parse
    loader.exec_module(new_module)
  File "<frozen importlib._bootstrap_external>", line 850, in exec_module
  File "<frozen importlib._bootstrap>", line 228, in _call_with_frames_removed
  File "/Users/rubennunez/Documents/Msc_Data_Sciences/DSS/Project/cardio-dss/airflow/dags/cardio_etl_dag.py", line 4, in <module>
    import pandas as pd
ModuleNotFoundError: No module named 'pandas'
[2026-01-16T04:01:19.591+0100] {processor.py:841} WARNING - No viable dags retrieved from /Users/rubennunez/Documents/Msc_Data_Sciences/DSS/Project/cardio-dss/airflow/dags/cardio_etl_dag.py
[2026-01-16T04:01:19.733+0100] {processor.py:179} INFO - Processing /Users/rubennunez/Documents/Msc_Data_Sciences/DSS/Project/cardio-dss/airflow/dags/cardio_etl_dag.py took 0.199 seconds
[2026-01-16T04:01:50.959+0100] {processor.py:157} INFO - Started process (PID=49250) to work on /Users/rubennunez/Documents/Msc_Data_Sciences/DSS/Project/cardio-dss/airflow/dags/cardio_etl_dag.py
[2026-01-16T04:01:50.963+0100] {processor.py:829} INFO - Processing file /Users/rubennunez/Documents/Msc_Data_Sciences/DSS/Project/cardio-dss/airflow/dags/cardio_etl_dag.py for tasks to queue
[2026-01-16T04:01:50.965+0100] {logging_mixin.py:154} INFO - [2026-01-16T04:01:50.964+0100] {dagbag.py:536} INFO - Filling up the DagBag from /Users/rubennunez/Documents/Msc_Data_Sciences/DSS/Project/cardio-dss/airflow/dags/cardio_etl_dag.py
[2026-01-16T04:01:50.999+0100] {logging_mixin.py:154} INFO - [2026-01-16T04:01:50.989+0100] {dagbag.py:346} ERROR - Failed to import: /Users/rubennunez/Documents/Msc_Data_Sciences/DSS/Project/cardio-dss/airflow/dags/cardio_etl_dag.py
Traceback (most recent call last):
  File "/Users/rubennunez/Documents/Msc_Data_Sciences/DSS/Project/cardio-dss/venv/lib/python3.9/site-packages/airflow/models/dagbag.py", line 342, in parse
    loader.exec_module(new_module)
  File "<frozen importlib._bootstrap_external>", line 850, in exec_module
  File "<frozen importlib._bootstrap>", line 228, in _call_with_frames_removed
  File "/Users/rubennunez/Documents/Msc_Data_Sciences/DSS/Project/cardio-dss/airflow/dags/cardio_etl_dag.py", line 4, in <module>
    import pandas as pd
ModuleNotFoundError: No module named 'pandas'
[2026-01-16T04:01:51.002+0100] {processor.py:841} WARNING - No viable dags retrieved from /Users/rubennunez/Documents/Msc_Data_Sciences/DSS/Project/cardio-dss/airflow/dags/cardio_etl_dag.py
[2026-01-16T04:01:51.120+0100] {processor.py:179} INFO - Processing /Users/rubennunez/Documents/Msc_Data_Sciences/DSS/Project/cardio-dss/airflow/dags/cardio_etl_dag.py took 0.162 seconds
[2026-01-16T04:02:22.384+0100] {processor.py:157} INFO - Started process (PID=49286) to work on /Users/rubennunez/Documents/Msc_Data_Sciences/DSS/Project/cardio-dss/airflow/dags/cardio_etl_dag.py
[2026-01-16T04:02:22.390+0100] {processor.py:829} INFO - Processing file /Users/rubennunez/Documents/Msc_Data_Sciences/DSS/Project/cardio-dss/airflow/dags/cardio_etl_dag.py for tasks to queue
[2026-01-16T04:02:22.392+0100] {logging_mixin.py:154} INFO - [2026-01-16T04:02:22.392+0100] {dagbag.py:536} INFO - Filling up the DagBag from /Users/rubennunez/Documents/Msc_Data_Sciences/DSS/Project/cardio-dss/airflow/dags/cardio_etl_dag.py
[2026-01-16T04:02:22.428+0100] {logging_mixin.py:154} INFO - [2026-01-16T04:02:22.418+0100] {dagbag.py:346} ERROR - Failed to import: /Users/rubennunez/Documents/Msc_Data_Sciences/DSS/Project/cardio-dss/airflow/dags/cardio_etl_dag.py
Traceback (most recent call last):
  File "/Users/rubennunez/Documents/Msc_Data_Sciences/DSS/Project/cardio-dss/venv/lib/python3.9/site-packages/airflow/models/dagbag.py", line 342, in parse
    loader.exec_module(new_module)
  File "<frozen importlib._bootstrap_external>", line 850, in exec_module
  File "<frozen importlib._bootstrap>", line 228, in _call_with_frames_removed
  File "/Users/rubennunez/Documents/Msc_Data_Sciences/DSS/Project/cardio-dss/airflow/dags/cardio_etl_dag.py", line 4, in <module>
    import pandas as pd
ModuleNotFoundError: No module named 'pandas'
[2026-01-16T04:02:22.430+0100] {processor.py:841} WARNING - No viable dags retrieved from /Users/rubennunez/Documents/Msc_Data_Sciences/DSS/Project/cardio-dss/airflow/dags/cardio_etl_dag.py
[2026-01-16T04:02:22.565+0100] {processor.py:179} INFO - Processing /Users/rubennunez/Documents/Msc_Data_Sciences/DSS/Project/cardio-dss/airflow/dags/cardio_etl_dag.py took 0.181 seconds
[2026-01-16T04:02:53.751+0100] {processor.py:157} INFO - Started process (PID=49310) to work on /Users/rubennunez/Documents/Msc_Data_Sciences/DSS/Project/cardio-dss/airflow/dags/cardio_etl_dag.py
[2026-01-16T04:02:53.758+0100] {processor.py:829} INFO - Processing file /Users/rubennunez/Documents/Msc_Data_Sciences/DSS/Project/cardio-dss/airflow/dags/cardio_etl_dag.py for tasks to queue
[2026-01-16T04:02:53.760+0100] {logging_mixin.py:154} INFO - [2026-01-16T04:02:53.760+0100] {dagbag.py:536} INFO - Filling up the DagBag from /Users/rubennunez/Documents/Msc_Data_Sciences/DSS/Project/cardio-dss/airflow/dags/cardio_etl_dag.py
[2026-01-16T04:02:53.820+0100] {logging_mixin.py:154} INFO - [2026-01-16T04:02:53.806+0100] {dagbag.py:346} ERROR - Failed to import: /Users/rubennunez/Documents/Msc_Data_Sciences/DSS/Project/cardio-dss/airflow/dags/cardio_etl_dag.py
Traceback (most recent call last):
  File "/Users/rubennunez/Documents/Msc_Data_Sciences/DSS/Project/cardio-dss/venv/lib/python3.9/site-packages/airflow/models/dagbag.py", line 342, in parse
    loader.exec_module(new_module)
  File "<frozen importlib._bootstrap_external>", line 850, in exec_module
  File "<frozen importlib._bootstrap>", line 228, in _call_with_frames_removed
  File "/Users/rubennunez/Documents/Msc_Data_Sciences/DSS/Project/cardio-dss/airflow/dags/cardio_etl_dag.py", line 4, in <module>
    import pandas as pd
ModuleNotFoundError: No module named 'pandas'
[2026-01-16T04:02:53.823+0100] {processor.py:841} WARNING - No viable dags retrieved from /Users/rubennunez/Documents/Msc_Data_Sciences/DSS/Project/cardio-dss/airflow/dags/cardio_etl_dag.py
[2026-01-16T04:02:53.964+0100] {processor.py:179} INFO - Processing /Users/rubennunez/Documents/Msc_Data_Sciences/DSS/Project/cardio-dss/airflow/dags/cardio_etl_dag.py took 0.216 seconds
[2026-01-16T04:03:25.290+0100] {processor.py:157} INFO - Started process (PID=49333) to work on /Users/rubennunez/Documents/Msc_Data_Sciences/DSS/Project/cardio-dss/airflow/dags/cardio_etl_dag.py
[2026-01-16T04:03:25.294+0100] {processor.py:829} INFO - Processing file /Users/rubennunez/Documents/Msc_Data_Sciences/DSS/Project/cardio-dss/airflow/dags/cardio_etl_dag.py for tasks to queue
[2026-01-16T04:03:25.295+0100] {logging_mixin.py:154} INFO - [2026-01-16T04:03:25.295+0100] {dagbag.py:536} INFO - Filling up the DagBag from /Users/rubennunez/Documents/Msc_Data_Sciences/DSS/Project/cardio-dss/airflow/dags/cardio_etl_dag.py
[2026-01-16T04:03:25.337+0100] {logging_mixin.py:154} INFO - [2026-01-16T04:03:25.321+0100] {dagbag.py:346} ERROR - Failed to import: /Users/rubennunez/Documents/Msc_Data_Sciences/DSS/Project/cardio-dss/airflow/dags/cardio_etl_dag.py
Traceback (most recent call last):
  File "/Users/rubennunez/Documents/Msc_Data_Sciences/DSS/Project/cardio-dss/venv/lib/python3.9/site-packages/airflow/models/dagbag.py", line 342, in parse
    loader.exec_module(new_module)
  File "<frozen importlib._bootstrap_external>", line 850, in exec_module
  File "<frozen importlib._bootstrap>", line 228, in _call_with_frames_removed
  File "/Users/rubennunez/Documents/Msc_Data_Sciences/DSS/Project/cardio-dss/airflow/dags/cardio_etl_dag.py", line 4, in <module>
    import pandas as pd
ModuleNotFoundError: No module named 'pandas'
[2026-01-16T04:03:25.343+0100] {processor.py:841} WARNING - No viable dags retrieved from /Users/rubennunez/Documents/Msc_Data_Sciences/DSS/Project/cardio-dss/airflow/dags/cardio_etl_dag.py
[2026-01-16T04:03:25.473+0100] {processor.py:179} INFO - Processing /Users/rubennunez/Documents/Msc_Data_Sciences/DSS/Project/cardio-dss/airflow/dags/cardio_etl_dag.py took 0.184 seconds
[2026-01-16T04:03:57.595+0100] {processor.py:157} INFO - Started process (PID=49639) to work on /Users/rubennunez/Documents/Msc_Data_Sciences/DSS/Project/cardio-dss/airflow/dags/cardio_etl_dag.py
[2026-01-16T04:03:57.600+0100] {processor.py:829} INFO - Processing file /Users/rubennunez/Documents/Msc_Data_Sciences/DSS/Project/cardio-dss/airflow/dags/cardio_etl_dag.py for tasks to queue
[2026-01-16T04:03:57.602+0100] {logging_mixin.py:154} INFO - [2026-01-16T04:03:57.602+0100] {dagbag.py:536} INFO - Filling up the DagBag from /Users/rubennunez/Documents/Msc_Data_Sciences/DSS/Project/cardio-dss/airflow/dags/cardio_etl_dag.py
[2026-01-16T04:03:57.798+0100] {logging_mixin.py:154} INFO - [2026-01-16T04:03:57.749+0100] {dagbag.py:346} ERROR - Failed to import: /Users/rubennunez/Documents/Msc_Data_Sciences/DSS/Project/cardio-dss/airflow/dags/cardio_etl_dag.py
Traceback (most recent call last):
  File "/Users/rubennunez/Documents/Msc_Data_Sciences/DSS/Project/cardio-dss/venv/lib/python3.9/site-packages/airflow/models/dagbag.py", line 342, in parse
    loader.exec_module(new_module)
  File "<frozen importlib._bootstrap_external>", line 850, in exec_module
  File "<frozen importlib._bootstrap>", line 228, in _call_with_frames_removed
  File "/Users/rubennunez/Documents/Msc_Data_Sciences/DSS/Project/cardio-dss/airflow/dags/cardio_etl_dag.py", line 4, in <module>
    import pandas as pd
ModuleNotFoundError: No module named 'pandas'
[2026-01-16T04:03:57.815+0100] {processor.py:841} WARNING - No viable dags retrieved from /Users/rubennunez/Documents/Msc_Data_Sciences/DSS/Project/cardio-dss/airflow/dags/cardio_etl_dag.py
[2026-01-16T04:03:58.062+0100] {processor.py:179} INFO - Processing /Users/rubennunez/Documents/Msc_Data_Sciences/DSS/Project/cardio-dss/airflow/dags/cardio_etl_dag.py took 0.467 seconds
[2026-01-16T04:04:31.000+0100] {processor.py:157} INFO - Started process (PID=49825) to work on /Users/rubennunez/Documents/Msc_Data_Sciences/DSS/Project/cardio-dss/airflow/dags/cardio_etl_dag.py
[2026-01-16T04:04:31.004+0100] {processor.py:829} INFO - Processing file /Users/rubennunez/Documents/Msc_Data_Sciences/DSS/Project/cardio-dss/airflow/dags/cardio_etl_dag.py for tasks to queue
[2026-01-16T04:04:31.005+0100] {logging_mixin.py:151} INFO - [2026-01-16T04:04:31.004+0100] {dagbag.py:539} INFO - Filling up the DagBag from /Users/rubennunez/Documents/Msc_Data_Sciences/DSS/Project/cardio-dss/airflow/dags/cardio_etl_dag.py
[2026-01-16T04:04:31.560+0100] {logging_mixin.py:151} INFO - [2026-01-16T04:04:31.546+0100] {dagbag.py:347} ERROR - Failed to import: /Users/rubennunez/Documents/Msc_Data_Sciences/DSS/Project/cardio-dss/airflow/dags/cardio_etl_dag.py
Traceback (most recent call last):
  File "/Users/rubennunez/Documents/Msc_Data_Sciences/DSS/Project/cardio-dss/venv/lib/python3.9/site-packages/airflow/models/dagbag.py", line 343, in parse
    loader.exec_module(new_module)
  File "<frozen importlib._bootstrap_external>", line 850, in exec_module
  File "<frozen importlib._bootstrap>", line 228, in _call_with_frames_removed
  File "/Users/rubennunez/Documents/Msc_Data_Sciences/DSS/Project/cardio-dss/airflow/dags/cardio_etl_dag.py", line 6, in <module>
    from sklearn.linear_model import LogisticRegression
ModuleNotFoundError: No module named 'sklearn'
[2026-01-16T04:04:31.564+0100] {processor.py:841} WARNING - No viable dags retrieved from /Users/rubennunez/Documents/Msc_Data_Sciences/DSS/Project/cardio-dss/airflow/dags/cardio_etl_dag.py
[2026-01-16T04:04:31.731+0100] {processor.py:179} INFO - Processing /Users/rubennunez/Documents/Msc_Data_Sciences/DSS/Project/cardio-dss/airflow/dags/cardio_etl_dag.py took 0.732 seconds
[2026-01-16T04:05:03.265+0100] {processor.py:157} INFO - Started process (PID=50086) to work on /Users/rubennunez/Documents/Msc_Data_Sciences/DSS/Project/cardio-dss/airflow/dags/cardio_etl_dag.py
[2026-01-16T04:05:03.272+0100] {processor.py:829} INFO - Processing file /Users/rubennunez/Documents/Msc_Data_Sciences/DSS/Project/cardio-dss/airflow/dags/cardio_etl_dag.py for tasks to queue
[2026-01-16T04:05:03.273+0100] {logging_mixin.py:151} INFO - [2026-01-16T04:05:03.273+0100] {dagbag.py:539} INFO - Filling up the DagBag from /Users/rubennunez/Documents/Msc_Data_Sciences/DSS/Project/cardio-dss/airflow/dags/cardio_etl_dag.py
[2026-01-16T04:05:03.992+0100] {logging_mixin.py:151} INFO - [2026-01-16T04:05:03.969+0100] {dagbag.py:347} ERROR - Failed to import: /Users/rubennunez/Documents/Msc_Data_Sciences/DSS/Project/cardio-dss/airflow/dags/cardio_etl_dag.py
Traceback (most recent call last):
  File "/Users/rubennunez/Documents/Msc_Data_Sciences/DSS/Project/cardio-dss/venv/lib/python3.9/site-packages/airflow/models/dagbag.py", line 343, in parse
    loader.exec_module(new_module)
  File "<frozen importlib._bootstrap_external>", line 850, in exec_module
  File "<frozen importlib._bootstrap>", line 228, in _call_with_frames_removed
  File "/Users/rubennunez/Documents/Msc_Data_Sciences/DSS/Project/cardio-dss/airflow/dags/cardio_etl_dag.py", line 6, in <module>
    from sklearn.linear_model import LogisticRegression
ModuleNotFoundError: No module named 'sklearn'
[2026-01-16T04:05:03.996+0100] {processor.py:841} WARNING - No viable dags retrieved from /Users/rubennunez/Documents/Msc_Data_Sciences/DSS/Project/cardio-dss/airflow/dags/cardio_etl_dag.py
[2026-01-16T04:05:04.131+0100] {processor.py:179} INFO - Processing /Users/rubennunez/Documents/Msc_Data_Sciences/DSS/Project/cardio-dss/airflow/dags/cardio_etl_dag.py took 0.867 seconds
[2026-01-16T04:05:13.746+0100] {processor.py:157} INFO - Started process (PID=50230) to work on /Users/rubennunez/Documents/Msc_Data_Sciences/DSS/Project/cardio-dss/airflow/dags/cardio_etl_dag.py
[2026-01-16T04:05:13.750+0100] {processor.py:829} INFO - Processing file /Users/rubennunez/Documents/Msc_Data_Sciences/DSS/Project/cardio-dss/airflow/dags/cardio_etl_dag.py for tasks to queue
[2026-01-16T04:05:13.751+0100] {logging_mixin.py:151} INFO - [2026-01-16T04:05:13.751+0100] {dagbag.py:539} INFO - Filling up the DagBag from /Users/rubennunez/Documents/Msc_Data_Sciences/DSS/Project/cardio-dss/airflow/dags/cardio_etl_dag.py
[2026-01-16T04:05:14.576+0100] {logging_mixin.py:151} INFO - [2026-01-16T04:05:14.559+0100] {dagbag.py:347} ERROR - Failed to import: /Users/rubennunez/Documents/Msc_Data_Sciences/DSS/Project/cardio-dss/airflow/dags/cardio_etl_dag.py
Traceback (most recent call last):
  File "/Users/rubennunez/Documents/Msc_Data_Sciences/DSS/Project/cardio-dss/venv/lib/python3.9/site-packages/airflow/models/dagbag.py", line 343, in parse
    loader.exec_module(new_module)
  File "<frozen importlib._bootstrap_external>", line 850, in exec_module
  File "<frozen importlib._bootstrap>", line 228, in _call_with_frames_removed
  File "/Users/rubennunez/Documents/Msc_Data_Sciences/DSS/Project/cardio-dss/airflow/dags/cardio_etl_dag.py", line 6, in <module>
    from sklearn.linear_model import LogisticRegression
ModuleNotFoundError: No module named 'sklearn'
[2026-01-16T04:05:14.586+0100] {processor.py:841} WARNING - No viable dags retrieved from /Users/rubennunez/Documents/Msc_Data_Sciences/DSS/Project/cardio-dss/airflow/dags/cardio_etl_dag.py
[2026-01-16T04:05:14.722+0100] {processor.py:179} INFO - Processing /Users/rubennunez/Documents/Msc_Data_Sciences/DSS/Project/cardio-dss/airflow/dags/cardio_etl_dag.py took 0.977 seconds
[2026-01-16T04:05:46.563+0100] {processor.py:157} INFO - Started process (PID=50283) to work on /Users/rubennunez/Documents/Msc_Data_Sciences/DSS/Project/cardio-dss/airflow/dags/cardio_etl_dag.py
[2026-01-16T04:05:46.568+0100] {processor.py:829} INFO - Processing file /Users/rubennunez/Documents/Msc_Data_Sciences/DSS/Project/cardio-dss/airflow/dags/cardio_etl_dag.py for tasks to queue
[2026-01-16T04:05:46.569+0100] {logging_mixin.py:151} INFO - [2026-01-16T04:05:46.569+0100] {dagbag.py:539} INFO - Filling up the DagBag from /Users/rubennunez/Documents/Msc_Data_Sciences/DSS/Project/cardio-dss/airflow/dags/cardio_etl_dag.py
[2026-01-16T04:05:46.995+0100] {logging_mixin.py:151} INFO - [2026-01-16T04:05:46.984+0100] {dagbag.py:347} ERROR - Failed to import: /Users/rubennunez/Documents/Msc_Data_Sciences/DSS/Project/cardio-dss/airflow/dags/cardio_etl_dag.py
Traceback (most recent call last):
  File "/Users/rubennunez/Documents/Msc_Data_Sciences/DSS/Project/cardio-dss/venv/lib/python3.9/site-packages/airflow/models/dagbag.py", line 343, in parse
    loader.exec_module(new_module)
  File "<frozen importlib._bootstrap_external>", line 850, in exec_module
  File "<frozen importlib._bootstrap>", line 228, in _call_with_frames_removed
  File "/Users/rubennunez/Documents/Msc_Data_Sciences/DSS/Project/cardio-dss/airflow/dags/cardio_etl_dag.py", line 6, in <module>
    from sklearn.linear_model import LogisticRegression
ModuleNotFoundError: No module named 'sklearn'
[2026-01-16T04:05:46.999+0100] {processor.py:841} WARNING - No viable dags retrieved from /Users/rubennunez/Documents/Msc_Data_Sciences/DSS/Project/cardio-dss/airflow/dags/cardio_etl_dag.py
[2026-01-16T04:05:47.130+0100] {processor.py:179} INFO - Processing /Users/rubennunez/Documents/Msc_Data_Sciences/DSS/Project/cardio-dss/airflow/dags/cardio_etl_dag.py took 0.568 seconds
[2026-01-16T04:06:37.568+0100] {processor.py:157} INFO - Started process (PID=50727) to work on /Users/rubennunez/Documents/Msc_Data_Sciences/DSS/Project/cardio-dss/airflow/dags/cardio_etl_dag.py
[2026-01-16T04:06:37.574+0100] {processor.py:829} INFO - Processing file /Users/rubennunez/Documents/Msc_Data_Sciences/DSS/Project/cardio-dss/airflow/dags/cardio_etl_dag.py for tasks to queue
[2026-01-16T04:06:37.575+0100] {logging_mixin.py:151} INFO - [2026-01-16T04:06:37.575+0100] {dagbag.py:539} INFO - Filling up the DagBag from /Users/rubennunez/Documents/Msc_Data_Sciences/DSS/Project/cardio-dss/airflow/dags/cardio_etl_dag.py
[2026-01-16T04:06:38.732+0100] {processor.py:839} INFO - DAG(s) dict_keys(['full_pipeline']) retrieved from /Users/rubennunez/Documents/Msc_Data_Sciences/DSS/Project/cardio-dss/airflow/dags/cardio_etl_dag.py
[2026-01-16T04:06:39.300+0100] {logging_mixin.py:151} INFO - [2026-01-16T04:06:39.300+0100] {manager.py:499} INFO - Created Permission View: %s
[2026-01-16T04:06:39.308+0100] {logging_mixin.py:151} INFO - [2026-01-16T04:06:39.307+0100] {manager.py:499} INFO - Created Permission View: %s
[2026-01-16T04:06:39.314+0100] {logging_mixin.py:151} INFO - [2026-01-16T04:06:39.314+0100] {manager.py:499} INFO - Created Permission View: %s
[2026-01-16T04:06:39.314+0100] {logging_mixin.py:151} INFO - [2026-01-16T04:06:39.314+0100] {security.py:708} INFO - Not syncing DAG-level permissions for DAG 'DAG:full_pipeline' as access control is unset.
[2026-01-16T04:06:39.315+0100] {logging_mixin.py:151} INFO - [2026-01-16T04:06:39.314+0100] {dag.py:2915} INFO - Sync 1 DAGs
[2026-01-16T04:06:39.327+0100] {logging_mixin.py:151} INFO - [2026-01-16T04:06:39.327+0100] {dag.py:2937} INFO - Creating ORM DAG for full_pipeline
[2026-01-16T04:06:39.328+0100] {logging_mixin.py:151} INFO - [2026-01-16T04:06:39.328+0100] {dag.py:3696} INFO - Setting next_dagrun for full_pipeline to None, run_after=None
[2026-01-16T04:06:39.348+0100] {processor.py:179} INFO - Processing /Users/rubennunez/Documents/Msc_Data_Sciences/DSS/Project/cardio-dss/airflow/dags/cardio_etl_dag.py took 1.781 seconds
[2026-01-16T04:07:13.289+0100] {processor.py:157} INFO - Started process (PID=50771) to work on /Users/rubennunez/Documents/Msc_Data_Sciences/DSS/Project/cardio-dss/airflow/dags/cardio_etl_dag.py
[2026-01-16T04:07:13.294+0100] {processor.py:829} INFO - Processing file /Users/rubennunez/Documents/Msc_Data_Sciences/DSS/Project/cardio-dss/airflow/dags/cardio_etl_dag.py for tasks to queue
[2026-01-16T04:07:13.295+0100] {logging_mixin.py:151} INFO - [2026-01-16T04:07:13.294+0100] {dagbag.py:539} INFO - Filling up the DagBag from /Users/rubennunez/Documents/Msc_Data_Sciences/DSS/Project/cardio-dss/airflow/dags/cardio_etl_dag.py
[2026-01-16T04:07:14.330+0100] {processor.py:839} INFO - DAG(s) dict_keys(['full_pipeline']) retrieved from /Users/rubennunez/Documents/Msc_Data_Sciences/DSS/Project/cardio-dss/airflow/dags/cardio_etl_dag.py
[2026-01-16T04:07:14.553+0100] {logging_mixin.py:151} INFO - [2026-01-16T04:07:14.553+0100] {dag.py:2915} INFO - Sync 1 DAGs
[2026-01-16T04:07:14.561+0100] {logging_mixin.py:151} INFO - [2026-01-16T04:07:14.561+0100] {dag.py:3696} INFO - Setting next_dagrun for full_pipeline to None, run_after=None
[2026-01-16T04:07:14.577+0100] {processor.py:179} INFO - Processing /Users/rubennunez/Documents/Msc_Data_Sciences/DSS/Project/cardio-dss/airflow/dags/cardio_etl_dag.py took 1.288 seconds
[2026-01-16T04:07:46.283+0100] {processor.py:157} INFO - Started process (PID=50804) to work on /Users/rubennunez/Documents/Msc_Data_Sciences/DSS/Project/cardio-dss/airflow/dags/cardio_etl_dag.py
[2026-01-16T04:07:46.289+0100] {processor.py:829} INFO - Processing file /Users/rubennunez/Documents/Msc_Data_Sciences/DSS/Project/cardio-dss/airflow/dags/cardio_etl_dag.py for tasks to queue
[2026-01-16T04:07:46.290+0100] {logging_mixin.py:151} INFO - [2026-01-16T04:07:46.289+0100] {dagbag.py:539} INFO - Filling up the DagBag from /Users/rubennunez/Documents/Msc_Data_Sciences/DSS/Project/cardio-dss/airflow/dags/cardio_etl_dag.py
[2026-01-16T04:07:47.434+0100] {processor.py:839} INFO - DAG(s) dict_keys(['full_pipeline']) retrieved from /Users/rubennunez/Documents/Msc_Data_Sciences/DSS/Project/cardio-dss/airflow/dags/cardio_etl_dag.py
[2026-01-16T04:07:47.659+0100] {logging_mixin.py:151} INFO - [2026-01-16T04:07:47.659+0100] {dag.py:2915} INFO - Sync 1 DAGs
[2026-01-16T04:07:47.666+0100] {logging_mixin.py:151} INFO - [2026-01-16T04:07:47.666+0100] {dag.py:3696} INFO - Setting next_dagrun for full_pipeline to None, run_after=None
[2026-01-16T04:07:47.683+0100] {processor.py:179} INFO - Processing /Users/rubennunez/Documents/Msc_Data_Sciences/DSS/Project/cardio-dss/airflow/dags/cardio_etl_dag.py took 1.401 seconds
[2026-01-16T04:08:19.746+0100] {processor.py:157} INFO - Started process (PID=50864) to work on /Users/rubennunez/Documents/Msc_Data_Sciences/DSS/Project/cardio-dss/airflow/dags/cardio_etl_dag.py
[2026-01-16T04:08:19.750+0100] {processor.py:829} INFO - Processing file /Users/rubennunez/Documents/Msc_Data_Sciences/DSS/Project/cardio-dss/airflow/dags/cardio_etl_dag.py for tasks to queue
[2026-01-16T04:08:19.751+0100] {logging_mixin.py:151} INFO - [2026-01-16T04:08:19.751+0100] {dagbag.py:539} INFO - Filling up the DagBag from /Users/rubennunez/Documents/Msc_Data_Sciences/DSS/Project/cardio-dss/airflow/dags/cardio_etl_dag.py
[2026-01-16T04:08:20.945+0100] {processor.py:839} INFO - DAG(s) dict_keys(['full_pipeline']) retrieved from /Users/rubennunez/Documents/Msc_Data_Sciences/DSS/Project/cardio-dss/airflow/dags/cardio_etl_dag.py
[2026-01-16T04:08:21.153+0100] {logging_mixin.py:151} INFO - [2026-01-16T04:08:21.153+0100] {dag.py:2915} INFO - Sync 1 DAGs
[2026-01-16T04:08:21.161+0100] {logging_mixin.py:151} INFO - [2026-01-16T04:08:21.161+0100] {dag.py:3696} INFO - Setting next_dagrun for full_pipeline to None, run_after=None
[2026-01-16T04:08:21.181+0100] {processor.py:179} INFO - Processing /Users/rubennunez/Documents/Msc_Data_Sciences/DSS/Project/cardio-dss/airflow/dags/cardio_etl_dag.py took 1.435 seconds
[2026-01-16T04:08:52.820+0100] {processor.py:157} INFO - Started process (PID=51071) to work on /Users/rubennunez/Documents/Msc_Data_Sciences/DSS/Project/cardio-dss/airflow/dags/cardio_etl_dag.py
[2026-01-16T04:08:52.828+0100] {processor.py:829} INFO - Processing file /Users/rubennunez/Documents/Msc_Data_Sciences/DSS/Project/cardio-dss/airflow/dags/cardio_etl_dag.py for tasks to queue
[2026-01-16T04:08:52.829+0100] {logging_mixin.py:151} INFO - [2026-01-16T04:08:52.829+0100] {dagbag.py:539} INFO - Filling up the DagBag from /Users/rubennunez/Documents/Msc_Data_Sciences/DSS/Project/cardio-dss/airflow/dags/cardio_etl_dag.py
[2026-01-16T04:08:53.940+0100] {processor.py:839} INFO - DAG(s) dict_keys(['full_pipeline']) retrieved from /Users/rubennunez/Documents/Msc_Data_Sciences/DSS/Project/cardio-dss/airflow/dags/cardio_etl_dag.py
[2026-01-16T04:08:54.163+0100] {logging_mixin.py:151} INFO - [2026-01-16T04:08:54.163+0100] {dag.py:2915} INFO - Sync 1 DAGs
[2026-01-16T04:08:54.172+0100] {logging_mixin.py:151} INFO - [2026-01-16T04:08:54.171+0100] {dag.py:3696} INFO - Setting next_dagrun for full_pipeline to None, run_after=None
[2026-01-16T04:08:54.197+0100] {processor.py:179} INFO - Processing /Users/rubennunez/Documents/Msc_Data_Sciences/DSS/Project/cardio-dss/airflow/dags/cardio_etl_dag.py took 1.378 seconds
[2026-01-16T04:09:25.512+0100] {processor.py:157} INFO - Started process (PID=51152) to work on /Users/rubennunez/Documents/Msc_Data_Sciences/DSS/Project/cardio-dss/airflow/dags/cardio_etl_dag.py
[2026-01-16T04:09:25.516+0100] {processor.py:829} INFO - Processing file /Users/rubennunez/Documents/Msc_Data_Sciences/DSS/Project/cardio-dss/airflow/dags/cardio_etl_dag.py for tasks to queue
[2026-01-16T04:09:25.517+0100] {logging_mixin.py:151} INFO - [2026-01-16T04:09:25.516+0100] {dagbag.py:539} INFO - Filling up the DagBag from /Users/rubennunez/Documents/Msc_Data_Sciences/DSS/Project/cardio-dss/airflow/dags/cardio_etl_dag.py
[2026-01-16T04:09:26.495+0100] {processor.py:839} INFO - DAG(s) dict_keys(['full_pipeline']) retrieved from /Users/rubennunez/Documents/Msc_Data_Sciences/DSS/Project/cardio-dss/airflow/dags/cardio_etl_dag.py
[2026-01-16T04:09:26.695+0100] {logging_mixin.py:151} INFO - [2026-01-16T04:09:26.695+0100] {dag.py:2915} INFO - Sync 1 DAGs
[2026-01-16T04:09:26.702+0100] {logging_mixin.py:151} INFO - [2026-01-16T04:09:26.702+0100] {dag.py:3696} INFO - Setting next_dagrun for full_pipeline to None, run_after=None
[2026-01-16T04:09:26.727+0100] {processor.py:179} INFO - Processing /Users/rubennunez/Documents/Msc_Data_Sciences/DSS/Project/cardio-dss/airflow/dags/cardio_etl_dag.py took 1.215 seconds
[2026-01-16T04:09:56.969+0100] {processor.py:157} INFO - Started process (PID=51433) to work on /Users/rubennunez/Documents/Msc_Data_Sciences/DSS/Project/cardio-dss/airflow/dags/cardio_etl_dag.py
[2026-01-16T04:09:56.974+0100] {processor.py:829} INFO - Processing file /Users/rubennunez/Documents/Msc_Data_Sciences/DSS/Project/cardio-dss/airflow/dags/cardio_etl_dag.py for tasks to queue
[2026-01-16T04:09:56.974+0100] {logging_mixin.py:151} INFO - [2026-01-16T04:09:56.974+0100] {dagbag.py:539} INFO - Filling up the DagBag from /Users/rubennunez/Documents/Msc_Data_Sciences/DSS/Project/cardio-dss/airflow/dags/cardio_etl_dag.py
[2026-01-16T04:09:58.300+0100] {processor.py:839} INFO - DAG(s) dict_keys(['full_pipeline']) retrieved from /Users/rubennunez/Documents/Msc_Data_Sciences/DSS/Project/cardio-dss/airflow/dags/cardio_etl_dag.py
[2026-01-16T04:09:58.512+0100] {logging_mixin.py:151} INFO - [2026-01-16T04:09:58.512+0100] {dag.py:2915} INFO - Sync 1 DAGs
[2026-01-16T04:09:58.520+0100] {logging_mixin.py:151} INFO - [2026-01-16T04:09:58.519+0100] {dag.py:3696} INFO - Setting next_dagrun for full_pipeline to None, run_after=None
[2026-01-16T04:09:58.545+0100] {processor.py:179} INFO - Processing /Users/rubennunez/Documents/Msc_Data_Sciences/DSS/Project/cardio-dss/airflow/dags/cardio_etl_dag.py took 1.577 seconds
[2026-01-16T04:10:54.310+0100] {processor.py:157} INFO - Started process (PID=51523) to work on /Users/rubennunez/Documents/Msc_Data_Sciences/DSS/Project/cardio-dss/airflow/dags/cardio_etl_dag.py
[2026-01-16T04:10:54.317+0100] {processor.py:829} INFO - Processing file /Users/rubennunez/Documents/Msc_Data_Sciences/DSS/Project/cardio-dss/airflow/dags/cardio_etl_dag.py for tasks to queue
[2026-01-16T04:10:54.317+0100] {logging_mixin.py:151} INFO - [2026-01-16T04:10:54.317+0100] {dagbag.py:539} INFO - Filling up the DagBag from /Users/rubennunez/Documents/Msc_Data_Sciences/DSS/Project/cardio-dss/airflow/dags/cardio_etl_dag.py
[2026-01-16T04:10:56.339+0100] {processor.py:839} INFO - DAG(s) dict_keys(['full_pipeline']) retrieved from /Users/rubennunez/Documents/Msc_Data_Sciences/DSS/Project/cardio-dss/airflow/dags/cardio_etl_dag.py
[2026-01-16T04:10:56.660+0100] {logging_mixin.py:151} INFO - [2026-01-16T04:10:56.660+0100] {dag.py:2915} INFO - Sync 1 DAGs
[2026-01-16T04:10:56.674+0100] {logging_mixin.py:151} INFO - [2026-01-16T04:10:56.673+0100] {dag.py:3696} INFO - Setting next_dagrun for full_pipeline to None, run_after=None
[2026-01-16T04:10:56.701+0100] {processor.py:179} INFO - Processing /Users/rubennunez/Documents/Msc_Data_Sciences/DSS/Project/cardio-dss/airflow/dags/cardio_etl_dag.py took 2.392 seconds
[2026-01-16T04:11:28.987+0100] {processor.py:157} INFO - Started process (PID=51577) to work on /Users/rubennunez/Documents/Msc_Data_Sciences/DSS/Project/cardio-dss/airflow/dags/cardio_etl_dag.py
[2026-01-16T04:11:28.991+0100] {processor.py:829} INFO - Processing file /Users/rubennunez/Documents/Msc_Data_Sciences/DSS/Project/cardio-dss/airflow/dags/cardio_etl_dag.py for tasks to queue
[2026-01-16T04:11:28.992+0100] {logging_mixin.py:151} INFO - [2026-01-16T04:11:28.991+0100] {dagbag.py:539} INFO - Filling up the DagBag from /Users/rubennunez/Documents/Msc_Data_Sciences/DSS/Project/cardio-dss/airflow/dags/cardio_etl_dag.py
[2026-01-16T04:11:29.964+0100] {processor.py:839} INFO - DAG(s) dict_keys(['full_pipeline']) retrieved from /Users/rubennunez/Documents/Msc_Data_Sciences/DSS/Project/cardio-dss/airflow/dags/cardio_etl_dag.py
[2026-01-16T04:11:30.173+0100] {logging_mixin.py:151} INFO - [2026-01-16T04:11:30.172+0100] {dag.py:2915} INFO - Sync 1 DAGs
[2026-01-16T04:11:30.180+0100] {logging_mixin.py:151} INFO - [2026-01-16T04:11:30.180+0100] {dag.py:3696} INFO - Setting next_dagrun for full_pipeline to None, run_after=None
[2026-01-16T04:11:30.204+0100] {processor.py:179} INFO - Processing /Users/rubennunez/Documents/Msc_Data_Sciences/DSS/Project/cardio-dss/airflow/dags/cardio_etl_dag.py took 1.218 seconds
[2026-01-16T04:12:01.497+0100] {processor.py:157} INFO - Started process (PID=51615) to work on /Users/rubennunez/Documents/Msc_Data_Sciences/DSS/Project/cardio-dss/airflow/dags/cardio_etl_dag.py
[2026-01-16T04:12:01.501+0100] {processor.py:829} INFO - Processing file /Users/rubennunez/Documents/Msc_Data_Sciences/DSS/Project/cardio-dss/airflow/dags/cardio_etl_dag.py for tasks to queue
[2026-01-16T04:12:01.502+0100] {logging_mixin.py:151} INFO - [2026-01-16T04:12:01.502+0100] {dagbag.py:539} INFO - Filling up the DagBag from /Users/rubennunez/Documents/Msc_Data_Sciences/DSS/Project/cardio-dss/airflow/dags/cardio_etl_dag.py
[2026-01-16T04:12:02.608+0100] {processor.py:839} INFO - DAG(s) dict_keys(['full_pipeline']) retrieved from /Users/rubennunez/Documents/Msc_Data_Sciences/DSS/Project/cardio-dss/airflow/dags/cardio_etl_dag.py
[2026-01-16T04:12:02.835+0100] {logging_mixin.py:151} INFO - [2026-01-16T04:12:02.835+0100] {dag.py:2915} INFO - Sync 1 DAGs
[2026-01-16T04:12:02.843+0100] {logging_mixin.py:151} INFO - [2026-01-16T04:12:02.843+0100] {dag.py:3696} INFO - Setting next_dagrun for full_pipeline to None, run_after=None
[2026-01-16T04:12:02.868+0100] {processor.py:179} INFO - Processing /Users/rubennunez/Documents/Msc_Data_Sciences/DSS/Project/cardio-dss/airflow/dags/cardio_etl_dag.py took 1.371 seconds
