[2026-01-16T00:12:07.703+0100] {manager.py:469} INFO - Processing files using up to 1 processes at a time 
[2026-01-16T00:12:07.704+0100] {manager.py:470} INFO - Process each file at most once every 30 seconds
[2026-01-16T00:12:07.704+0100] {manager.py:471} INFO - Checking for new files in /Users/rubennunez/Documents/Msc_Data_Sciences/DSS/Project/cardio-dss/dags every 300 seconds
[2026-01-16T00:12:07.704+0100] {manager.py:738} INFO - Searching for files in /Users/rubennunez/Documents/Msc_Data_Sciences/DSS/Project/cardio-dss/dags
[2026-01-16T00:12:07.720+0100] {manager.py:741} INFO - There are 48 files in /Users/rubennunez/Documents/Msc_Data_Sciences/DSS/Project/cardio-dss/dags
[2026-01-16T00:12:38.606+0100] {manager.py:879} INFO - 
================================================================================
DAG File Processing Stats

File Path                                                                                                                                                                              PID    Runtime      # DAGs    # Errors  Last Runtime    Last Run
-------------------------------------------------------------------------------------------------------------------------------------------------------------------------------------  -----  ---------  --------  ----------  --------------  -------------------
/Users/rubennunez/Documents/Msc_Data_Sciences/DSS/Project/cardio-dss/venv/lib/python3.9/site-packages/airflow/example_dags/example_latest_only.py                                                               0           0
/Users/rubennunez/Documents/Msc_Data_Sciences/DSS/Project/cardio-dss/venv/lib/python3.9/site-packages/airflow/example_dags/example_local_kubernetes_executor.py                                                 0           0
/Users/rubennunez/Documents/Msc_Data_Sciences/DSS/Project/cardio-dss/venv/lib/python3.9/site-packages/airflow/example_dags/example_task_group_decorator.py                                                      0           0
/Users/rubennunez/Documents/Msc_Data_Sciences/DSS/Project/cardio-dss/venv/lib/python3.9/site-packages/airflow/example_dags/example_complex.py                                                                   0           0
/Users/rubennunez/Documents/Msc_Data_Sciences/DSS/Project/cardio-dss/venv/lib/python3.9/site-packages/airflow/example_dags/example_python_operator.py                                                           0           0
/Users/rubennunez/Documents/Msc_Data_Sciences/DSS/Project/cardio-dss/venv/lib/python3.9/site-packages/airflow/example_dags/tutorial_taskflow_api_virtualenv.py                                                  0           0  1.67s           2026-01-15T23:12:20
/Users/rubennunez/Documents/Msc_Data_Sciences/DSS/Project/cardio-dss/venv/lib/python3.9/site-packages/airflow/example_dags/example_params_trigger_ui.py                                                         0           0
/Users/rubennunez/Documents/Msc_Data_Sciences/DSS/Project/cardio-dss/venv/lib/python3.9/site-packages/airflow/example_dags/example_external_task_marker_dag.py                                                  0           0
/Users/rubennunez/Documents/Msc_Data_Sciences/DSS/Project/cardio-dss/venv/lib/python3.9/site-packages/airflow/example_dags/example_bash_operator.py                                                             0           0
/Users/rubennunez/Documents/Msc_Data_Sciences/DSS/Project/cardio-dss/venv/lib/python3.9/site-packages/airflow/example_dags/example_short_circuit_operator.py                                                    0           0
/Users/rubennunez/Documents/Msc_Data_Sciences/DSS/Project/cardio-dss/venv/lib/python3.9/site-packages/airflow/example_dags/example_setup_teardown.py                                                            0           0
/Users/rubennunez/Documents/Msc_Data_Sciences/DSS/Project/cardio-dss/venv/lib/python3.9/site-packages/airflow/example_dags/example_branch_operator.py                                                           0           0
/Users/rubennunez/Documents/Msc_Data_Sciences/DSS/Project/cardio-dss/venv/lib/python3.9/site-packages/airflow/example_dags/example_branch_labels.py                                                             0           0
/Users/rubennunez/Documents/Msc_Data_Sciences/DSS/Project/cardio-dss/venv/lib/python3.9/site-packages/airflow/example_dags/example_task_group.py                                                                0           0
/Users/rubennunez/Documents/Msc_Data_Sciences/DSS/Project/cardio-dss/venv/lib/python3.9/site-packages/airflow/example_dags/example_python_decorator.py                                                          0           0
/Users/rubennunez/Documents/Msc_Data_Sciences/DSS/Project/cardio-dss/venv/lib/python3.9/site-packages/airflow/example_dags/example_sla_dag.py                                                                   0           0
/Users/rubennunez/Documents/Msc_Data_Sciences/DSS/Project/cardio-dss/venv/lib/python3.9/site-packages/airflow/example_dags/example_passing_params_via_test_command.py                                           0           0
/Users/rubennunez/Documents/Msc_Data_Sciences/DSS/Project/cardio-dss/venv/lib/python3.9/site-packages/airflow/example_dags/example_latest_only_with_trigger.py                                                  0           0
/Users/rubennunez/Documents/Msc_Data_Sciences/DSS/Project/cardio-dss/venv/lib/python3.9/site-packages/airflow/example_dags/example_time_delta_sensor_async.py                                                   0           0
/Users/rubennunez/Documents/Msc_Data_Sciences/DSS/Project/cardio-dss/venv/lib/python3.9/site-packages/airflow/example_dags/example_dag_decorator.py                                                             0           0
/Users/rubennunez/Documents/Msc_Data_Sciences/DSS/Project/cardio-dss/venv/lib/python3.9/site-packages/airflow/example_dags/example_branch_operator_decorator.py                                                 0           0
/Users/rubennunez/Documents/Msc_Data_Sciences/DSS/Project/cardio-dss/venv/lib/python3.9/site-packages/airflow/example_dags/example_branch_day_of_week_operator.py                                               0           0
/Users/rubennunez/Documents/Msc_Data_Sciences/DSS/Project/cardio-dss/venv/lib/python3.9/site-packages/airflow/example_dags/example_skip_dag.py                                                                  0           0
/Users/rubennunez/Documents/Msc_Data_Sciences/DSS/Project/cardio-dss/venv/lib/python3.9/site-packages/airflow/example_dags/example_short_circuit_decorator.py                                                   0           0
/Users/rubennunez/Documents/Msc_Data_Sciences/DSS/Project/cardio-dss/venv/lib/python3.9/site-packages/airflow/example_dags/example_datasets.py                                                                  0           0
/Users/rubennunez/Documents/Msc_Data_Sciences/DSS/Project/cardio-dss/venv/lib/python3.9/site-packages/airflow/example_dags/example_trigger_target_dag.py                                                        0           0
/Users/rubennunez/Documents/Msc_Data_Sciences/DSS/Project/cardio-dss/venv/lib/python3.9/site-packages/airflow/example_dags/example_sensor_decorator.py                                                          0           0
/Users/rubennunez/Documents/Msc_Data_Sciences/DSS/Project/cardio-dss/venv/lib/python3.9/site-packages/airflow/example_dags/example_kubernetes_executor.py                                                       0           0
/Users/rubennunez/Documents/Msc_Data_Sciences/DSS/Project/cardio-dss/venv/lib/python3.9/site-packages/airflow/example_dags/example_branch_python_dop_operator_3.py                                              0           0
/Users/rubennunez/Documents/Msc_Data_Sciences/DSS/Project/cardio-dss/venv/lib/python3.9/site-packages/airflow/example_dags/example_sensors.py                                                                   0           0
/Users/rubennunez/Documents/Msc_Data_Sciences/DSS/Project/cardio-dss/venv/lib/python3.9/site-packages/airflow/example_dags/example_setup_teardown_taskflow.py                                                   0           0
/Users/rubennunez/Documents/Msc_Data_Sciences/DSS/Project/cardio-dss/venv/lib/python3.9/site-packages/airflow/example_dags/example_branch_datetime_operator.py                                                  0           0
/Users/rubennunez/Documents/Msc_Data_Sciences/DSS/Project/cardio-dss/venv/lib/python3.9/site-packages/airflow/example_dags/example_nested_branch_dag.py                                                         0           0
/Users/rubennunez/Documents/Msc_Data_Sciences/DSS/Project/cardio-dss/venv/lib/python3.9/site-packages/airflow/example_dags/example_subdag_operator.py                                                           0           0
/Users/rubennunez/Documents/Msc_Data_Sciences/DSS/Project/cardio-dss/venv/lib/python3.9/site-packages/airflow/example_dags/example_dynamic_task_mapping_with_no_taskflow_operators.py                           0           0
/Users/rubennunez/Documents/Msc_Data_Sciences/DSS/Project/cardio-dss/venv/lib/python3.9/site-packages/airflow/example_dags/example_trigger_controller_dag.py                                                    0           0
/Users/rubennunez/Documents/Msc_Data_Sciences/DSS/Project/cardio-dss/venv/lib/python3.9/site-packages/airflow/example_dags/example_params_ui_tutorial.py                                                        0           0
/Users/rubennunez/Documents/Msc_Data_Sciences/DSS/Project/cardio-dss/venv/lib/python3.9/site-packages/airflow/example_dags/example_dynamic_task_mapping.py                                                      0           0
/Users/rubennunez/Documents/Msc_Data_Sciences/DSS/Project/cardio-dss/venv/lib/python3.9/site-packages/airflow/example_dags/plugins/workday.py                                                                   0           0  2.50s           2026-01-15T23:12:13
/Users/rubennunez/Documents/Msc_Data_Sciences/DSS/Project/cardio-dss/venv/lib/python3.9/site-packages/airflow/example_dags/plugins/event_listener.py                                                            0           0  1.68s           2026-01-15T23:12:17
/Users/rubennunez/Documents/Msc_Data_Sciences/DSS/Project/cardio-dss/venv/lib/python3.9/site-packages/airflow/example_dags/plugins/listener_plugin.py                                                           0           0  1.71s           2026-01-15T23:12:16
/Users/rubennunez/Documents/Msc_Data_Sciences/DSS/Project/cardio-dss/venv/lib/python3.9/site-packages/airflow/example_dags/subdags/subdag.py                                                                    0           0  1.90s           2026-01-15T23:12:09
/Users/rubennunez/Documents/Msc_Data_Sciences/DSS/Project/cardio-dss/venv/lib/python3.9/site-packages/airflow/example_dags/tutorial_objectstorage.py                                                            1           0  2.47s           2026-01-15T23:12:26
/Users/rubennunez/Documents/Msc_Data_Sciences/DSS/Project/cardio-dss/venv/lib/python3.9/site-packages/airflow/example_dags/tutorial_taskflow_api.py                                                             1           0  2.15s           2026-01-15T23:12:23
/Users/rubennunez/Documents/Msc_Data_Sciences/DSS/Project/cardio-dss/venv/lib/python3.9/site-packages/airflow/example_dags/tutorial.py                                                                          1           0  2.06s           2026-01-15T23:12:32
/Users/rubennunez/Documents/Msc_Data_Sciences/DSS/Project/cardio-dss/venv/lib/python3.9/site-packages/airflow/example_dags/example_xcom.py                                                                      1           0  1.93s           2026-01-15T23:12:38
/Users/rubennunez/Documents/Msc_Data_Sciences/DSS/Project/cardio-dss/venv/lib/python3.9/site-packages/airflow/example_dags/tutorial_dag.py                                                                      1           0  1.80s           2026-01-15T23:12:29
/Users/rubennunez/Documents/Msc_Data_Sciences/DSS/Project/cardio-dss/venv/lib/python3.9/site-packages/airflow/example_dags/example_xcomargs.py                                                                  2           0  1.82s           2026-01-15T23:12:35
================================================================================
[2026-01-16T00:13:11.230+0100] {manager.py:879} INFO - 
================================================================================
DAG File Processing Stats

File Path                                                                                                                                                                              PID    Runtime      # DAGs    # Errors  Last Runtime    Last Run
-------------------------------------------------------------------------------------------------------------------------------------------------------------------------------------  -----  ---------  --------  ----------  --------------  -------------------
/Users/rubennunez/Documents/Msc_Data_Sciences/DSS/Project/cardio-dss/venv/lib/python3.9/site-packages/airflow/example_dags/example_latest_only.py                                                               0           0
/Users/rubennunez/Documents/Msc_Data_Sciences/DSS/Project/cardio-dss/venv/lib/python3.9/site-packages/airflow/example_dags/example_local_kubernetes_executor.py                                                 0           0
/Users/rubennunez/Documents/Msc_Data_Sciences/DSS/Project/cardio-dss/venv/lib/python3.9/site-packages/airflow/example_dags/example_complex.py                                                                   0           0
/Users/rubennunez/Documents/Msc_Data_Sciences/DSS/Project/cardio-dss/venv/lib/python3.9/site-packages/airflow/example_dags/example_python_operator.py                                                           0           0
/Users/rubennunez/Documents/Msc_Data_Sciences/DSS/Project/cardio-dss/venv/lib/python3.9/site-packages/airflow/example_dags/tutorial_taskflow_api_virtualenv.py                                                  0           0  1.67s           2026-01-15T23:12:20
/Users/rubennunez/Documents/Msc_Data_Sciences/DSS/Project/cardio-dss/venv/lib/python3.9/site-packages/airflow/example_dags/example_params_trigger_ui.py                                                         0           0
/Users/rubennunez/Documents/Msc_Data_Sciences/DSS/Project/cardio-dss/venv/lib/python3.9/site-packages/airflow/example_dags/example_external_task_marker_dag.py                                                  0           0
/Users/rubennunez/Documents/Msc_Data_Sciences/DSS/Project/cardio-dss/venv/lib/python3.9/site-packages/airflow/example_dags/example_bash_operator.py                                                             0           0
/Users/rubennunez/Documents/Msc_Data_Sciences/DSS/Project/cardio-dss/venv/lib/python3.9/site-packages/airflow/example_dags/example_setup_teardown.py                                                            0           0
/Users/rubennunez/Documents/Msc_Data_Sciences/DSS/Project/cardio-dss/venv/lib/python3.9/site-packages/airflow/example_dags/example_branch_operator.py                                                           0           0
/Users/rubennunez/Documents/Msc_Data_Sciences/DSS/Project/cardio-dss/venv/lib/python3.9/site-packages/airflow/example_dags/example_branch_labels.py                                                             0           0
/Users/rubennunez/Documents/Msc_Data_Sciences/DSS/Project/cardio-dss/venv/lib/python3.9/site-packages/airflow/example_dags/example_python_decorator.py                                                          0           0
/Users/rubennunez/Documents/Msc_Data_Sciences/DSS/Project/cardio-dss/venv/lib/python3.9/site-packages/airflow/example_dags/example_passing_params_via_test_command.py                                           0           0
/Users/rubennunez/Documents/Msc_Data_Sciences/DSS/Project/cardio-dss/venv/lib/python3.9/site-packages/airflow/example_dags/example_latest_only_with_trigger.py                                                  0           0
/Users/rubennunez/Documents/Msc_Data_Sciences/DSS/Project/cardio-dss/venv/lib/python3.9/site-packages/airflow/example_dags/example_dag_decorator.py                                                             0           0
/Users/rubennunez/Documents/Msc_Data_Sciences/DSS/Project/cardio-dss/venv/lib/python3.9/site-packages/airflow/example_dags/example_branch_operator_decorator.py                                                 0           0
/Users/rubennunez/Documents/Msc_Data_Sciences/DSS/Project/cardio-dss/venv/lib/python3.9/site-packages/airflow/example_dags/example_branch_day_of_week_operator.py                                               0           0
/Users/rubennunez/Documents/Msc_Data_Sciences/DSS/Project/cardio-dss/venv/lib/python3.9/site-packages/airflow/example_dags/example_datasets.py                                                                  0           0
/Users/rubennunez/Documents/Msc_Data_Sciences/DSS/Project/cardio-dss/venv/lib/python3.9/site-packages/airflow/example_dags/example_sensor_decorator.py                                                          0           0
/Users/rubennunez/Documents/Msc_Data_Sciences/DSS/Project/cardio-dss/venv/lib/python3.9/site-packages/airflow/example_dags/example_kubernetes_executor.py                                                       0           0
/Users/rubennunez/Documents/Msc_Data_Sciences/DSS/Project/cardio-dss/venv/lib/python3.9/site-packages/airflow/example_dags/example_branch_python_dop_operator_3.py                                              0           0
/Users/rubennunez/Documents/Msc_Data_Sciences/DSS/Project/cardio-dss/venv/lib/python3.9/site-packages/airflow/example_dags/example_sensors.py                                                                   0           0
/Users/rubennunez/Documents/Msc_Data_Sciences/DSS/Project/cardio-dss/venv/lib/python3.9/site-packages/airflow/example_dags/example_setup_teardown_taskflow.py                                                   0           0
/Users/rubennunez/Documents/Msc_Data_Sciences/DSS/Project/cardio-dss/venv/lib/python3.9/site-packages/airflow/example_dags/example_branch_datetime_operator.py                                                  0           0
/Users/rubennunez/Documents/Msc_Data_Sciences/DSS/Project/cardio-dss/venv/lib/python3.9/site-packages/airflow/example_dags/example_nested_branch_dag.py                                                         0           0
/Users/rubennunez/Documents/Msc_Data_Sciences/DSS/Project/cardio-dss/venv/lib/python3.9/site-packages/airflow/example_dags/example_dynamic_task_mapping_with_no_taskflow_operators.py                           0           0
/Users/rubennunez/Documents/Msc_Data_Sciences/DSS/Project/cardio-dss/venv/lib/python3.9/site-packages/airflow/example_dags/example_params_ui_tutorial.py                                                        0           0
/Users/rubennunez/Documents/Msc_Data_Sciences/DSS/Project/cardio-dss/venv/lib/python3.9/site-packages/airflow/example_dags/example_dynamic_task_mapping.py                                                      0           0
/Users/rubennunez/Documents/Msc_Data_Sciences/DSS/Project/cardio-dss/venv/lib/python3.9/site-packages/airflow/example_dags/plugins/workday.py                                                                   0           0  2.50s           2026-01-15T23:12:13
/Users/rubennunez/Documents/Msc_Data_Sciences/DSS/Project/cardio-dss/venv/lib/python3.9/site-packages/airflow/example_dags/plugins/event_listener.py                                                            0           0  1.68s           2026-01-15T23:12:17
/Users/rubennunez/Documents/Msc_Data_Sciences/DSS/Project/cardio-dss/venv/lib/python3.9/site-packages/airflow/example_dags/plugins/listener_plugin.py                                                           0           0  1.71s           2026-01-15T23:12:16
/Users/rubennunez/Documents/Msc_Data_Sciences/DSS/Project/cardio-dss/venv/lib/python3.9/site-packages/airflow/example_dags/subdags/subdag.py                                                                    0           0  1.90s           2026-01-15T23:12:09
/Users/rubennunez/Documents/Msc_Data_Sciences/DSS/Project/cardio-dss/venv/lib/python3.9/site-packages/airflow/example_dags/example_task_group_decorator.py                                                      1           0  2.02s           2026-01-15T23:12:51
/Users/rubennunez/Documents/Msc_Data_Sciences/DSS/Project/cardio-dss/venv/lib/python3.9/site-packages/airflow/example_dags/tutorial_objectstorage.py                                                            1           0  2.47s           2026-01-15T23:12:26
/Users/rubennunez/Documents/Msc_Data_Sciences/DSS/Project/cardio-dss/venv/lib/python3.9/site-packages/airflow/example_dags/example_short_circuit_operator.py                                                    1           0  2.40s           2026-01-15T23:13:07
/Users/rubennunez/Documents/Msc_Data_Sciences/DSS/Project/cardio-dss/venv/lib/python3.9/site-packages/airflow/example_dags/tutorial_taskflow_api.py                                                             1           0  2.15s           2026-01-15T23:12:23
/Users/rubennunez/Documents/Msc_Data_Sciences/DSS/Project/cardio-dss/venv/lib/python3.9/site-packages/airflow/example_dags/example_task_group.py                                                                1           0  2.29s           2026-01-15T23:12:53
/Users/rubennunez/Documents/Msc_Data_Sciences/DSS/Project/cardio-dss/venv/lib/python3.9/site-packages/airflow/example_dags/tutorial.py                                                                          1           0  2.06s           2026-01-15T23:12:32
/Users/rubennunez/Documents/Msc_Data_Sciences/DSS/Project/cardio-dss/venv/lib/python3.9/site-packages/airflow/example_dags/example_sla_dag.py                                                                   1           0  2.74s           2026-01-15T23:13:00
/Users/rubennunez/Documents/Msc_Data_Sciences/DSS/Project/cardio-dss/venv/lib/python3.9/site-packages/airflow/example_dags/example_time_delta_sensor_async.py                                                   1           0  2.26s           2026-01-15T23:12:47
/Users/rubennunez/Documents/Msc_Data_Sciences/DSS/Project/cardio-dss/venv/lib/python3.9/site-packages/airflow/example_dags/example_xcom.py                                                                      1           0  1.93s           2026-01-15T23:12:38
/Users/rubennunez/Documents/Msc_Data_Sciences/DSS/Project/cardio-dss/venv/lib/python3.9/site-packages/airflow/example_dags/example_skip_dag.py                                                                  1           0  2.46s           2026-01-15T23:13:04
/Users/rubennunez/Documents/Msc_Data_Sciences/DSS/Project/cardio-dss/venv/lib/python3.9/site-packages/airflow/example_dags/example_short_circuit_decorator.py                                                   1           0  2.42s           2026-01-15T23:13:11
/Users/rubennunez/Documents/Msc_Data_Sciences/DSS/Project/cardio-dss/venv/lib/python3.9/site-packages/airflow/example_dags/tutorial_dag.py                                                                      1           0  1.80s           2026-01-15T23:12:29
/Users/rubennunez/Documents/Msc_Data_Sciences/DSS/Project/cardio-dss/venv/lib/python3.9/site-packages/airflow/example_dags/example_trigger_target_dag.py                                                        1           0  1.88s           2026-01-15T23:12:41
/Users/rubennunez/Documents/Msc_Data_Sciences/DSS/Project/cardio-dss/venv/lib/python3.9/site-packages/airflow/example_dags/example_trigger_controller_dag.py                                                    1           0  2.09s           2026-01-15T23:12:44
/Users/rubennunez/Documents/Msc_Data_Sciences/DSS/Project/cardio-dss/venv/lib/python3.9/site-packages/airflow/example_dags/example_xcomargs.py                                                                  2           0  1.82s           2026-01-15T23:12:35
/Users/rubennunez/Documents/Msc_Data_Sciences/DSS/Project/cardio-dss/venv/lib/python3.9/site-packages/airflow/example_dags/example_subdag_operator.py                                                           3           0  2.08s           2026-01-15T23:12:57
================================================================================
[2026-01-16T00:13:43.131+0100] {manager.py:879} INFO - 
================================================================================
DAG File Processing Stats

File Path                                                                                                                                                                              PID    Runtime      # DAGs    # Errors  Last Runtime    Last Run
-------------------------------------------------------------------------------------------------------------------------------------------------------------------------------------  -----  ---------  --------  ----------  --------------  -------------------
/Users/rubennunez/Documents/Msc_Data_Sciences/DSS/Project/cardio-dss/venv/lib/python3.9/site-packages/airflow/example_dags/example_latest_only.py                                                               0           0
/Users/rubennunez/Documents/Msc_Data_Sciences/DSS/Project/cardio-dss/venv/lib/python3.9/site-packages/airflow/example_dags/example_local_kubernetes_executor.py                                                 0           0
/Users/rubennunez/Documents/Msc_Data_Sciences/DSS/Project/cardio-dss/venv/lib/python3.9/site-packages/airflow/example_dags/example_complex.py                                                                   0           0
/Users/rubennunez/Documents/Msc_Data_Sciences/DSS/Project/cardio-dss/venv/lib/python3.9/site-packages/airflow/example_dags/tutorial_taskflow_api_virtualenv.py                                                  0           0  1.67s           2026-01-15T23:12:20
/Users/rubennunez/Documents/Msc_Data_Sciences/DSS/Project/cardio-dss/venv/lib/python3.9/site-packages/airflow/example_dags/example_external_task_marker_dag.py                                                  0           0
/Users/rubennunez/Documents/Msc_Data_Sciences/DSS/Project/cardio-dss/venv/lib/python3.9/site-packages/airflow/example_dags/example_bash_operator.py                                                             0           0
/Users/rubennunez/Documents/Msc_Data_Sciences/DSS/Project/cardio-dss/venv/lib/python3.9/site-packages/airflow/example_dags/example_branch_operator.py                                                           0           0
/Users/rubennunez/Documents/Msc_Data_Sciences/DSS/Project/cardio-dss/venv/lib/python3.9/site-packages/airflow/example_dags/example_branch_labels.py                                                             0           0
/Users/rubennunez/Documents/Msc_Data_Sciences/DSS/Project/cardio-dss/venv/lib/python3.9/site-packages/airflow/example_dags/example_latest_only_with_trigger.py                                                  0           0
/Users/rubennunez/Documents/Msc_Data_Sciences/DSS/Project/cardio-dss/venv/lib/python3.9/site-packages/airflow/example_dags/example_dag_decorator.py                                                             0           0
/Users/rubennunez/Documents/Msc_Data_Sciences/DSS/Project/cardio-dss/venv/lib/python3.9/site-packages/airflow/example_dags/example_branch_operator_decorator.py                                                 0           0
/Users/rubennunez/Documents/Msc_Data_Sciences/DSS/Project/cardio-dss/venv/lib/python3.9/site-packages/airflow/example_dags/example_branch_day_of_week_operator.py                                               0           0
/Users/rubennunez/Documents/Msc_Data_Sciences/DSS/Project/cardio-dss/venv/lib/python3.9/site-packages/airflow/example_dags/example_datasets.py                                                                  0           0
/Users/rubennunez/Documents/Msc_Data_Sciences/DSS/Project/cardio-dss/venv/lib/python3.9/site-packages/airflow/example_dags/example_kubernetes_executor.py                                                       0           0
/Users/rubennunez/Documents/Msc_Data_Sciences/DSS/Project/cardio-dss/venv/lib/python3.9/site-packages/airflow/example_dags/example_branch_python_dop_operator_3.py                                              0           0
/Users/rubennunez/Documents/Msc_Data_Sciences/DSS/Project/cardio-dss/venv/lib/python3.9/site-packages/airflow/example_dags/example_branch_datetime_operator.py                                                  0           0
/Users/rubennunez/Documents/Msc_Data_Sciences/DSS/Project/cardio-dss/venv/lib/python3.9/site-packages/airflow/example_dags/example_dynamic_task_mapping_with_no_taskflow_operators.py                           0           0
/Users/rubennunez/Documents/Msc_Data_Sciences/DSS/Project/cardio-dss/venv/lib/python3.9/site-packages/airflow/example_dags/example_dynamic_task_mapping.py                                                      0           0
/Users/rubennunez/Documents/Msc_Data_Sciences/DSS/Project/cardio-dss/venv/lib/python3.9/site-packages/airflow/example_dags/plugins/workday.py                                                                   0           0  2.50s           2026-01-15T23:12:13
/Users/rubennunez/Documents/Msc_Data_Sciences/DSS/Project/cardio-dss/venv/lib/python3.9/site-packages/airflow/example_dags/plugins/event_listener.py                                                            0           0  1.68s           2026-01-15T23:12:17
/Users/rubennunez/Documents/Msc_Data_Sciences/DSS/Project/cardio-dss/venv/lib/python3.9/site-packages/airflow/example_dags/plugins/listener_plugin.py                                                           0           0  1.71s           2026-01-15T23:12:16
/Users/rubennunez/Documents/Msc_Data_Sciences/DSS/Project/cardio-dss/venv/lib/python3.9/site-packages/airflow/example_dags/subdags/subdag.py                                                                    0           0  1.90s           2026-01-15T23:12:09
/Users/rubennunez/Documents/Msc_Data_Sciences/DSS/Project/cardio-dss/venv/lib/python3.9/site-packages/airflow/example_dags/example_task_group_decorator.py                                                      1           0  2.02s           2026-01-15T23:12:51
/Users/rubennunez/Documents/Msc_Data_Sciences/DSS/Project/cardio-dss/venv/lib/python3.9/site-packages/airflow/example_dags/example_python_operator.py                                                           1           0  2.22s           2026-01-15T23:13:28
/Users/rubennunez/Documents/Msc_Data_Sciences/DSS/Project/cardio-dss/venv/lib/python3.9/site-packages/airflow/example_dags/example_params_trigger_ui.py                                                         1           0  1.84s           2026-01-15T23:13:40
/Users/rubennunez/Documents/Msc_Data_Sciences/DSS/Project/cardio-dss/venv/lib/python3.9/site-packages/airflow/example_dags/tutorial_objectstorage.py                                                            1           0  2.47s           2026-01-15T23:12:26
/Users/rubennunez/Documents/Msc_Data_Sciences/DSS/Project/cardio-dss/venv/lib/python3.9/site-packages/airflow/example_dags/example_short_circuit_operator.py                                                    1           0  2.40s           2026-01-15T23:13:07
/Users/rubennunez/Documents/Msc_Data_Sciences/DSS/Project/cardio-dss/venv/lib/python3.9/site-packages/airflow/example_dags/example_setup_teardown.py                                                            1           0  2.36s           2026-01-15T23:13:17
/Users/rubennunez/Documents/Msc_Data_Sciences/DSS/Project/cardio-dss/venv/lib/python3.9/site-packages/airflow/example_dags/tutorial_taskflow_api.py                                                             1           0  2.15s           2026-01-15T23:12:23
/Users/rubennunez/Documents/Msc_Data_Sciences/DSS/Project/cardio-dss/venv/lib/python3.9/site-packages/airflow/example_dags/example_task_group.py                                                                1           0  2.29s           2026-01-15T23:12:53
/Users/rubennunez/Documents/Msc_Data_Sciences/DSS/Project/cardio-dss/venv/lib/python3.9/site-packages/airflow/example_dags/tutorial.py                                                                          1           0  2.06s           2026-01-15T23:12:32
/Users/rubennunez/Documents/Msc_Data_Sciences/DSS/Project/cardio-dss/venv/lib/python3.9/site-packages/airflow/example_dags/example_python_decorator.py                                                          1           0  1.82s           2026-01-15T23:13:31
/Users/rubennunez/Documents/Msc_Data_Sciences/DSS/Project/cardio-dss/venv/lib/python3.9/site-packages/airflow/example_dags/example_sla_dag.py                                                                   1           0  2.74s           2026-01-15T23:13:00
/Users/rubennunez/Documents/Msc_Data_Sciences/DSS/Project/cardio-dss/venv/lib/python3.9/site-packages/airflow/example_dags/example_passing_params_via_test_command.py                                           1           0  2.13s           2026-01-15T23:13:34
/Users/rubennunez/Documents/Msc_Data_Sciences/DSS/Project/cardio-dss/venv/lib/python3.9/site-packages/airflow/example_dags/example_time_delta_sensor_async.py                                                   1           0  2.26s           2026-01-15T23:12:47
/Users/rubennunez/Documents/Msc_Data_Sciences/DSS/Project/cardio-dss/venv/lib/python3.9/site-packages/airflow/example_dags/example_xcom.py                                                                      1           0  1.93s           2026-01-15T23:12:38
/Users/rubennunez/Documents/Msc_Data_Sciences/DSS/Project/cardio-dss/venv/lib/python3.9/site-packages/airflow/example_dags/example_skip_dag.py                                                                  1           0  2.46s           2026-01-15T23:13:04
/Users/rubennunez/Documents/Msc_Data_Sciences/DSS/Project/cardio-dss/venv/lib/python3.9/site-packages/airflow/example_dags/example_short_circuit_decorator.py                                                   1           0  2.42s           2026-01-15T23:13:11
/Users/rubennunez/Documents/Msc_Data_Sciences/DSS/Project/cardio-dss/venv/lib/python3.9/site-packages/airflow/example_dags/tutorial_dag.py                                                                      1           0  1.80s           2026-01-15T23:12:29
/Users/rubennunez/Documents/Msc_Data_Sciences/DSS/Project/cardio-dss/venv/lib/python3.9/site-packages/airflow/example_dags/example_trigger_target_dag.py                                                        1           0  1.88s           2026-01-15T23:12:41
/Users/rubennunez/Documents/Msc_Data_Sciences/DSS/Project/cardio-dss/venv/lib/python3.9/site-packages/airflow/example_dags/example_sensor_decorator.py                                                          1           0  2.81s           2026-01-15T23:13:25
/Users/rubennunez/Documents/Msc_Data_Sciences/DSS/Project/cardio-dss/venv/lib/python3.9/site-packages/airflow/example_dags/example_sensors.py                                                                   1           0  2.77s           2026-01-15T23:13:21
/Users/rubennunez/Documents/Msc_Data_Sciences/DSS/Project/cardio-dss/venv/lib/python3.9/site-packages/airflow/example_dags/example_setup_teardown_taskflow.py                                                   1           0  2.10s           2026-01-15T23:13:14
/Users/rubennunez/Documents/Msc_Data_Sciences/DSS/Project/cardio-dss/venv/lib/python3.9/site-packages/airflow/example_dags/example_nested_branch_dag.py                                                         1           0  1.83s           2026-01-15T23:13:43
/Users/rubennunez/Documents/Msc_Data_Sciences/DSS/Project/cardio-dss/venv/lib/python3.9/site-packages/airflow/example_dags/example_trigger_controller_dag.py                                                    1           0  2.09s           2026-01-15T23:12:44
/Users/rubennunez/Documents/Msc_Data_Sciences/DSS/Project/cardio-dss/venv/lib/python3.9/site-packages/airflow/example_dags/example_params_ui_tutorial.py                                                        1           0  1.80s           2026-01-15T23:13:37
/Users/rubennunez/Documents/Msc_Data_Sciences/DSS/Project/cardio-dss/venv/lib/python3.9/site-packages/airflow/example_dags/example_xcomargs.py                                                                  2           0  1.82s           2026-01-15T23:12:35
/Users/rubennunez/Documents/Msc_Data_Sciences/DSS/Project/cardio-dss/venv/lib/python3.9/site-packages/airflow/example_dags/example_subdag_operator.py                                                           3           0  2.08s           2026-01-15T23:12:57
================================================================================
[2026-01-16T00:14:14.760+0100] {manager.py:879} INFO - 
================================================================================
DAG File Processing Stats

File Path                                                                                                                                                                              PID    Runtime      # DAGs    # Errors  Last Runtime    Last Run
-------------------------------------------------------------------------------------------------------------------------------------------------------------------------------------  -----  ---------  --------  ----------  --------------  -------------------
/Users/rubennunez/Documents/Msc_Data_Sciences/DSS/Project/cardio-dss/venv/lib/python3.9/site-packages/airflow/example_dags/example_local_kubernetes_executor.py                                                 0           0  1.70s           2026-01-15T23:13:45
/Users/rubennunez/Documents/Msc_Data_Sciences/DSS/Project/cardio-dss/venv/lib/python3.9/site-packages/airflow/example_dags/tutorial_taskflow_api_virtualenv.py                                                  0           0  1.67s           2026-01-15T23:12:20
/Users/rubennunez/Documents/Msc_Data_Sciences/DSS/Project/cardio-dss/venv/lib/python3.9/site-packages/airflow/example_dags/example_bash_operator.py                                                             0           0
/Users/rubennunez/Documents/Msc_Data_Sciences/DSS/Project/cardio-dss/venv/lib/python3.9/site-packages/airflow/example_dags/example_branch_operator.py                                                           0           0
/Users/rubennunez/Documents/Msc_Data_Sciences/DSS/Project/cardio-dss/venv/lib/python3.9/site-packages/airflow/example_dags/example_branch_labels.py                                                             0           0
/Users/rubennunez/Documents/Msc_Data_Sciences/DSS/Project/cardio-dss/venv/lib/python3.9/site-packages/airflow/example_dags/example_branch_operator_decorator.py                                                 0           0
/Users/rubennunez/Documents/Msc_Data_Sciences/DSS/Project/cardio-dss/venv/lib/python3.9/site-packages/airflow/example_dags/example_branch_day_of_week_operator.py                                               0           0
/Users/rubennunez/Documents/Msc_Data_Sciences/DSS/Project/cardio-dss/venv/lib/python3.9/site-packages/airflow/example_dags/example_kubernetes_executor.py                                                       0           0  1.91s           2026-01-15T23:13:53
/Users/rubennunez/Documents/Msc_Data_Sciences/DSS/Project/cardio-dss/venv/lib/python3.9/site-packages/airflow/example_dags/example_branch_datetime_operator.py                                                  0           0
/Users/rubennunez/Documents/Msc_Data_Sciences/DSS/Project/cardio-dss/venv/lib/python3.9/site-packages/airflow/example_dags/plugins/workday.py                                                                   0           0  2.50s           2026-01-15T23:12:13
/Users/rubennunez/Documents/Msc_Data_Sciences/DSS/Project/cardio-dss/venv/lib/python3.9/site-packages/airflow/example_dags/plugins/event_listener.py                                                            0           0  1.68s           2026-01-15T23:12:17
/Users/rubennunez/Documents/Msc_Data_Sciences/DSS/Project/cardio-dss/venv/lib/python3.9/site-packages/airflow/example_dags/plugins/listener_plugin.py                                                           0           0  1.71s           2026-01-15T23:12:16
/Users/rubennunez/Documents/Msc_Data_Sciences/DSS/Project/cardio-dss/venv/lib/python3.9/site-packages/airflow/example_dags/subdags/subdag.py                                                                    0           0  1.90s           2026-01-15T23:12:09
/Users/rubennunez/Documents/Msc_Data_Sciences/DSS/Project/cardio-dss/venv/lib/python3.9/site-packages/airflow/example_dags/example_latest_only.py                                                               1           0  1.96s           2026-01-15T23:13:50
/Users/rubennunez/Documents/Msc_Data_Sciences/DSS/Project/cardio-dss/venv/lib/python3.9/site-packages/airflow/example_dags/example_task_group_decorator.py                                                      1           0  2.02s           2026-01-15T23:12:51
/Users/rubennunez/Documents/Msc_Data_Sciences/DSS/Project/cardio-dss/venv/lib/python3.9/site-packages/airflow/example_dags/example_complex.py                                                                   1           0  2.09s           2026-01-15T23:14:11
/Users/rubennunez/Documents/Msc_Data_Sciences/DSS/Project/cardio-dss/venv/lib/python3.9/site-packages/airflow/example_dags/example_python_operator.py                                                           1           0  2.22s           2026-01-15T23:13:28
/Users/rubennunez/Documents/Msc_Data_Sciences/DSS/Project/cardio-dss/venv/lib/python3.9/site-packages/airflow/example_dags/example_params_trigger_ui.py                                                         1           0  1.84s           2026-01-15T23:13:40
/Users/rubennunez/Documents/Msc_Data_Sciences/DSS/Project/cardio-dss/venv/lib/python3.9/site-packages/airflow/example_dags/tutorial_objectstorage.py                                                            1           0  2.47s           2026-01-15T23:12:26
/Users/rubennunez/Documents/Msc_Data_Sciences/DSS/Project/cardio-dss/venv/lib/python3.9/site-packages/airflow/example_dags/example_short_circuit_operator.py                                                    1           0  2.40s           2026-01-15T23:13:07
/Users/rubennunez/Documents/Msc_Data_Sciences/DSS/Project/cardio-dss/venv/lib/python3.9/site-packages/airflow/example_dags/example_setup_teardown.py                                                            1           0  2.36s           2026-01-15T23:13:17
/Users/rubennunez/Documents/Msc_Data_Sciences/DSS/Project/cardio-dss/venv/lib/python3.9/site-packages/airflow/example_dags/tutorial_taskflow_api.py                                                             1           0  2.15s           2026-01-15T23:12:23
/Users/rubennunez/Documents/Msc_Data_Sciences/DSS/Project/cardio-dss/venv/lib/python3.9/site-packages/airflow/example_dags/example_task_group.py                                                                1           0  2.29s           2026-01-15T23:12:53
/Users/rubennunez/Documents/Msc_Data_Sciences/DSS/Project/cardio-dss/venv/lib/python3.9/site-packages/airflow/example_dags/tutorial.py                                                                          1           0  2.06s           2026-01-15T23:12:32
/Users/rubennunez/Documents/Msc_Data_Sciences/DSS/Project/cardio-dss/venv/lib/python3.9/site-packages/airflow/example_dags/example_python_decorator.py                                                          1           0  1.82s           2026-01-15T23:13:31
/Users/rubennunez/Documents/Msc_Data_Sciences/DSS/Project/cardio-dss/venv/lib/python3.9/site-packages/airflow/example_dags/example_sla_dag.py                                                                   1           0  2.74s           2026-01-15T23:13:00
/Users/rubennunez/Documents/Msc_Data_Sciences/DSS/Project/cardio-dss/venv/lib/python3.9/site-packages/airflow/example_dags/example_passing_params_via_test_command.py                                           1           0  2.13s           2026-01-15T23:13:34
/Users/rubennunez/Documents/Msc_Data_Sciences/DSS/Project/cardio-dss/venv/lib/python3.9/site-packages/airflow/example_dags/example_latest_only_with_trigger.py                                                  1           0  1.79s           2026-01-15T23:13:48
/Users/rubennunez/Documents/Msc_Data_Sciences/DSS/Project/cardio-dss/venv/lib/python3.9/site-packages/airflow/example_dags/example_time_delta_sensor_async.py                                                   1           0  2.26s           2026-01-15T23:12:47
/Users/rubennunez/Documents/Msc_Data_Sciences/DSS/Project/cardio-dss/venv/lib/python3.9/site-packages/airflow/example_dags/example_dag_decorator.py                                                             1           0  2.26s           2026-01-15T23:14:08
/Users/rubennunez/Documents/Msc_Data_Sciences/DSS/Project/cardio-dss/venv/lib/python3.9/site-packages/airflow/example_dags/example_xcom.py                                                                      1           0  1.93s           2026-01-15T23:12:38
/Users/rubennunez/Documents/Msc_Data_Sciences/DSS/Project/cardio-dss/venv/lib/python3.9/site-packages/airflow/example_dags/example_skip_dag.py                                                                  1           0  2.46s           2026-01-15T23:13:04
/Users/rubennunez/Documents/Msc_Data_Sciences/DSS/Project/cardio-dss/venv/lib/python3.9/site-packages/airflow/example_dags/example_short_circuit_decorator.py                                                   1           0  2.42s           2026-01-15T23:13:11
/Users/rubennunez/Documents/Msc_Data_Sciences/DSS/Project/cardio-dss/venv/lib/python3.9/site-packages/airflow/example_dags/tutorial_dag.py                                                                      1           0  1.80s           2026-01-15T23:12:29
/Users/rubennunez/Documents/Msc_Data_Sciences/DSS/Project/cardio-dss/venv/lib/python3.9/site-packages/airflow/example_dags/example_trigger_target_dag.py                                                        1           0  1.88s           2026-01-15T23:12:41
/Users/rubennunez/Documents/Msc_Data_Sciences/DSS/Project/cardio-dss/venv/lib/python3.9/site-packages/airflow/example_dags/example_sensor_decorator.py                                                          1           0  2.81s           2026-01-15T23:13:25
/Users/rubennunez/Documents/Msc_Data_Sciences/DSS/Project/cardio-dss/venv/lib/python3.9/site-packages/airflow/example_dags/example_branch_python_dop_operator_3.py                                              1           0  2.23s           2026-01-15T23:14:14
/Users/rubennunez/Documents/Msc_Data_Sciences/DSS/Project/cardio-dss/venv/lib/python3.9/site-packages/airflow/example_dags/example_sensors.py                                                                   1           0  2.77s           2026-01-15T23:13:21
/Users/rubennunez/Documents/Msc_Data_Sciences/DSS/Project/cardio-dss/venv/lib/python3.9/site-packages/airflow/example_dags/example_setup_teardown_taskflow.py                                                   1           0  2.10s           2026-01-15T23:13:14
/Users/rubennunez/Documents/Msc_Data_Sciences/DSS/Project/cardio-dss/venv/lib/python3.9/site-packages/airflow/example_dags/example_nested_branch_dag.py                                                         1           0  1.83s           2026-01-15T23:13:43
/Users/rubennunez/Documents/Msc_Data_Sciences/DSS/Project/cardio-dss/venv/lib/python3.9/site-packages/airflow/example_dags/example_dynamic_task_mapping_with_no_taskflow_operators.py                           1           0  1.93s           2026-01-15T23:13:59
/Users/rubennunez/Documents/Msc_Data_Sciences/DSS/Project/cardio-dss/venv/lib/python3.9/site-packages/airflow/example_dags/example_trigger_controller_dag.py                                                    1           0  2.09s           2026-01-15T23:12:44
/Users/rubennunez/Documents/Msc_Data_Sciences/DSS/Project/cardio-dss/venv/lib/python3.9/site-packages/airflow/example_dags/example_params_ui_tutorial.py                                                        1           0  1.80s           2026-01-15T23:13:37
/Users/rubennunez/Documents/Msc_Data_Sciences/DSS/Project/cardio-dss/venv/lib/python3.9/site-packages/airflow/example_dags/example_dynamic_task_mapping.py                                                      1           0  2.13s           2026-01-15T23:14:02
/Users/rubennunez/Documents/Msc_Data_Sciences/DSS/Project/cardio-dss/venv/lib/python3.9/site-packages/airflow/example_dags/example_external_task_marker_dag.py                                                  2           0  2.19s           2026-01-15T23:13:56
/Users/rubennunez/Documents/Msc_Data_Sciences/DSS/Project/cardio-dss/venv/lib/python3.9/site-packages/airflow/example_dags/example_xcomargs.py                                                                  2           0  1.82s           2026-01-15T23:12:35
/Users/rubennunez/Documents/Msc_Data_Sciences/DSS/Project/cardio-dss/venv/lib/python3.9/site-packages/airflow/example_dags/example_subdag_operator.py                                                           3           0  2.08s           2026-01-15T23:12:57
/Users/rubennunez/Documents/Msc_Data_Sciences/DSS/Project/cardio-dss/venv/lib/python3.9/site-packages/airflow/example_dags/example_datasets.py                                                                  6           0  1.98s           2026-01-15T23:14:05
================================================================================
[2026-01-16T00:14:47.487+0100] {manager.py:879} INFO - 
================================================================================
DAG File Processing Stats

File Path                                                                                                                                                                              PID    Runtime      # DAGs    # Errors  Last Runtime    Last Run
-------------------------------------------------------------------------------------------------------------------------------------------------------------------------------------  -----  ---------  --------  ----------  --------------  -------------------
/Users/rubennunez/Documents/Msc_Data_Sciences/DSS/Project/cardio-dss/venv/lib/python3.9/site-packages/airflow/example_dags/example_local_kubernetes_executor.py                                                 0           0  1.70s           2026-01-15T23:13:45
/Users/rubennunez/Documents/Msc_Data_Sciences/DSS/Project/cardio-dss/venv/lib/python3.9/site-packages/airflow/example_dags/tutorial_taskflow_api_virtualenv.py                                                  0           0  2.10s           2026-01-15T23:14:47
/Users/rubennunez/Documents/Msc_Data_Sciences/DSS/Project/cardio-dss/venv/lib/python3.9/site-packages/airflow/example_dags/example_branch_operator.py                                                           0           1  1.69s           2026-01-15T23:14:20
/Users/rubennunez/Documents/Msc_Data_Sciences/DSS/Project/cardio-dss/venv/lib/python3.9/site-packages/airflow/example_dags/example_branch_operator_decorator.py                                                 0           1  1.94s           2026-01-15T23:14:17
/Users/rubennunez/Documents/Msc_Data_Sciences/DSS/Project/cardio-dss/venv/lib/python3.9/site-packages/airflow/example_dags/example_kubernetes_executor.py                                                       0           0  1.91s           2026-01-15T23:13:53
/Users/rubennunez/Documents/Msc_Data_Sciences/DSS/Project/cardio-dss/venv/lib/python3.9/site-packages/airflow/example_dags/plugins/workday.py                                                                   0           0  2.15s           2026-01-15T23:14:38
/Users/rubennunez/Documents/Msc_Data_Sciences/DSS/Project/cardio-dss/venv/lib/python3.9/site-packages/airflow/example_dags/plugins/event_listener.py                                                            0           0  1.63s           2026-01-15T23:14:44
/Users/rubennunez/Documents/Msc_Data_Sciences/DSS/Project/cardio-dss/venv/lib/python3.9/site-packages/airflow/example_dags/plugins/listener_plugin.py                                                           0           0  1.78s           2026-01-15T23:14:41
/Users/rubennunez/Documents/Msc_Data_Sciences/DSS/Project/cardio-dss/venv/lib/python3.9/site-packages/airflow/example_dags/subdags/subdag.py                                                                    0           0  1.62s           2026-01-15T23:14:35
/Users/rubennunez/Documents/Msc_Data_Sciences/DSS/Project/cardio-dss/venv/lib/python3.9/site-packages/airflow/example_dags/example_latest_only.py                                                               1           0  1.96s           2026-01-15T23:13:50
/Users/rubennunez/Documents/Msc_Data_Sciences/DSS/Project/cardio-dss/venv/lib/python3.9/site-packages/airflow/example_dags/example_task_group_decorator.py                                                      1           0  2.02s           2026-01-15T23:12:51
/Users/rubennunez/Documents/Msc_Data_Sciences/DSS/Project/cardio-dss/venv/lib/python3.9/site-packages/airflow/example_dags/example_complex.py                                                                   1           0  2.09s           2026-01-15T23:14:11
/Users/rubennunez/Documents/Msc_Data_Sciences/DSS/Project/cardio-dss/venv/lib/python3.9/site-packages/airflow/example_dags/example_python_operator.py                                                           1           0  2.22s           2026-01-15T23:13:28
/Users/rubennunez/Documents/Msc_Data_Sciences/DSS/Project/cardio-dss/venv/lib/python3.9/site-packages/airflow/example_dags/example_params_trigger_ui.py                                                         1           0  1.84s           2026-01-15T23:13:40
/Users/rubennunez/Documents/Msc_Data_Sciences/DSS/Project/cardio-dss/venv/lib/python3.9/site-packages/airflow/example_dags/tutorial_objectstorage.py                                                            1           0  2.47s           2026-01-15T23:12:26
/Users/rubennunez/Documents/Msc_Data_Sciences/DSS/Project/cardio-dss/venv/lib/python3.9/site-packages/airflow/example_dags/example_bash_operator.py                                                             1           0  2.04s           2026-01-15T23:14:33
/Users/rubennunez/Documents/Msc_Data_Sciences/DSS/Project/cardio-dss/venv/lib/python3.9/site-packages/airflow/example_dags/example_short_circuit_operator.py                                                    1           0  2.40s           2026-01-15T23:13:07
/Users/rubennunez/Documents/Msc_Data_Sciences/DSS/Project/cardio-dss/venv/lib/python3.9/site-packages/airflow/example_dags/example_setup_teardown.py                                                            1           0  2.36s           2026-01-15T23:13:17
/Users/rubennunez/Documents/Msc_Data_Sciences/DSS/Project/cardio-dss/venv/lib/python3.9/site-packages/airflow/example_dags/example_branch_labels.py                                                             1           0  2.42s           2026-01-15T23:14:23
/Users/rubennunez/Documents/Msc_Data_Sciences/DSS/Project/cardio-dss/venv/lib/python3.9/site-packages/airflow/example_dags/tutorial_taskflow_api.py                                                             1           0  2.15s           2026-01-15T23:12:23
/Users/rubennunez/Documents/Msc_Data_Sciences/DSS/Project/cardio-dss/venv/lib/python3.9/site-packages/airflow/example_dags/example_task_group.py                                                                1           0  2.29s           2026-01-15T23:12:53
/Users/rubennunez/Documents/Msc_Data_Sciences/DSS/Project/cardio-dss/venv/lib/python3.9/site-packages/airflow/example_dags/tutorial.py                                                                          1           0  2.06s           2026-01-15T23:12:32
/Users/rubennunez/Documents/Msc_Data_Sciences/DSS/Project/cardio-dss/venv/lib/python3.9/site-packages/airflow/example_dags/example_python_decorator.py                                                          1           0  1.82s           2026-01-15T23:13:31
/Users/rubennunez/Documents/Msc_Data_Sciences/DSS/Project/cardio-dss/venv/lib/python3.9/site-packages/airflow/example_dags/example_sla_dag.py                                                                   1           0  2.74s           2026-01-15T23:13:00
/Users/rubennunez/Documents/Msc_Data_Sciences/DSS/Project/cardio-dss/venv/lib/python3.9/site-packages/airflow/example_dags/example_passing_params_via_test_command.py                                           1           0  2.13s           2026-01-15T23:13:34
/Users/rubennunez/Documents/Msc_Data_Sciences/DSS/Project/cardio-dss/venv/lib/python3.9/site-packages/airflow/example_dags/example_latest_only_with_trigger.py                                                  1           0  1.79s           2026-01-15T23:13:48
/Users/rubennunez/Documents/Msc_Data_Sciences/DSS/Project/cardio-dss/venv/lib/python3.9/site-packages/airflow/example_dags/example_time_delta_sensor_async.py                                                   1           0  2.26s           2026-01-15T23:12:47
/Users/rubennunez/Documents/Msc_Data_Sciences/DSS/Project/cardio-dss/venv/lib/python3.9/site-packages/airflow/example_dags/example_dag_decorator.py                                                             1           0  2.26s           2026-01-15T23:14:08
/Users/rubennunez/Documents/Msc_Data_Sciences/DSS/Project/cardio-dss/venv/lib/python3.9/site-packages/airflow/example_dags/example_xcom.py                                                                      1           0  1.93s           2026-01-15T23:12:38
/Users/rubennunez/Documents/Msc_Data_Sciences/DSS/Project/cardio-dss/venv/lib/python3.9/site-packages/airflow/example_dags/example_branch_day_of_week_operator.py                                               1           0  2.21s           2026-01-15T23:14:27
/Users/rubennunez/Documents/Msc_Data_Sciences/DSS/Project/cardio-dss/venv/lib/python3.9/site-packages/airflow/example_dags/example_skip_dag.py                                                                  1           0  2.46s           2026-01-15T23:13:04
/Users/rubennunez/Documents/Msc_Data_Sciences/DSS/Project/cardio-dss/venv/lib/python3.9/site-packages/airflow/example_dags/example_short_circuit_decorator.py                                                   1           0  2.42s           2026-01-15T23:13:11
/Users/rubennunez/Documents/Msc_Data_Sciences/DSS/Project/cardio-dss/venv/lib/python3.9/site-packages/airflow/example_dags/tutorial_dag.py                                                                      1           0  1.80s           2026-01-15T23:12:29
/Users/rubennunez/Documents/Msc_Data_Sciences/DSS/Project/cardio-dss/venv/lib/python3.9/site-packages/airflow/example_dags/example_trigger_target_dag.py                                                        1           0  1.88s           2026-01-15T23:12:41
/Users/rubennunez/Documents/Msc_Data_Sciences/DSS/Project/cardio-dss/venv/lib/python3.9/site-packages/airflow/example_dags/example_sensor_decorator.py                                                          1           0  2.81s           2026-01-15T23:13:25
/Users/rubennunez/Documents/Msc_Data_Sciences/DSS/Project/cardio-dss/venv/lib/python3.9/site-packages/airflow/example_dags/example_branch_python_dop_operator_3.py                                              1           0  2.23s           2026-01-15T23:14:14
/Users/rubennunez/Documents/Msc_Data_Sciences/DSS/Project/cardio-dss/venv/lib/python3.9/site-packages/airflow/example_dags/example_sensors.py                                                                   1           0  2.77s           2026-01-15T23:13:21
/Users/rubennunez/Documents/Msc_Data_Sciences/DSS/Project/cardio-dss/venv/lib/python3.9/site-packages/airflow/example_dags/example_setup_teardown_taskflow.py                                                   1           0  2.10s           2026-01-15T23:13:14
/Users/rubennunez/Documents/Msc_Data_Sciences/DSS/Project/cardio-dss/venv/lib/python3.9/site-packages/airflow/example_dags/example_nested_branch_dag.py                                                         1           0  1.83s           2026-01-15T23:13:43
/Users/rubennunez/Documents/Msc_Data_Sciences/DSS/Project/cardio-dss/venv/lib/python3.9/site-packages/airflow/example_dags/example_dynamic_task_mapping_with_no_taskflow_operators.py                           1           0  1.93s           2026-01-15T23:13:59
/Users/rubennunez/Documents/Msc_Data_Sciences/DSS/Project/cardio-dss/venv/lib/python3.9/site-packages/airflow/example_dags/example_trigger_controller_dag.py                                                    1           0  2.09s           2026-01-15T23:12:44
/Users/rubennunez/Documents/Msc_Data_Sciences/DSS/Project/cardio-dss/venv/lib/python3.9/site-packages/airflow/example_dags/example_params_ui_tutorial.py                                                        1           0  1.80s           2026-01-15T23:13:37
/Users/rubennunez/Documents/Msc_Data_Sciences/DSS/Project/cardio-dss/venv/lib/python3.9/site-packages/airflow/example_dags/example_dynamic_task_mapping.py                                                      1           0  2.13s           2026-01-15T23:14:02
/Users/rubennunez/Documents/Msc_Data_Sciences/DSS/Project/cardio-dss/venv/lib/python3.9/site-packages/airflow/example_dags/example_external_task_marker_dag.py                                                  2           0  2.19s           2026-01-15T23:13:56
/Users/rubennunez/Documents/Msc_Data_Sciences/DSS/Project/cardio-dss/venv/lib/python3.9/site-packages/airflow/example_dags/example_xcomargs.py                                                                  2           0  1.82s           2026-01-15T23:12:35
/Users/rubennunez/Documents/Msc_Data_Sciences/DSS/Project/cardio-dss/venv/lib/python3.9/site-packages/airflow/example_dags/example_branch_datetime_operator.py                                                  3           0  1.96s           2026-01-15T23:14:30
/Users/rubennunez/Documents/Msc_Data_Sciences/DSS/Project/cardio-dss/venv/lib/python3.9/site-packages/airflow/example_dags/example_subdag_operator.py                                                           3           0  2.08s           2026-01-15T23:12:57
/Users/rubennunez/Documents/Msc_Data_Sciences/DSS/Project/cardio-dss/venv/lib/python3.9/site-packages/airflow/example_dags/example_datasets.py                                                                  6           0  1.98s           2026-01-15T23:14:05
================================================================================
[2026-01-16T00:15:19.040+0100] {manager.py:879} INFO - 
================================================================================
DAG File Processing Stats

File Path                                                                                                                                                                              PID    Runtime      # DAGs    # Errors  Last Runtime    Last Run
-------------------------------------------------------------------------------------------------------------------------------------------------------------------------------------  -----  ---------  --------  ----------  --------------  -------------------
/Users/rubennunez/Documents/Msc_Data_Sciences/DSS/Project/cardio-dss/venv/lib/python3.9/site-packages/airflow/example_dags/example_local_kubernetes_executor.py                                                 0           0  1.70s           2026-01-15T23:13:45
/Users/rubennunez/Documents/Msc_Data_Sciences/DSS/Project/cardio-dss/venv/lib/python3.9/site-packages/airflow/example_dags/tutorial_taskflow_api_virtualenv.py                                                  0           0  2.10s           2026-01-15T23:14:47
/Users/rubennunez/Documents/Msc_Data_Sciences/DSS/Project/cardio-dss/venv/lib/python3.9/site-packages/airflow/example_dags/example_branch_operator.py                                                           0           1  1.69s           2026-01-15T23:14:20
/Users/rubennunez/Documents/Msc_Data_Sciences/DSS/Project/cardio-dss/venv/lib/python3.9/site-packages/airflow/example_dags/example_branch_operator_decorator.py                                                 0           1  1.94s           2026-01-15T23:14:17
/Users/rubennunez/Documents/Msc_Data_Sciences/DSS/Project/cardio-dss/venv/lib/python3.9/site-packages/airflow/example_dags/example_kubernetes_executor.py                                                       0           0  1.91s           2026-01-15T23:13:53
/Users/rubennunez/Documents/Msc_Data_Sciences/DSS/Project/cardio-dss/venv/lib/python3.9/site-packages/airflow/example_dags/plugins/workday.py                                                                   0           0  2.15s           2026-01-15T23:14:38
/Users/rubennunez/Documents/Msc_Data_Sciences/DSS/Project/cardio-dss/venv/lib/python3.9/site-packages/airflow/example_dags/plugins/event_listener.py                                                            0           0  1.63s           2026-01-15T23:14:44
/Users/rubennunez/Documents/Msc_Data_Sciences/DSS/Project/cardio-dss/venv/lib/python3.9/site-packages/airflow/example_dags/plugins/listener_plugin.py                                                           0           0  1.78s           2026-01-15T23:14:41
/Users/rubennunez/Documents/Msc_Data_Sciences/DSS/Project/cardio-dss/venv/lib/python3.9/site-packages/airflow/example_dags/subdags/subdag.py                                                                    0           0  1.62s           2026-01-15T23:14:35
/Users/rubennunez/Documents/Msc_Data_Sciences/DSS/Project/cardio-dss/venv/lib/python3.9/site-packages/airflow/example_dags/example_latest_only.py                                                               1           0  1.96s           2026-01-15T23:13:50
/Users/rubennunez/Documents/Msc_Data_Sciences/DSS/Project/cardio-dss/venv/lib/python3.9/site-packages/airflow/example_dags/example_task_group_decorator.py                                                      1           0  1.79s           2026-01-15T23:15:16
/Users/rubennunez/Documents/Msc_Data_Sciences/DSS/Project/cardio-dss/venv/lib/python3.9/site-packages/airflow/example_dags/example_complex.py                                                                   1           0  2.09s           2026-01-15T23:14:11
/Users/rubennunez/Documents/Msc_Data_Sciences/DSS/Project/cardio-dss/venv/lib/python3.9/site-packages/airflow/example_dags/example_python_operator.py                                                           1           0  2.22s           2026-01-15T23:13:28
/Users/rubennunez/Documents/Msc_Data_Sciences/DSS/Project/cardio-dss/venv/lib/python3.9/site-packages/airflow/example_dags/example_params_trigger_ui.py                                                         1           0  1.84s           2026-01-15T23:13:40
/Users/rubennunez/Documents/Msc_Data_Sciences/DSS/Project/cardio-dss/venv/lib/python3.9/site-packages/airflow/example_dags/tutorial_objectstorage.py                                                            1           0  1.84s           2026-01-15T23:14:53
/Users/rubennunez/Documents/Msc_Data_Sciences/DSS/Project/cardio-dss/venv/lib/python3.9/site-packages/airflow/example_dags/example_bash_operator.py                                                             1           0  2.04s           2026-01-15T23:14:33
/Users/rubennunez/Documents/Msc_Data_Sciences/DSS/Project/cardio-dss/venv/lib/python3.9/site-packages/airflow/example_dags/example_short_circuit_operator.py                                                    1           0  2.40s           2026-01-15T23:13:07
/Users/rubennunez/Documents/Msc_Data_Sciences/DSS/Project/cardio-dss/venv/lib/python3.9/site-packages/airflow/example_dags/example_setup_teardown.py                                                            1           0  2.36s           2026-01-15T23:13:17
/Users/rubennunez/Documents/Msc_Data_Sciences/DSS/Project/cardio-dss/venv/lib/python3.9/site-packages/airflow/example_dags/example_branch_labels.py                                                             1           0  2.42s           2026-01-15T23:14:23
/Users/rubennunez/Documents/Msc_Data_Sciences/DSS/Project/cardio-dss/venv/lib/python3.9/site-packages/airflow/example_dags/tutorial_taskflow_api.py                                                             1           0  1.84s           2026-01-15T23:14:50
/Users/rubennunez/Documents/Msc_Data_Sciences/DSS/Project/cardio-dss/venv/lib/python3.9/site-packages/airflow/example_dags/example_task_group.py                                                                1           0  1.89s           2026-01-15T23:15:18
/Users/rubennunez/Documents/Msc_Data_Sciences/DSS/Project/cardio-dss/venv/lib/python3.9/site-packages/airflow/example_dags/tutorial.py                                                                          1           0  1.77s           2026-01-15T23:14:59
/Users/rubennunez/Documents/Msc_Data_Sciences/DSS/Project/cardio-dss/venv/lib/python3.9/site-packages/airflow/example_dags/example_python_decorator.py                                                          1           0  1.82s           2026-01-15T23:13:31
/Users/rubennunez/Documents/Msc_Data_Sciences/DSS/Project/cardio-dss/venv/lib/python3.9/site-packages/airflow/example_dags/example_sla_dag.py                                                                   1           0  2.74s           2026-01-15T23:13:00
/Users/rubennunez/Documents/Msc_Data_Sciences/DSS/Project/cardio-dss/venv/lib/python3.9/site-packages/airflow/example_dags/example_passing_params_via_test_command.py                                           1           0  2.13s           2026-01-15T23:13:34
/Users/rubennunez/Documents/Msc_Data_Sciences/DSS/Project/cardio-dss/venv/lib/python3.9/site-packages/airflow/example_dags/example_latest_only_with_trigger.py                                                  1           0  1.79s           2026-01-15T23:13:48
/Users/rubennunez/Documents/Msc_Data_Sciences/DSS/Project/cardio-dss/venv/lib/python3.9/site-packages/airflow/example_dags/example_time_delta_sensor_async.py                                                   1           0  2.00s           2026-01-15T23:15:13
/Users/rubennunez/Documents/Msc_Data_Sciences/DSS/Project/cardio-dss/venv/lib/python3.9/site-packages/airflow/example_dags/example_dag_decorator.py                                                             1           0  2.26s           2026-01-15T23:14:08
/Users/rubennunez/Documents/Msc_Data_Sciences/DSS/Project/cardio-dss/venv/lib/python3.9/site-packages/airflow/example_dags/example_xcom.py                                                                      1           0  1.87s           2026-01-15T23:15:05
/Users/rubennunez/Documents/Msc_Data_Sciences/DSS/Project/cardio-dss/venv/lib/python3.9/site-packages/airflow/example_dags/example_branch_day_of_week_operator.py                                               1           0  2.21s           2026-01-15T23:14:27
/Users/rubennunez/Documents/Msc_Data_Sciences/DSS/Project/cardio-dss/venv/lib/python3.9/site-packages/airflow/example_dags/example_skip_dag.py                                                                  1           0  2.46s           2026-01-15T23:13:04
/Users/rubennunez/Documents/Msc_Data_Sciences/DSS/Project/cardio-dss/venv/lib/python3.9/site-packages/airflow/example_dags/example_short_circuit_decorator.py                                                   1           0  2.42s           2026-01-15T23:13:11
/Users/rubennunez/Documents/Msc_Data_Sciences/DSS/Project/cardio-dss/venv/lib/python3.9/site-packages/airflow/example_dags/tutorial_dag.py                                                                      1           0  2.07s           2026-01-15T23:14:56
/Users/rubennunez/Documents/Msc_Data_Sciences/DSS/Project/cardio-dss/venv/lib/python3.9/site-packages/airflow/example_dags/example_trigger_target_dag.py                                                        1           0  1.97s           2026-01-15T23:15:07
/Users/rubennunez/Documents/Msc_Data_Sciences/DSS/Project/cardio-dss/venv/lib/python3.9/site-packages/airflow/example_dags/example_sensor_decorator.py                                                          1           0  2.81s           2026-01-15T23:13:25
/Users/rubennunez/Documents/Msc_Data_Sciences/DSS/Project/cardio-dss/venv/lib/python3.9/site-packages/airflow/example_dags/example_branch_python_dop_operator_3.py                                              1           0  2.23s           2026-01-15T23:14:14
/Users/rubennunez/Documents/Msc_Data_Sciences/DSS/Project/cardio-dss/venv/lib/python3.9/site-packages/airflow/example_dags/example_sensors.py                                                                   1           0  2.77s           2026-01-15T23:13:21
/Users/rubennunez/Documents/Msc_Data_Sciences/DSS/Project/cardio-dss/venv/lib/python3.9/site-packages/airflow/example_dags/example_setup_teardown_taskflow.py                                                   1           0  2.10s           2026-01-15T23:13:14
/Users/rubennunez/Documents/Msc_Data_Sciences/DSS/Project/cardio-dss/venv/lib/python3.9/site-packages/airflow/example_dags/example_nested_branch_dag.py                                                         1           0  1.83s           2026-01-15T23:13:43
/Users/rubennunez/Documents/Msc_Data_Sciences/DSS/Project/cardio-dss/venv/lib/python3.9/site-packages/airflow/example_dags/example_dynamic_task_mapping_with_no_taskflow_operators.py                           1           0  1.93s           2026-01-15T23:13:59
/Users/rubennunez/Documents/Msc_Data_Sciences/DSS/Project/cardio-dss/venv/lib/python3.9/site-packages/airflow/example_dags/example_trigger_controller_dag.py                                                    1           0  1.85s           2026-01-15T23:15:10
/Users/rubennunez/Documents/Msc_Data_Sciences/DSS/Project/cardio-dss/venv/lib/python3.9/site-packages/airflow/example_dags/example_params_ui_tutorial.py                                                        1           0  1.80s           2026-01-15T23:13:37
/Users/rubennunez/Documents/Msc_Data_Sciences/DSS/Project/cardio-dss/venv/lib/python3.9/site-packages/airflow/example_dags/example_dynamic_task_mapping.py                                                      1           0  2.13s           2026-01-15T23:14:02
/Users/rubennunez/Documents/Msc_Data_Sciences/DSS/Project/cardio-dss/venv/lib/python3.9/site-packages/airflow/example_dags/example_external_task_marker_dag.py                                                  2           0  2.19s           2026-01-15T23:13:56
/Users/rubennunez/Documents/Msc_Data_Sciences/DSS/Project/cardio-dss/venv/lib/python3.9/site-packages/airflow/example_dags/example_xcomargs.py                                                                  2           0  2.10s           2026-01-15T23:15:02
/Users/rubennunez/Documents/Msc_Data_Sciences/DSS/Project/cardio-dss/venv/lib/python3.9/site-packages/airflow/example_dags/example_branch_datetime_operator.py                                                  3           0  1.96s           2026-01-15T23:14:30
/Users/rubennunez/Documents/Msc_Data_Sciences/DSS/Project/cardio-dss/venv/lib/python3.9/site-packages/airflow/example_dags/example_subdag_operator.py                                                           3           0  2.08s           2026-01-15T23:12:57
/Users/rubennunez/Documents/Msc_Data_Sciences/DSS/Project/cardio-dss/venv/lib/python3.9/site-packages/airflow/example_dags/example_datasets.py                                                                  6           0  1.98s           2026-01-15T23:14:05
================================================================================
[2026-01-16T00:15:50.174+0100] {manager.py:879} INFO - 
================================================================================
DAG File Processing Stats

File Path                                                                                                                                                                              PID    Runtime      # DAGs    # Errors  Last Runtime    Last Run
-------------------------------------------------------------------------------------------------------------------------------------------------------------------------------------  -----  ---------  --------  ----------  --------------  -------------------
/Users/rubennunez/Documents/Msc_Data_Sciences/DSS/Project/cardio-dss/venv/lib/python3.9/site-packages/airflow/example_dags/example_local_kubernetes_executor.py                                                 0           0  1.70s           2026-01-15T23:13:45
/Users/rubennunez/Documents/Msc_Data_Sciences/DSS/Project/cardio-dss/venv/lib/python3.9/site-packages/airflow/example_dags/tutorial_taskflow_api_virtualenv.py                                                  0           0  2.10s           2026-01-15T23:14:47
/Users/rubennunez/Documents/Msc_Data_Sciences/DSS/Project/cardio-dss/venv/lib/python3.9/site-packages/airflow/example_dags/example_branch_operator.py                                                           0           1  1.69s           2026-01-15T23:14:20
/Users/rubennunez/Documents/Msc_Data_Sciences/DSS/Project/cardio-dss/venv/lib/python3.9/site-packages/airflow/example_dags/example_branch_operator_decorator.py                                                 0           1  1.94s           2026-01-15T23:14:17
/Users/rubennunez/Documents/Msc_Data_Sciences/DSS/Project/cardio-dss/venv/lib/python3.9/site-packages/airflow/example_dags/example_kubernetes_executor.py                                                       0           0  1.91s           2026-01-15T23:13:53
/Users/rubennunez/Documents/Msc_Data_Sciences/DSS/Project/cardio-dss/venv/lib/python3.9/site-packages/airflow/example_dags/plugins/workday.py                                                                   0           0  2.15s           2026-01-15T23:14:38
/Users/rubennunez/Documents/Msc_Data_Sciences/DSS/Project/cardio-dss/venv/lib/python3.9/site-packages/airflow/example_dags/plugins/event_listener.py                                                            0           0  1.63s           2026-01-15T23:14:44
/Users/rubennunez/Documents/Msc_Data_Sciences/DSS/Project/cardio-dss/venv/lib/python3.9/site-packages/airflow/example_dags/plugins/listener_plugin.py                                                           0           0  1.78s           2026-01-15T23:14:41
/Users/rubennunez/Documents/Msc_Data_Sciences/DSS/Project/cardio-dss/venv/lib/python3.9/site-packages/airflow/example_dags/subdags/subdag.py                                                                    0           0  1.62s           2026-01-15T23:14:35
/Users/rubennunez/Documents/Msc_Data_Sciences/DSS/Project/cardio-dss/venv/lib/python3.9/site-packages/airflow/example_dags/example_latest_only.py                                                               1           0  1.96s           2026-01-15T23:13:50
/Users/rubennunez/Documents/Msc_Data_Sciences/DSS/Project/cardio-dss/venv/lib/python3.9/site-packages/airflow/example_dags/example_task_group_decorator.py                                                      1           0  1.79s           2026-01-15T23:15:16
/Users/rubennunez/Documents/Msc_Data_Sciences/DSS/Project/cardio-dss/venv/lib/python3.9/site-packages/airflow/example_dags/example_complex.py                                                                   1           0  2.09s           2026-01-15T23:14:11
/Users/rubennunez/Documents/Msc_Data_Sciences/DSS/Project/cardio-dss/venv/lib/python3.9/site-packages/airflow/example_dags/example_python_operator.py                                                           1           0  2.01s           2026-01-15T23:15:47
/Users/rubennunez/Documents/Msc_Data_Sciences/DSS/Project/cardio-dss/venv/lib/python3.9/site-packages/airflow/example_dags/example_params_trigger_ui.py                                                         1           0  1.84s           2026-01-15T23:13:40
/Users/rubennunez/Documents/Msc_Data_Sciences/DSS/Project/cardio-dss/venv/lib/python3.9/site-packages/airflow/example_dags/tutorial_objectstorage.py                                                            1           0  1.84s           2026-01-15T23:14:53
/Users/rubennunez/Documents/Msc_Data_Sciences/DSS/Project/cardio-dss/venv/lib/python3.9/site-packages/airflow/example_dags/example_bash_operator.py                                                             1           0  2.04s           2026-01-15T23:14:33
/Users/rubennunez/Documents/Msc_Data_Sciences/DSS/Project/cardio-dss/venv/lib/python3.9/site-packages/airflow/example_dags/example_short_circuit_operator.py                                                    1           0  1.87s           2026-01-15T23:15:30
/Users/rubennunez/Documents/Msc_Data_Sciences/DSS/Project/cardio-dss/venv/lib/python3.9/site-packages/airflow/example_dags/example_setup_teardown.py                                                            1           0  1.80s           2026-01-15T23:15:39
/Users/rubennunez/Documents/Msc_Data_Sciences/DSS/Project/cardio-dss/venv/lib/python3.9/site-packages/airflow/example_dags/example_branch_labels.py                                                             1           0  2.42s           2026-01-15T23:14:23
/Users/rubennunez/Documents/Msc_Data_Sciences/DSS/Project/cardio-dss/venv/lib/python3.9/site-packages/airflow/example_dags/tutorial_taskflow_api.py                                                             1           0  1.84s           2026-01-15T23:14:50
/Users/rubennunez/Documents/Msc_Data_Sciences/DSS/Project/cardio-dss/venv/lib/python3.9/site-packages/airflow/example_dags/example_task_group.py                                                                1           0  1.89s           2026-01-15T23:15:18
/Users/rubennunez/Documents/Msc_Data_Sciences/DSS/Project/cardio-dss/venv/lib/python3.9/site-packages/airflow/example_dags/tutorial.py                                                                          1           0  1.77s           2026-01-15T23:14:59
/Users/rubennunez/Documents/Msc_Data_Sciences/DSS/Project/cardio-dss/venv/lib/python3.9/site-packages/airflow/example_dags/example_python_decorator.py                                                          1           0  1.73s           2026-01-15T23:15:50
/Users/rubennunez/Documents/Msc_Data_Sciences/DSS/Project/cardio-dss/venv/lib/python3.9/site-packages/airflow/example_dags/example_sla_dag.py                                                                   1           0  2.09s           2026-01-15T23:15:24
/Users/rubennunez/Documents/Msc_Data_Sciences/DSS/Project/cardio-dss/venv/lib/python3.9/site-packages/airflow/example_dags/example_passing_params_via_test_command.py                                           1           0  2.13s           2026-01-15T23:13:34
/Users/rubennunez/Documents/Msc_Data_Sciences/DSS/Project/cardio-dss/venv/lib/python3.9/site-packages/airflow/example_dags/example_latest_only_with_trigger.py                                                  1           0  1.79s           2026-01-15T23:13:48
/Users/rubennunez/Documents/Msc_Data_Sciences/DSS/Project/cardio-dss/venv/lib/python3.9/site-packages/airflow/example_dags/example_time_delta_sensor_async.py                                                   1           0  2.00s           2026-01-15T23:15:13
/Users/rubennunez/Documents/Msc_Data_Sciences/DSS/Project/cardio-dss/venv/lib/python3.9/site-packages/airflow/example_dags/example_dag_decorator.py                                                             1           0  2.26s           2026-01-15T23:14:08
/Users/rubennunez/Documents/Msc_Data_Sciences/DSS/Project/cardio-dss/venv/lib/python3.9/site-packages/airflow/example_dags/example_xcom.py                                                                      1           0  1.87s           2026-01-15T23:15:05
/Users/rubennunez/Documents/Msc_Data_Sciences/DSS/Project/cardio-dss/venv/lib/python3.9/site-packages/airflow/example_dags/example_branch_day_of_week_operator.py                                               1           0  2.21s           2026-01-15T23:14:27
/Users/rubennunez/Documents/Msc_Data_Sciences/DSS/Project/cardio-dss/venv/lib/python3.9/site-packages/airflow/example_dags/example_skip_dag.py                                                                  1           0  1.76s           2026-01-15T23:15:27
/Users/rubennunez/Documents/Msc_Data_Sciences/DSS/Project/cardio-dss/venv/lib/python3.9/site-packages/airflow/example_dags/example_short_circuit_decorator.py                                                   1           0  1.75s           2026-01-15T23:15:32
/Users/rubennunez/Documents/Msc_Data_Sciences/DSS/Project/cardio-dss/venv/lib/python3.9/site-packages/airflow/example_dags/tutorial_dag.py                                                                      1           0  2.07s           2026-01-15T23:14:56
/Users/rubennunez/Documents/Msc_Data_Sciences/DSS/Project/cardio-dss/venv/lib/python3.9/site-packages/airflow/example_dags/example_trigger_target_dag.py                                                        1           0  1.97s           2026-01-15T23:15:07
/Users/rubennunez/Documents/Msc_Data_Sciences/DSS/Project/cardio-dss/venv/lib/python3.9/site-packages/airflow/example_dags/example_sensor_decorator.py                                                          1           0  1.77s           2026-01-15T23:15:44
/Users/rubennunez/Documents/Msc_Data_Sciences/DSS/Project/cardio-dss/venv/lib/python3.9/site-packages/airflow/example_dags/example_branch_python_dop_operator_3.py                                              1           0  2.23s           2026-01-15T23:14:14
/Users/rubennunez/Documents/Msc_Data_Sciences/DSS/Project/cardio-dss/venv/lib/python3.9/site-packages/airflow/example_dags/example_sensors.py                                                                   1           0  2.12s           2026-01-15T23:15:41
/Users/rubennunez/Documents/Msc_Data_Sciences/DSS/Project/cardio-dss/venv/lib/python3.9/site-packages/airflow/example_dags/example_setup_teardown_taskflow.py                                                   1           0  2.24s           2026-01-15T23:15:36
/Users/rubennunez/Documents/Msc_Data_Sciences/DSS/Project/cardio-dss/venv/lib/python3.9/site-packages/airflow/example_dags/example_nested_branch_dag.py                                                         1           0  1.83s           2026-01-15T23:13:43
/Users/rubennunez/Documents/Msc_Data_Sciences/DSS/Project/cardio-dss/venv/lib/python3.9/site-packages/airflow/example_dags/example_dynamic_task_mapping_with_no_taskflow_operators.py                           1           0  1.93s           2026-01-15T23:13:59
/Users/rubennunez/Documents/Msc_Data_Sciences/DSS/Project/cardio-dss/venv/lib/python3.9/site-packages/airflow/example_dags/example_trigger_controller_dag.py                                                    1           0  1.85s           2026-01-15T23:15:10
/Users/rubennunez/Documents/Msc_Data_Sciences/DSS/Project/cardio-dss/venv/lib/python3.9/site-packages/airflow/example_dags/example_params_ui_tutorial.py                                                        1           0  1.80s           2026-01-15T23:13:37
/Users/rubennunez/Documents/Msc_Data_Sciences/DSS/Project/cardio-dss/venv/lib/python3.9/site-packages/airflow/example_dags/example_dynamic_task_mapping.py                                                      1           0  2.13s           2026-01-15T23:14:02
/Users/rubennunez/Documents/Msc_Data_Sciences/DSS/Project/cardio-dss/venv/lib/python3.9/site-packages/airflow/example_dags/example_external_task_marker_dag.py                                                  2           0  2.19s           2026-01-15T23:13:56
/Users/rubennunez/Documents/Msc_Data_Sciences/DSS/Project/cardio-dss/venv/lib/python3.9/site-packages/airflow/example_dags/example_xcomargs.py                                                                  2           0  2.10s           2026-01-15T23:15:02
/Users/rubennunez/Documents/Msc_Data_Sciences/DSS/Project/cardio-dss/venv/lib/python3.9/site-packages/airflow/example_dags/example_branch_datetime_operator.py                                                  3           0  1.96s           2026-01-15T23:14:30
/Users/rubennunez/Documents/Msc_Data_Sciences/DSS/Project/cardio-dss/venv/lib/python3.9/site-packages/airflow/example_dags/example_subdag_operator.py                                                           3           0  1.82s           2026-01-15T23:15:21
/Users/rubennunez/Documents/Msc_Data_Sciences/DSS/Project/cardio-dss/venv/lib/python3.9/site-packages/airflow/example_dags/example_datasets.py                                                                  6           0  1.98s           2026-01-15T23:14:05
================================================================================
