[2026-01-16T00:14:17.401+0100] {processor.py:161} INFO - Started process (PID=56015) to work on /Users/rubennunez/Documents/Msc_Data_Sciences/DSS/Project/cardio-dss/venv/lib/python3.9/site-packages/airflow/example_dags/example_branch_operator_decorator.py
[2026-01-16T00:14:17.405+0100] {processor.py:830} INFO - Processing file /Users/rubennunez/Documents/Msc_Data_Sciences/DSS/Project/cardio-dss/venv/lib/python3.9/site-packages/airflow/example_dags/example_branch_operator_decorator.py for tasks to queue
[2026-01-16T00:14:17.405+0100] {logging_mixin.py:188} INFO - [2026-01-16T00:14:17.405+0100] {dagbag.py:538} INFO - Filling up the DagBag from /Users/rubennunez/Documents/Msc_Data_Sciences/DSS/Project/cardio-dss/venv/lib/python3.9/site-packages/airflow/example_dags/example_branch_operator_decorator.py
[2026-01-16T00:14:17.478+0100] {logging_mixin.py:188} INFO - [2026-01-16T00:14:17.444+0100] {dagbag.py:348} ERROR - Failed to import: /Users/rubennunez/Documents/Msc_Data_Sciences/DSS/Project/cardio-dss/venv/lib/python3.9/site-packages/airflow/example_dags/example_branch_operator_decorator.py
Traceback (most recent call last):
  File "/Users/rubennunez/Documents/Msc_Data_Sciences/DSS/Project/cardio-dss/venv/lib/python3.9/site-packages/airflow/models/dagbag.py", line 344, in parse
    loader.exec_module(new_module)
  File "<frozen importlib._bootstrap_external>", line 850, in exec_module
  File "<frozen importlib._bootstrap>", line 228, in _call_with_frames_removed
  File "/Users/rubennunez/Documents/Msc_Data_Sciences/DSS/Project/cardio-dss/venv/lib/python3.9/site-packages/airflow/example_dags/example_branch_operator_decorator.py", line 125, in <module>
    random_choice_venv = branching_virtualenv(choices=options)
  File "/Users/rubennunez/Documents/Msc_Data_Sciences/DSS/Project/cardio-dss/venv/lib/python3.9/site-packages/airflow/decorators/base.py", line 366, in __call__
    op = self.operator_class(
  File "/Users/rubennunez/Documents/Msc_Data_Sciences/DSS/Project/cardio-dss/venv/lib/python3.9/site-packages/airflow/models/baseoperator.py", line 437, in apply_defaults
    result = func(self, **kwargs, default_args=default_args)
  File "/Users/rubennunez/Documents/Msc_Data_Sciences/DSS/Project/cardio-dss/venv/lib/python3.9/site-packages/airflow/models/baseoperator.py", line 437, in apply_defaults
    result = func(self, **kwargs, default_args=default_args)
  File "/Users/rubennunez/Documents/Msc_Data_Sciences/DSS/Project/cardio-dss/venv/lib/python3.9/site-packages/airflow/decorators/python.py", line 52, in __init__
    super().__init__(
  File "/Users/rubennunez/Documents/Msc_Data_Sciences/DSS/Project/cardio-dss/venv/lib/python3.9/site-packages/airflow/models/baseoperator.py", line 437, in apply_defaults
    result = func(self, **kwargs, default_args=default_args)
  File "/Users/rubennunez/Documents/Msc_Data_Sciences/DSS/Project/cardio-dss/venv/lib/python3.9/site-packages/airflow/decorators/base.py", line 233, in __init__
    super().__init__(task_id=task_id, **kwargs_to_upstream, **kwargs)
  File "/Users/rubennunez/Documents/Msc_Data_Sciences/DSS/Project/cardio-dss/venv/lib/python3.9/site-packages/airflow/models/baseoperator.py", line 437, in apply_defaults
    result = func(self, **kwargs, default_args=default_args)
  File "/Users/rubennunez/Documents/Msc_Data_Sciences/DSS/Project/cardio-dss/venv/lib/python3.9/site-packages/airflow/models/baseoperator.py", line 437, in apply_defaults
    result = func(self, **kwargs, default_args=default_args)
  File "/Users/rubennunez/Documents/Msc_Data_Sciences/DSS/Project/cardio-dss/venv/lib/python3.9/site-packages/airflow/operators/python.py", line 584, in __init__
    raise AirflowException("PythonVirtualenvOperator requires virtualenv, please install it.")
airflow.exceptions.AirflowException: PythonVirtualenvOperator requires virtualenv, please install it.
[2026-01-16T00:14:17.478+0100] {processor.py:842} WARNING - No viable dags retrieved from /Users/rubennunez/Documents/Msc_Data_Sciences/DSS/Project/cardio-dss/venv/lib/python3.9/site-packages/airflow/example_dags/example_branch_operator_decorator.py
[2026-01-16T00:14:17.551+0100] {processor.py:183} INFO - Processing /Users/rubennunez/Documents/Msc_Data_Sciences/DSS/Project/cardio-dss/venv/lib/python3.9/site-packages/airflow/example_dags/example_branch_operator_decorator.py took 0.151 seconds
