[2026-01-16T00:12:56.502+0100] {processor.py:161} INFO - Started process (PID=55799) to work on /Users/rubennunez/Documents/Msc_Data_Sciences/DSS/Project/cardio-dss/venv/lib/python3.9/site-packages/airflow/example_dags/example_subdag_operator.py
[2026-01-16T00:12:56.509+0100] {processor.py:830} INFO - Processing file /Users/rubennunez/Documents/Msc_Data_Sciences/DSS/Project/cardio-dss/venv/lib/python3.9/site-packages/airflow/example_dags/example_subdag_operator.py for tasks to queue
[2026-01-16T00:12:56.510+0100] {logging_mixin.py:188} INFO - [2026-01-16T00:12:56.509+0100] {dagbag.py:538} INFO - Filling up the DagBag from /Users/rubennunez/Documents/Msc_Data_Sciences/DSS/Project/cardio-dss/venv/lib/python3.9/site-packages/airflow/example_dags/example_subdag_operator.py
[2026-01-16T00:12:56.626+0100] {processor.py:840} INFO - DAG(s) 'example_subdag_operator.section-1', 'example_subdag_operator.section-2', 'example_subdag_operator' retrieved from /Users/rubennunez/Documents/Msc_Data_Sciences/DSS/Project/cardio-dss/venv/lib/python3.9/site-packages/airflow/example_dags/example_subdag_operator.py
[2026-01-16T00:12:56.746+0100] {logging_mixin.py:188} INFO - [2026-01-16T00:12:56.746+0100] {dag.py:3036} INFO - Sync 3 DAGs
[2026-01-16T00:12:56.760+0100] {logging_mixin.py:188} INFO - [2026-01-16T00:12:56.760+0100] {dag.py:3823} INFO - Setting next_dagrun for example_subdag_operator to 2022-01-01T00:00:00+00:00, run_after=2022-01-01T00:00:00+00:00
[2026-01-16T00:12:56.762+0100] {logging_mixin.py:188} INFO - [2026-01-16T00:12:56.762+0100] {dag.py:3823} INFO - Setting next_dagrun for example_subdag_operator.section-1 to None, run_after=None
[2026-01-16T00:12:56.763+0100] {logging_mixin.py:188} INFO - [2026-01-16T00:12:56.763+0100] {dag.py:3823} INFO - Setting next_dagrun for example_subdag_operator.section-2 to None, run_after=None
[2026-01-16T00:12:56.769+0100] {logging_mixin.py:188} INFO - [2026-01-16T00:12:56.769+0100] {dag.py:3036} INFO - Sync 2 DAGs
[2026-01-16T00:12:56.772+0100] {logging_mixin.py:188} INFO - [2026-01-16T00:12:56.772+0100] {dag.py:3823} INFO - Setting next_dagrun for example_subdag_operator.section-1 to None, run_after=None
[2026-01-16T00:12:56.773+0100] {logging_mixin.py:188} INFO - [2026-01-16T00:12:56.773+0100] {dag.py:3823} INFO - Setting next_dagrun for example_subdag_operator.section-2 to None, run_after=None
[2026-01-16T00:12:56.788+0100] {processor.py:183} INFO - Processing /Users/rubennunez/Documents/Msc_Data_Sciences/DSS/Project/cardio-dss/venv/lib/python3.9/site-packages/airflow/example_dags/example_subdag_operator.py took 0.288 seconds
[2026-01-16T00:15:21.517+0100] {processor.py:161} INFO - Started process (PID=56618) to work on /Users/rubennunez/Documents/Msc_Data_Sciences/DSS/Project/cardio-dss/venv/lib/python3.9/site-packages/airflow/example_dags/example_subdag_operator.py
[2026-01-16T00:15:21.522+0100] {processor.py:830} INFO - Processing file /Users/rubennunez/Documents/Msc_Data_Sciences/DSS/Project/cardio-dss/venv/lib/python3.9/site-packages/airflow/example_dags/example_subdag_operator.py for tasks to queue
[2026-01-16T00:15:21.522+0100] {logging_mixin.py:188} INFO - [2026-01-16T00:15:21.522+0100] {dagbag.py:538} INFO - Filling up the DagBag from /Users/rubennunez/Documents/Msc_Data_Sciences/DSS/Project/cardio-dss/venv/lib/python3.9/site-packages/airflow/example_dags/example_subdag_operator.py
[2026-01-16T00:15:21.602+0100] {processor.py:840} INFO - DAG(s) 'example_subdag_operator.section-1', 'example_subdag_operator.section-2', 'example_subdag_operator' retrieved from /Users/rubennunez/Documents/Msc_Data_Sciences/DSS/Project/cardio-dss/venv/lib/python3.9/site-packages/airflow/example_dags/example_subdag_operator.py
[2026-01-16T00:15:21.648+0100] {logging_mixin.py:188} INFO - [2026-01-16T00:15:21.648+0100] {dag.py:3036} INFO - Sync 3 DAGs
[2026-01-16T00:15:21.662+0100] {logging_mixin.py:188} INFO - [2026-01-16T00:15:21.662+0100] {dag.py:3823} INFO - Setting next_dagrun for example_subdag_operator to 2022-01-01T00:00:00+00:00, run_after=2022-01-01T00:00:00+00:00
[2026-01-16T00:15:21.665+0100] {logging_mixin.py:188} INFO - [2026-01-16T00:15:21.664+0100] {dag.py:3823} INFO - Setting next_dagrun for example_subdag_operator.section-1 to None, run_after=None
[2026-01-16T00:15:21.665+0100] {logging_mixin.py:188} INFO - [2026-01-16T00:15:21.665+0100] {dag.py:3823} INFO - Setting next_dagrun for example_subdag_operator.section-2 to None, run_after=None
[2026-01-16T00:15:21.670+0100] {logging_mixin.py:188} INFO - [2026-01-16T00:15:21.670+0100] {dag.py:3036} INFO - Sync 2 DAGs
[2026-01-16T00:15:21.674+0100] {logging_mixin.py:188} INFO - [2026-01-16T00:15:21.674+0100] {dag.py:3823} INFO - Setting next_dagrun for example_subdag_operator.section-1 to None, run_after=None
[2026-01-16T00:15:21.674+0100] {logging_mixin.py:188} INFO - [2026-01-16T00:15:21.674+0100] {dag.py:3823} INFO - Setting next_dagrun for example_subdag_operator.section-2 to None, run_after=None
[2026-01-16T00:15:21.693+0100] {processor.py:183} INFO - Processing /Users/rubennunez/Documents/Msc_Data_Sciences/DSS/Project/cardio-dss/venv/lib/python3.9/site-packages/airflow/example_dags/example_subdag_operator.py took 0.176 seconds
