[2026-01-16T00:14:20.111+0100] {processor.py:161} INFO - Started process (PID=56016) to work on /Users/rubennunez/Documents/Msc_Data_Sciences/DSS/Project/cardio-dss/venv/lib/python3.9/site-packages/airflow/example_dags/example_branch_operator.py
[2026-01-16T00:14:20.115+0100] {processor.py:830} INFO - Processing file /Users/rubennunez/Documents/Msc_Data_Sciences/DSS/Project/cardio-dss/venv/lib/python3.9/site-packages/airflow/example_dags/example_branch_operator.py for tasks to queue
[2026-01-16T00:14:20.116+0100] {logging_mixin.py:188} INFO - [2026-01-16T00:14:20.116+0100] {dagbag.py:538} INFO - Filling up the DagBag from /Users/rubennunez/Documents/Msc_Data_Sciences/DSS/Project/cardio-dss/venv/lib/python3.9/site-packages/airflow/example_dags/example_branch_operator.py
[2026-01-16T00:14:20.176+0100] {logging_mixin.py:188} INFO - [2026-01-16T00:14:20.147+0100] {dagbag.py:348} ERROR - Failed to import: /Users/rubennunez/Documents/Msc_Data_Sciences/DSS/Project/cardio-dss/venv/lib/python3.9/site-packages/airflow/example_dags/example_branch_operator.py
Traceback (most recent call last):
  File "/Users/rubennunez/Documents/Msc_Data_Sciences/DSS/Project/cardio-dss/venv/lib/python3.9/site-packages/airflow/models/dagbag.py", line 344, in parse
    loader.exec_module(new_module)
  File "<frozen importlib._bootstrap_external>", line 850, in exec_module
  File "<frozen importlib._bootstrap>", line 228, in _call_with_frames_removed
  File "/Users/rubennunez/Documents/Msc_Data_Sciences/DSS/Project/cardio-dss/venv/lib/python3.9/site-packages/airflow/example_dags/example_branch_operator.py", line 138, in <module>
    branching_venv = BranchPythonVirtualenvOperator(
  File "/Users/rubennunez/Documents/Msc_Data_Sciences/DSS/Project/cardio-dss/venv/lib/python3.9/site-packages/airflow/models/baseoperator.py", line 437, in apply_defaults
    result = func(self, **kwargs, default_args=default_args)
  File "/Users/rubennunez/Documents/Msc_Data_Sciences/DSS/Project/cardio-dss/venv/lib/python3.9/site-packages/airflow/models/baseoperator.py", line 437, in apply_defaults
    result = func(self, **kwargs, default_args=default_args)
  File "/Users/rubennunez/Documents/Msc_Data_Sciences/DSS/Project/cardio-dss/venv/lib/python3.9/site-packages/airflow/operators/python.py", line 584, in __init__
    raise AirflowException("PythonVirtualenvOperator requires virtualenv, please install it.")
airflow.exceptions.AirflowException: PythonVirtualenvOperator requires virtualenv, please install it.
[2026-01-16T00:14:20.176+0100] {processor.py:842} WARNING - No viable dags retrieved from /Users/rubennunez/Documents/Msc_Data_Sciences/DSS/Project/cardio-dss/venv/lib/python3.9/site-packages/airflow/example_dags/example_branch_operator.py
[2026-01-16T00:14:20.263+0100] {processor.py:183} INFO - Processing /Users/rubennunez/Documents/Msc_Data_Sciences/DSS/Project/cardio-dss/venv/lib/python3.9/site-packages/airflow/example_dags/example_branch_operator.py took 0.153 seconds
